[LeeDoYuJae].
[LeeDoYuJae]versionsort64.c	file number 3157519
[LeeDoYuJae].	file number 3157484
[LeeDoYuJae]scandir.c	file number 3157506
[LeeDoYuJae]alphasort.c	file number 3157487
[LeeDoYuJae]readdir.c	file number 3157499
[LeeDoYuJae]scandir-tail.c	file number 3156965
[LeeDoYuJae]bug-readdir1.c	file number 3157489
[LeeDoYuJae]tst-seekdir.c	file number 3157517
[LeeDoYuJae]versionsort.c	file number 3157518
[LeeDoYuJae]rewinddir.c	file number 3157503
[LeeDoYuJae]readdir64.c	file number 3157500
[LeeDoYuJae]tst-scandir64.c	file number 3157516
[LeeDoYuJae]tst-fdopendir.c	file number 3157513
[LeeDoYuJae]seekdir.c	file number 3157511
[LeeDoYuJae]..	file number 2640019
[LeeDoYuJae]fdopendir.c	file number 3157493
[LeeDoYuJae]scandir64.c	file number 3157508
[LeeDoYuJae]alphasort64.c	file number 3157488
[LeeDoYuJae]getdents.c	file number 3157494
[LeeDoYuJae]closedir.c	file number 3157490
[LeeDoYuJae]scandir64-tail.c	file number 3157507
[LeeDoYuJae]opendir-tst1.c	file number 3157497
[LeeDoYuJae]Makefile	file number 3157485
[LeeDoYuJae]scandirat.c	file number 3157509
[LeeDoYuJae]dirent.h	file number 3157491
[LeeDoYuJae]readdir64_r.c	file number 3157501
[LeeDoYuJae]tst-scandir.c	file number 3157515
[LeeDoYuJae]dirfd.c	file number 3156964
[LeeDoYuJae]getdents64.c	file number 3157495
[LeeDoYuJae]scandirat64.c	file number 3157510
[LeeDoYuJae]readdir_r.c	file number 3157502
[LeeDoYuJae]list.c	file number 3157496
[LeeDoYuJae]Versions	file number 3157486
[LeeDoYuJae]scandir-cancel.c	file number 3157504
[LeeDoYuJae]opendir.c	file number 3157498
[LeeDoYuJae]tst-fdopendir2.c	file number 3157514
[LeeDoYuJae]telldir.c	file number 3157512
