[LeeDoYuJae]versionsort64.c
[LeeDoYuJae].
[LeeDoYuJae]scandir.c
[LeeDoYuJae]alphasort.c
[LeeDoYuJae]readdir.c
[LeeDoYuJae]scandir-tail.c
[LeeDoYuJae]bug-readdir1.c
[LeeDoYuJae]tst-seekdir.c
[LeeDoYuJae]versionsort.c
[LeeDoYuJae]rewinddir.c
[LeeDoYuJae]readdir64.c
[LeeDoYuJae]tst-scandir64.c
[LeeDoYuJae]tst-fdopendir.c
[LeeDoYuJae]seekdir.c
[LeeDoYuJae]..
[LeeDoYuJae]fdopendir.c
[LeeDoYuJae]scandir64.c
[LeeDoYuJae]alphasort64.c
[LeeDoYuJae]getdents.c
[LeeDoYuJae]closedir.c
[LeeDoYuJae]scandir64-tail.c
[LeeDoYuJae]opendir-tst1.c
[LeeDoYuJae]Makefile
[LeeDoYuJae]scandirat.c
[LeeDoYuJae]dirent.h
[LeeDoYuJae]readdir64_r.c
[LeeDoYuJae]tst-scandir.c
[LeeDoYuJae]dirfd.c
[LeeDoYuJae]getdents64.c
[LeeDoYuJae]scandirat64.c
[LeeDoYuJae]readdir_r.c
[LeeDoYuJae]list.c
[LeeDoYuJae]Versions
[LeeDoYuJae]scandir-cancel.c
[LeeDoYuJae]opendir.c
[LeeDoYuJae]tst-fdopendir2.c
[LeeDoYuJae]telldir.c
[LeeDoYuJae]going back past 4-th entry...
[LeeDoYuJae]readdir.c
[LeeDoYuJae]scandir-tail.c
[LeeDoYuJae]bug-readdir1.c
[LeeDoYuJae]tst-seekdir.c
[LeeDoYuJae]versionsort.c
[LeeDoYuJae]rewinddir.c
[LeeDoYuJae]readdir64.c
[LeeDoYuJae]tst-scandir64.c
[LeeDoYuJae]tst-fdopendir.c
[LeeDoYuJae]seekdir.c
[LeeDoYuJae]..
[LeeDoYuJae]fdopendir.c
[LeeDoYuJae]scandir64.c
[LeeDoYuJae]alphasort64.c
[LeeDoYuJae]getdents.c
[LeeDoYuJae]closedir.c
[LeeDoYuJae]scandir64-tail.c
[LeeDoYuJae]opendir-tst1.c
[LeeDoYuJae]Makefile
[LeeDoYuJae]scandirat.c
[LeeDoYuJae]dirent.h
[LeeDoYuJae]readdir64_r.c
[LeeDoYuJae]tst-scandir.c
[LeeDoYuJae]dirfd.c
[LeeDoYuJae]getdents64.c
[LeeDoYuJae]scandirat64.c
[LeeDoYuJae]readdir_r.c
[LeeDoYuJae]list.c
[LeeDoYuJae]Versions
[LeeDoYuJae]scandir-cancel.c
[LeeDoYuJae]opendir.c
[LeeDoYuJae]tst-fdopendir2.c
[LeeDoYuJae]telldir.c
