[LeeDoYuJae]n = 1, count = 2, wch = 000002D8
[LeeDoYuJae]n = 3, wch = 000002D8
[LeeDoYuJae]OK

[LeeDoYuJae]n = 1, count = 1, wch = 000050D6
[LeeDoYuJae]n = 2, wch = 000050D6
[LeeDoYuJae]OK

[LeeDoYuJae]n = 1, count = 1, wch = 0000FF65
[LeeDoYuJae]n = 2, wch = 0000FF65
[LeeDoYuJae]OK

[LeeDoYuJae]n = 1, count = 3, wch = 00004E42
[LeeDoYuJae]n = 4, wch = 00004E42
[LeeDoYuJae]OK

[LeeDoYuJae]n = 1, count = 1, wch = 00003000
[LeeDoYuJae]n = 2, wch = 00003000
[LeeDoYuJae]OK

[LeeDoYuJae]n = 1, count = 2, wch = 00003000
[LeeDoYuJae]n = 3, wch = 00003000
[LeeDoYuJae]OK

[LeeDoYuJae]n = 1, count = 1, wch = 000000E4
[LeeDoYuJae]n = 2, wch = 000000E4
[LeeDoYuJae]OK

