[LeeDoYuJae]PASS: C: wcstof (L"NAN(A)")
[LeeDoYuJae]PASS: C: wcstod (L"NAN(A)")
[LeeDoYuJae]PASS: C: wcstold (L"NAN(A)")
[LeeDoYuJae]PASS: C: wcstof128 (L"NAN(A)")
[LeeDoYuJae]PASS: C: wcstof (L"NAN(a)")
[LeeDoYuJae]PASS: C: wcstod (L"NAN(a)")
[LeeDoYuJae]PASS: C: wcstold (L"NAN(a)")
[LeeDoYuJae]PASS: C: wcstof128 (L"NAN(a)")
[LeeDoYuJae]PASS: C: wcstof (L"NAN(B)")
[LeeDoYuJae]PASS: C: wcstod (L"NAN(B)")
[LeeDoYuJae]PASS: C: wcstold (L"NAN(B)")
[LeeDoYuJae]PASS: C: wcstof128 (L"NAN(B)")
[LeeDoYuJae]PASS: C: wcstof (L"NAN(b)")
[LeeDoYuJae]PASS: C: wcstod (L"NAN(b)")
[LeeDoYuJae]PASS: C: wcstold (L"NAN(b)")
[LeeDoYuJae]PASS: C: wcstof128 (L"NAN(b)")
[LeeDoYuJae]PASS: C: wcstof (L"NAN(C)")
[LeeDoYuJae]PASS: C: wcstod (L"NAN(C)")
[LeeDoYuJae]PASS: C: wcstold (L"NAN(C)")
[LeeDoYuJae]PASS: C: wcstof128 (L"NAN(C)")
[LeeDoYuJae]PASS: C: wcstof (L"NAN(c)")
[LeeDoYuJae]PASS: C: wcstod (L"NAN(c)")
[LeeDoYuJae]PASS: C: wcstold (L"NAN(c)")
[LeeDoYuJae]PASS: C: wcstof128 (L"NAN(c)")
[LeeDoYuJae]PASS: C: wcstof (L"NAN(D)")
[LeeDoYuJae]PASS: C: wcstod (L"NAN(D)")
[LeeDoYuJae]PASS: C: wcstold (L"NAN(D)")
[LeeDoYuJae]PASS: C: wcstof128 (L"NAN(D)")
[LeeDoYuJae]PASS: C: wcstof (L"NAN(d)")
[LeeDoYuJae]PASS: C: wcstod (L"NAN(d)")
[LeeDoYuJae]PASS: C: wcstold (L"NAN(d)")
[LeeDoYuJae]PASS: C: wcstof128 (L"NAN(d)")
[LeeDoYuJae]PASS: C: wcstof (L"NAN(E)")
[LeeDoYuJae]PASS: C: wcstod (L"NAN(E)")
[LeeDoYuJae]PASS: C: wcstold (L"NAN(E)")
[LeeDoYuJae]PASS: C: wcstof128 (L"NAN(E)")
[LeeDoYuJae]PASS: C: wcstof (L"NAN(e)")
[LeeDoYuJae]PASS: C: wcstod (L"NAN(e)")
[LeeDoYuJae]PASS: C: wcstold (L"NAN(e)")
[LeeDoYuJae]PASS: C: wcstof128 (L"NAN(e)")
[LeeDoYuJae]PASS: C: wcstof (L"NAN(F)")
[LeeDoYuJae]PASS: C: wcstod (L"NAN(F)")
[LeeDoYuJae]PASS: C: wcstold (L"NAN(F)")
[LeeDoYuJae]PASS: C: wcstof128 (L"NAN(F)")
[LeeDoYuJae]PASS: C: wcstof (L"NAN(f)")
[LeeDoYuJae]PASS: C: wcstod (L"NAN(f)")
[LeeDoYuJae]PASS: C: wcstold (L"NAN(f)")
[LeeDoYuJae]PASS: C: wcstof128 (L"NAN(f)")
[LeeDoYuJae]PASS: C: wcstof (L"NAN(G)")
[LeeDoYuJae]PASS: C: wcstod (L"NAN(G)")
[LeeDoYuJae]PASS: C: wcstold (L"NAN(G)")
[LeeDoYuJae]PASS: C: wcstof128 (L"NAN(G)")
[LeeDoYuJae]PASS: C: wcstof (L"NAN(g)")
[LeeDoYuJae]PASS: C: wcstod (L"NAN(g)")
[LeeDoYuJae]PASS: C: wcstold (L"NAN(g)")
[LeeDoYuJae]PASS: C: wcstof128 (L"NAN(g)")
[LeeDoYuJae]PASS: C: wcstof (L"NAN(H)")
[LeeDoYuJae]PASS: C: wcstod (L"NAN(H)")
[LeeDoYuJae]PASS: C: wcstold (L"NAN(H)")
[LeeDoYuJae]PASS: C: wcstof128 (L"NAN(H)")
[LeeDoYuJae]PASS: C: wcstof (L"NAN(h)")
[LeeDoYuJae]PASS: C: wcstod (L"NAN(h)")
[LeeDoYuJae]PASS: C: wcstold (L"NAN(h)")
[LeeDoYuJae]PASS: C: wcstof128 (L"NAN(h)")
[LeeDoYuJae]PASS: C: wcstof (L"NAN(I)")
[LeeDoYuJae]PASS: C: wcstod (L"NAN(I)")
[LeeDoYuJae]PASS: C: wcstold (L"NAN(I)")
[LeeDoYuJae]PASS: C: wcstof128 (L"NAN(I)")
[LeeDoYuJae]PASS: C: wcstof (L"NAN(i)")
[LeeDoYuJae]PASS: C: wcstod (L"NAN(i)")
[LeeDoYuJae]PASS: C: wcstold (L"NAN(i)")
[LeeDoYuJae]PASS: C: wcstof128 (L"NAN(i)")
[LeeDoYuJae]PASS: C: wcstof (L"NAN(J)")
[LeeDoYuJae]PASS: C: wcstod (L"NAN(J)")
[LeeDoYuJae]PASS: C: wcstold (L"NAN(J)")
[LeeDoYuJae]PASS: C: wcstof128 (L"NAN(J)")
[LeeDoYuJae]PASS: C: wcstof (L"NAN(j)")
[LeeDoYuJae]PASS: C: wcstod (L"NAN(j)")
[LeeDoYuJae]PASS: C: wcstold (L"NAN(j)")
[LeeDoYuJae]PASS: C: wcstof128 (L"NAN(j)")
[LeeDoYuJae]PASS: C: wcstof (L"NAN(K)")
[LeeDoYuJae]PASS: C: wcstod (L"NAN(K)")
[LeeDoYuJae]PASS: C: wcstold (L"NAN(K)")
[LeeDoYuJae]PASS: C: wcstof128 (L"NAN(K)")
[LeeDoYuJae]PASS: C: wcstof (L"NAN(k)")
[LeeDoYuJae]PASS: C: wcstod (L"NAN(k)")
[LeeDoYuJae]PASS: C: wcstold (L"NAN(k)")
[LeeDoYuJae]PASS: C: wcstof128 (L"NAN(k)")
[LeeDoYuJae]PASS: C: wcstof (L"NAN(L)")
[LeeDoYuJae]PASS: C: wcstod (L"NAN(L)")
[LeeDoYuJae]PASS: C: wcstold (L"NAN(L)")
[LeeDoYuJae]PASS: C: wcstof128 (L"NAN(L)")
[LeeDoYuJae]PASS: C: wcstof (L"NAN(l)")
[LeeDoYuJae]PASS: C: wcstod (L"NAN(l)")
[LeeDoYuJae]PASS: C: wcstold (L"NAN(l)")
[LeeDoYuJae]PASS: C: wcstof128 (L"NAN(l)")
[LeeDoYuJae]PASS: C: wcstof (L"NAN(M)")
[LeeDoYuJae]PASS: C: wcstod (L"NAN(M)")
[LeeDoYuJae]PASS: C: wcstold (L"NAN(M)")
[LeeDoYuJae]PASS: C: wcstof128 (L"NAN(M)")
[LeeDoYuJae]PASS: C: wcstof (L"NAN(m)")
[LeeDoYuJae]PASS: C: wcstod (L"NAN(m)")
[LeeDoYuJae]PASS: C: wcstold (L"NAN(m)")
[LeeDoYuJae]PASS: C: wcstof128 (L"NAN(m)")
[LeeDoYuJae]PASS: C: wcstof (L"NAN(N)")
[LeeDoYuJae]PASS: C: wcstod (L"NAN(N)")
[LeeDoYuJae]PASS: C: wcstold (L"NAN(N)")
[LeeDoYuJae]PASS: C: wcstof128 (L"NAN(N)")
[LeeDoYuJae]PASS: C: wcstof (L"NAN(n)")
[LeeDoYuJae]PASS: C: wcstod (L"NAN(n)")
[LeeDoYuJae]PASS: C: wcstold (L"NAN(n)")
[LeeDoYuJae]PASS: C: wcstof128 (L"NAN(n)")
[LeeDoYuJae]PASS: C: wcstof (L"NAN(O)")
[LeeDoYuJae]PASS: C: wcstod (L"NAN(O)")
[LeeDoYuJae]PASS: C: wcstold (L"NAN(O)")
[LeeDoYuJae]PASS: C: wcstof128 (L"NAN(O)")
[LeeDoYuJae]PASS: C: wcstof (L"NAN(o)")
[LeeDoYuJae]PASS: C: wcstod (L"NAN(o)")
[LeeDoYuJae]PASS: C: wcstold (L"NAN(o)")
[LeeDoYuJae]PASS: C: wcstof128 (L"NAN(o)")
[LeeDoYuJae]PASS: C: wcstof (L"NAN(P)")
[LeeDoYuJae]PASS: C: wcstod (L"NAN(P)")
[LeeDoYuJae]PASS: C: wcstold (L"NAN(P)")
[LeeDoYuJae]PASS: C: wcstof128 (L"NAN(P)")
[LeeDoYuJae]PASS: C: wcstof (L"NAN(p)")
[LeeDoYuJae]PASS: C: wcstod (L"NAN(p)")
[LeeDoYuJae]PASS: C: wcstold (L"NAN(p)")
[LeeDoYuJae]PASS: C: wcstof128 (L"NAN(p)")
[LeeDoYuJae]PASS: C: wcstof (L"NAN(Q)")
[LeeDoYuJae]PASS: C: wcstod (L"NAN(Q)")
[LeeDoYuJae]PASS: C: wcstold (L"NAN(Q)")
[LeeDoYuJae]PASS: C: wcstof128 (L"NAN(Q)")
[LeeDoYuJae]PASS: C: wcstof (L"NAN(q)")
[LeeDoYuJae]PASS: C: wcstod (L"NAN(q)")
[LeeDoYuJae]PASS: C: wcstold (L"NAN(q)")
[LeeDoYuJae]PASS: C: wcstof128 (L"NAN(q)")
[LeeDoYuJae]PASS: C: wcstof (L"NAN(R)")
[LeeDoYuJae]PASS: C: wcstod (L"NAN(R)")
[LeeDoYuJae]PASS: C: wcstold (L"NAN(R)")
[LeeDoYuJae]PASS: C: wcstof128 (L"NAN(R)")
[LeeDoYuJae]PASS: C: wcstof (L"NAN(r)")
[LeeDoYuJae]PASS: C: wcstod (L"NAN(r)")
[LeeDoYuJae]PASS: C: wcstold (L"NAN(r)")
[LeeDoYuJae]PASS: C: wcstof128 (L"NAN(r)")
[LeeDoYuJae]PASS: C: wcstof (L"NAN(S)")
[LeeDoYuJae]PASS: C: wcstod (L"NAN(S)")
[LeeDoYuJae]PASS: C: wcstold (L"NAN(S)")
[LeeDoYuJae]PASS: C: wcstof128 (L"NAN(S)")
[LeeDoYuJae]PASS: C: wcstof (L"NAN(s)")
[LeeDoYuJae]PASS: C: wcstod (L"NAN(s)")
[LeeDoYuJae]PASS: C: wcstold (L"NAN(s)")
[LeeDoYuJae]PASS: C: wcstof128 (L"NAN(s)")
[LeeDoYuJae]PASS: C: wcstof (L"NAN(T)")
[LeeDoYuJae]PASS: C: wcstod (L"NAN(T)")
[LeeDoYuJae]PASS: C: wcstold (L"NAN(T)")
[LeeDoYuJae]PASS: C: wcstof128 (L"NAN(T)")
[LeeDoYuJae]PASS: C: wcstof (L"NAN(t)")
[LeeDoYuJae]PASS: C: wcstod (L"NAN(t)")
[LeeDoYuJae]PASS: C: wcstold (L"NAN(t)")
[LeeDoYuJae]PASS: C: wcstof128 (L"NAN(t)")
[LeeDoYuJae]PASS: C: wcstof (L"NAN(U)")
[LeeDoYuJae]PASS: C: wcstod (L"NAN(U)")
[LeeDoYuJae]PASS: C: wcstold (L"NAN(U)")
[LeeDoYuJae]PASS: C: wcstof128 (L"NAN(U)")
[LeeDoYuJae]PASS: C: wcstof (L"NAN(u)")
[LeeDoYuJae]PASS: C: wcstod (L"NAN(u)")
[LeeDoYuJae]PASS: C: wcstold (L"NAN(u)")
[LeeDoYuJae]PASS: C: wcstof128 (L"NAN(u)")
[LeeDoYuJae]PASS: C: wcstof (L"NAN(V)")
[LeeDoYuJae]PASS: C: wcstod (L"NAN(V)")
[LeeDoYuJae]PASS: C: wcstold (L"NAN(V)")
[LeeDoYuJae]PASS: C: wcstof128 (L"NAN(V)")
[LeeDoYuJae]PASS: C: wcstof (L"NAN(v)")
[LeeDoYuJae]PASS: C: wcstod (L"NAN(v)")
[LeeDoYuJae]PASS: C: wcstold (L"NAN(v)")
[LeeDoYuJae]PASS: C: wcstof128 (L"NAN(v)")
[LeeDoYuJae]PASS: C: wcstof (L"NAN(W)")
[LeeDoYuJae]PASS: C: wcstod (L"NAN(W)")
[LeeDoYuJae]PASS: C: wcstold (L"NAN(W)")
[LeeDoYuJae]PASS: C: wcstof128 (L"NAN(W)")
[LeeDoYuJae]PASS: C: wcstof (L"NAN(w)")
[LeeDoYuJae]PASS: C: wcstod (L"NAN(w)")
[LeeDoYuJae]PASS: C: wcstold (L"NAN(w)")
[LeeDoYuJae]PASS: C: wcstof128 (L"NAN(w)")
[LeeDoYuJae]PASS: C: wcstof (L"NAN(X)")
[LeeDoYuJae]PASS: C: wcstod (L"NAN(X)")
[LeeDoYuJae]PASS: C: wcstold (L"NAN(X)")
[LeeDoYuJae]PASS: C: wcstof128 (L"NAN(X)")
[LeeDoYuJae]PASS: C: wcstof (L"NAN(x)")
[LeeDoYuJae]PASS: C: wcstod (L"NAN(x)")
[LeeDoYuJae]PASS: C: wcstold (L"NAN(x)")
[LeeDoYuJae]PASS: C: wcstof128 (L"NAN(x)")
[LeeDoYuJae]PASS: C: wcstof (L"NAN(Y)")
[LeeDoYuJae]PASS: C: wcstod (L"NAN(Y)")
[LeeDoYuJae]PASS: C: wcstold (L"NAN(Y)")
[LeeDoYuJae]PASS: C: wcstof128 (L"NAN(Y)")
[LeeDoYuJae]PASS: C: wcstof (L"NAN(y)")
[LeeDoYuJae]PASS: C: wcstod (L"NAN(y)")
[LeeDoYuJae]PASS: C: wcstold (L"NAN(y)")
[LeeDoYuJae]PASS: C: wcstof128 (L"NAN(y)")
[LeeDoYuJae]PASS: C: wcstof (L"NAN(Z)")
[LeeDoYuJae]PASS: C: wcstod (L"NAN(Z)")
[LeeDoYuJae]PASS: C: wcstold (L"NAN(Z)")
[LeeDoYuJae]PASS: C: wcstof128 (L"NAN(Z)")
[LeeDoYuJae]PASS: C: wcstof (L"NAN(z)")
[LeeDoYuJae]PASS: C: wcstod (L"NAN(z)")
[LeeDoYuJae]PASS: C: wcstold (L"NAN(z)")
[LeeDoYuJae]PASS: C: wcstof128 (L"NAN(z)")
[LeeDoYuJae]PASS: tr_TR.UTF-8: wcstof (L"NAN(A)")
[LeeDoYuJae]PASS: tr_TR.UTF-8: wcstod (L"NAN(A)")
[LeeDoYuJae]PASS: tr_TR.UTF-8: wcstold (L"NAN(A)")
[LeeDoYuJae]PASS: tr_TR.UTF-8: wcstof128 (L"NAN(A)")
[LeeDoYuJae]PASS: tr_TR.UTF-8: wcstof (L"NAN(a)")
[LeeDoYuJae]PASS: tr_TR.UTF-8: wcstod (L"NAN(a)")
[LeeDoYuJae]PASS: tr_TR.UTF-8: wcstold (L"NAN(a)")
[LeeDoYuJae]PASS: tr_TR.UTF-8: wcstof128 (L"NAN(a)")
[LeeDoYuJae]PASS: tr_TR.UTF-8: wcstof (L"NAN(B)")
[LeeDoYuJae]PASS: tr_TR.UTF-8: wcstod (L"NAN(B)")
[LeeDoYuJae]PASS: tr_TR.UTF-8: wcstold (L"NAN(B)")
[LeeDoYuJae]PASS: tr_TR.UTF-8: wcstof128 (L"NAN(B)")
[LeeDoYuJae]PASS: tr_TR.UTF-8: wcstof (L"NAN(b)")
[LeeDoYuJae]PASS: tr_TR.UTF-8: wcstod (L"NAN(b)")
[LeeDoYuJae]PASS: tr_TR.UTF-8: wcstold (L"NAN(b)")
[LeeDoYuJae]PASS: tr_TR.UTF-8: wcstof128 (L"NAN(b)")
[LeeDoYuJae]PASS: tr_TR.UTF-8: wcstof (L"NAN(C)")
[LeeDoYuJae]PASS: tr_TR.UTF-8: wcstod (L"NAN(C)")
[LeeDoYuJae]PASS: tr_TR.UTF-8: wcstold (L"NAN(C)")
[LeeDoYuJae]PASS: tr_TR.UTF-8: wcstof128 (L"NAN(C)")
[LeeDoYuJae]PASS: tr_TR.UTF-8: wcstof (L"NAN(c)")
[LeeDoYuJae]PASS: tr_TR.UTF-8: wcstod (L"NAN(c)")
[LeeDoYuJae]PASS: tr_TR.UTF-8: wcstold (L"NAN(c)")
[LeeDoYuJae]PASS: tr_TR.UTF-8: wcstof128 (L"NAN(c)")
[LeeDoYuJae]PASS: tr_TR.UTF-8: wcstof (L"NAN(D)")
[LeeDoYuJae]PASS: tr_TR.UTF-8: wcstod (L"NAN(D)")
[LeeDoYuJae]PASS: tr_TR.UTF-8: wcstold (L"NAN(D)")
[LeeDoYuJae]PASS: tr_TR.UTF-8: wcstof128 (L"NAN(D)")
[LeeDoYuJae]PASS: tr_TR.UTF-8: wcstof (L"NAN(d)")
[LeeDoYuJae]PASS: tr_TR.UTF-8: wcstod (L"NAN(d)")
[LeeDoYuJae]PASS: tr_TR.UTF-8: wcstold (L"NAN(d)")
[LeeDoYuJae]PASS: tr_TR.UTF-8: wcstof128 (L"NAN(d)")
[LeeDoYuJae]PASS: tr_TR.UTF-8: wcstof (L"NAN(E)")
[LeeDoYuJae]PASS: tr_TR.UTF-8: wcstod (L"NAN(E)")
[LeeDoYuJae]PASS: tr_TR.UTF-8: wcstold (L"NAN(E)")
[LeeDoYuJae]PASS: tr_TR.UTF-8: wcstof128 (L"NAN(E)")
[LeeDoYuJae]PASS: tr_TR.UTF-8: wcstof (L"NAN(e)")
[LeeDoYuJae]PASS: tr_TR.UTF-8: wcstod (L"NAN(e)")
[LeeDoYuJae]PASS: tr_TR.UTF-8: wcstold (L"NAN(e)")
[LeeDoYuJae]PASS: tr_TR.UTF-8: wcstof128 (L"NAN(e)")
[LeeDoYuJae]PASS: tr_TR.UTF-8: wcstof (L"NAN(F)")
[LeeDoYuJae]PASS: tr_TR.UTF-8: wcstod (L"NAN(F)")
[LeeDoYuJae]PASS: tr_TR.UTF-8: wcstold (L"NAN(F)")
[LeeDoYuJae]PASS: tr_TR.UTF-8: wcstof128 (L"NAN(F)")
[LeeDoYuJae]PASS: tr_TR.UTF-8: wcstof (L"NAN(f)")
[LeeDoYuJae]PASS: tr_TR.UTF-8: wcstod (L"NAN(f)")
[LeeDoYuJae]PASS: tr_TR.UTF-8: wcstold (L"NAN(f)")
[LeeDoYuJae]PASS: tr_TR.UTF-8: wcstof128 (L"NAN(f)")
[LeeDoYuJae]PASS: tr_TR.UTF-8: wcstof (L"NAN(G)")
[LeeDoYuJae]PASS: tr_TR.UTF-8: wcstod (L"NAN(G)")
[LeeDoYuJae]PASS: tr_TR.UTF-8: wcstold (L"NAN(G)")
[LeeDoYuJae]PASS: tr_TR.UTF-8: wcstof128 (L"NAN(G)")
[LeeDoYuJae]PASS: tr_TR.UTF-8: wcstof (L"NAN(g)")
[LeeDoYuJae]PASS: tr_TR.UTF-8: wcstod (L"NAN(g)")
[LeeDoYuJae]PASS: tr_TR.UTF-8: wcstold (L"NAN(g)")
[LeeDoYuJae]PASS: tr_TR.UTF-8: wcstof128 (L"NAN(g)")
[LeeDoYuJae]PASS: tr_TR.UTF-8: wcstof (L"NAN(H)")
[LeeDoYuJae]PASS: tr_TR.UTF-8: wcstod (L"NAN(H)")
[LeeDoYuJae]PASS: tr_TR.UTF-8: wcstold (L"NAN(H)")
[LeeDoYuJae]PASS: tr_TR.UTF-8: wcstof128 (L"NAN(H)")
[LeeDoYuJae]PASS: tr_TR.UTF-8: wcstof (L"NAN(h)")
[LeeDoYuJae]PASS: tr_TR.UTF-8: wcstod (L"NAN(h)")
[LeeDoYuJae]PASS: tr_TR.UTF-8: wcstold (L"NAN(h)")
[LeeDoYuJae]PASS: tr_TR.UTF-8: wcstof128 (L"NAN(h)")
[LeeDoYuJae]PASS: tr_TR.UTF-8: wcstof (L"NAN(I)")
[LeeDoYuJae]PASS: tr_TR.UTF-8: wcstod (L"NAN(I)")
[LeeDoYuJae]PASS: tr_TR.UTF-8: wcstold (L"NAN(I)")
[LeeDoYuJae]PASS: tr_TR.UTF-8: wcstof128 (L"NAN(I)")
[LeeDoYuJae]PASS: tr_TR.UTF-8: wcstof (L"NAN(i)")
[LeeDoYuJae]PASS: tr_TR.UTF-8: wcstod (L"NAN(i)")
[LeeDoYuJae]PASS: tr_TR.UTF-8: wcstold (L"NAN(i)")
[LeeDoYuJae]PASS: tr_TR.UTF-8: wcstof128 (L"NAN(i)")
[LeeDoYuJae]PASS: tr_TR.UTF-8: wcstof (L"NAN(J)")
[LeeDoYuJae]PASS: tr_TR.UTF-8: wcstod (L"NAN(J)")
[LeeDoYuJae]PASS: tr_TR.UTF-8: wcstold (L"NAN(J)")
[LeeDoYuJae]PASS: tr_TR.UTF-8: wcstof128 (L"NAN(J)")
[LeeDoYuJae]PASS: tr_TR.UTF-8: wcstof (L"NAN(j)")
[LeeDoYuJae]PASS: tr_TR.UTF-8: wcstod (L"NAN(j)")
[LeeDoYuJae]PASS: tr_TR.UTF-8: wcstold (L"NAN(j)")
[LeeDoYuJae]PASS: tr_TR.UTF-8: wcstof128 (L"NAN(j)")
[LeeDoYuJae]PASS: tr_TR.UTF-8: wcstof (L"NAN(K)")
[LeeDoYuJae]PASS: tr_TR.UTF-8: wcstod (L"NAN(K)")
[LeeDoYuJae]PASS: tr_TR.UTF-8: wcstold (L"NAN(K)")
[LeeDoYuJae]PASS: tr_TR.UTF-8: wcstof128 (L"NAN(K)")
[LeeDoYuJae]PASS: tr_TR.UTF-8: wcstof (L"NAN(k)")
[LeeDoYuJae]PASS: tr_TR.UTF-8: wcstod (L"NAN(k)")
[LeeDoYuJae]PASS: tr_TR.UTF-8: wcstold (L"NAN(k)")
[LeeDoYuJae]PASS: tr_TR.UTF-8: wcstof128 (L"NAN(k)")
[LeeDoYuJae]PASS: tr_TR.UTF-8: wcstof (L"NAN(L)")
[LeeDoYuJae]PASS: tr_TR.UTF-8: wcstod (L"NAN(L)")
[LeeDoYuJae]PASS: tr_TR.UTF-8: wcstold (L"NAN(L)")
[LeeDoYuJae]PASS: tr_TR.UTF-8: wcstof128 (L"NAN(L)")
[LeeDoYuJae]PASS: tr_TR.UTF-8: wcstof (L"NAN(l)")
[LeeDoYuJae]PASS: tr_TR.UTF-8: wcstod (L"NAN(l)")
[LeeDoYuJae]PASS: tr_TR.UTF-8: wcstold (L"NAN(l)")
[LeeDoYuJae]PASS: tr_TR.UTF-8: wcstof128 (L"NAN(l)")
[LeeDoYuJae]PASS: tr_TR.UTF-8: wcstof (L"NAN(M)")
[LeeDoYuJae]PASS: tr_TR.UTF-8: wcstod (L"NAN(M)")
[LeeDoYuJae]PASS: tr_TR.UTF-8: wcstold (L"NAN(M)")
[LeeDoYuJae]PASS: tr_TR.UTF-8: wcstof128 (L"NAN(M)")
[LeeDoYuJae]PASS: tr_TR.UTF-8: wcstof (L"NAN(m)")
[LeeDoYuJae]PASS: tr_TR.UTF-8: wcstod (L"NAN(m)")
[LeeDoYuJae]PASS: tr_TR.UTF-8: wcstold (L"NAN(m)")
[LeeDoYuJae]PASS: tr_TR.UTF-8: wcstof128 (L"NAN(m)")
[LeeDoYuJae]PASS: tr_TR.UTF-8: wcstof (L"NAN(N)")
[LeeDoYuJae]PASS: tr_TR.UTF-8: wcstod (L"NAN(N)")
[LeeDoYuJae]PASS: tr_TR.UTF-8: wcstold (L"NAN(N)")
[LeeDoYuJae]PASS: tr_TR.UTF-8: wcstof128 (L"NAN(N)")
[LeeDoYuJae]PASS: tr_TR.UTF-8: wcstof (L"NAN(n)")
[LeeDoYuJae]PASS: tr_TR.UTF-8: wcstod (L"NAN(n)")
[LeeDoYuJae]PASS: tr_TR.UTF-8: wcstold (L"NAN(n)")
[LeeDoYuJae]PASS: tr_TR.UTF-8: wcstof128 (L"NAN(n)")
[LeeDoYuJae]PASS: tr_TR.UTF-8: wcstof (L"NAN(O)")
[LeeDoYuJae]PASS: tr_TR.UTF-8: wcstod (L"NAN(O)")
[LeeDoYuJae]PASS: tr_TR.UTF-8: wcstold (L"NAN(O)")
[LeeDoYuJae]PASS: tr_TR.UTF-8: wcstof128 (L"NAN(O)")
[LeeDoYuJae]PASS: tr_TR.UTF-8: wcstof (L"NAN(o)")
[LeeDoYuJae]PASS: tr_TR.UTF-8: wcstod (L"NAN(o)")
[LeeDoYuJae]PASS: tr_TR.UTF-8: wcstold (L"NAN(o)")
[LeeDoYuJae]PASS: tr_TR.UTF-8: wcstof128 (L"NAN(o)")
[LeeDoYuJae]PASS: tr_TR.UTF-8: wcstof (L"NAN(P)")
[LeeDoYuJae]PASS: tr_TR.UTF-8: wcstod (L"NAN(P)")
[LeeDoYuJae]PASS: tr_TR.UTF-8: wcstold (L"NAN(P)")
[LeeDoYuJae]PASS: tr_TR.UTF-8: wcstof128 (L"NAN(P)")
[LeeDoYuJae]PASS: tr_TR.UTF-8: wcstof (L"NAN(p)")
[LeeDoYuJae]PASS: tr_TR.UTF-8: wcstod (L"NAN(p)")
[LeeDoYuJae]PASS: tr_TR.UTF-8: wcstold (L"NAN(p)")
[LeeDoYuJae]PASS: tr_TR.UTF-8: wcstof128 (L"NAN(p)")
[LeeDoYuJae]PASS: tr_TR.UTF-8: wcstof (L"NAN(Q)")
[LeeDoYuJae]PASS: tr_TR.UTF-8: wcstod (L"NAN(Q)")
[LeeDoYuJae]PASS: tr_TR.UTF-8: wcstold (L"NAN(Q)")
[LeeDoYuJae]PASS: tr_TR.UTF-8: wcstof128 (L"NAN(Q)")
[LeeDoYuJae]PASS: tr_TR.UTF-8: wcstof (L"NAN(q)")
[LeeDoYuJae]PASS: tr_TR.UTF-8: wcstod (L"NAN(q)")
[LeeDoYuJae]PASS: tr_TR.UTF-8: wcstold (L"NAN(q)")
[LeeDoYuJae]PASS: tr_TR.UTF-8: wcstof128 (L"NAN(q)")
[LeeDoYuJae]PASS: tr_TR.UTF-8: wcstof (L"NAN(R)")
[LeeDoYuJae]PASS: tr_TR.UTF-8: wcstod (L"NAN(R)")
[LeeDoYuJae]PASS: tr_TR.UTF-8: wcstold (L"NAN(R)")
[LeeDoYuJae]PASS: tr_TR.UTF-8: wcstof128 (L"NAN(R)")
[LeeDoYuJae]PASS: tr_TR.UTF-8: wcstof (L"NAN(r)")
[LeeDoYuJae]PASS: tr_TR.UTF-8: wcstod (L"NAN(r)")
[LeeDoYuJae]PASS: tr_TR.UTF-8: wcstold (L"NAN(r)")
[LeeDoYuJae]PASS: tr_TR.UTF-8: wcstof128 (L"NAN(r)")
[LeeDoYuJae]PASS: tr_TR.UTF-8: wcstof (L"NAN(S)")
[LeeDoYuJae]PASS: tr_TR.UTF-8: wcstod (L"NAN(S)")
[LeeDoYuJae]PASS: tr_TR.UTF-8: wcstold (L"NAN(S)")
[LeeDoYuJae]PASS: tr_TR.UTF-8: wcstof128 (L"NAN(S)")
[LeeDoYuJae]PASS: tr_TR.UTF-8: wcstof (L"NAN(s)")
[LeeDoYuJae]PASS: tr_TR.UTF-8: wcstod (L"NAN(s)")
[LeeDoYuJae]PASS: tr_TR.UTF-8: wcstold (L"NAN(s)")
[LeeDoYuJae]PASS: tr_TR.UTF-8: wcstof128 (L"NAN(s)")
[LeeDoYuJae]PASS: tr_TR.UTF-8: wcstof (L"NAN(T)")
[LeeDoYuJae]PASS: tr_TR.UTF-8: wcstod (L"NAN(T)")
[LeeDoYuJae]PASS: tr_TR.UTF-8: wcstold (L"NAN(T)")
[LeeDoYuJae]PASS: tr_TR.UTF-8: wcstof128 (L"NAN(T)")
[LeeDoYuJae]PASS: tr_TR.UTF-8: wcstof (L"NAN(t)")
[LeeDoYuJae]PASS: tr_TR.UTF-8: wcstod (L"NAN(t)")
[LeeDoYuJae]PASS: tr_TR.UTF-8: wcstold (L"NAN(t)")
[LeeDoYuJae]PASS: tr_TR.UTF-8: wcstof128 (L"NAN(t)")
[LeeDoYuJae]PASS: tr_TR.UTF-8: wcstof (L"NAN(U)")
[LeeDoYuJae]PASS: tr_TR.UTF-8: wcstod (L"NAN(U)")
[LeeDoYuJae]PASS: tr_TR.UTF-8: wcstold (L"NAN(U)")
[LeeDoYuJae]PASS: tr_TR.UTF-8: wcstof128 (L"NAN(U)")
[LeeDoYuJae]PASS: tr_TR.UTF-8: wcstof (L"NAN(u)")
[LeeDoYuJae]PASS: tr_TR.UTF-8: wcstod (L"NAN(u)")
[LeeDoYuJae]PASS: tr_TR.UTF-8: wcstold (L"NAN(u)")
[LeeDoYuJae]PASS: tr_TR.UTF-8: wcstof128 (L"NAN(u)")
[LeeDoYuJae]PASS: tr_TR.UTF-8: wcstof (L"NAN(V)")
[LeeDoYuJae]PASS: tr_TR.UTF-8: wcstod (L"NAN(V)")
[LeeDoYuJae]PASS: tr_TR.UTF-8: wcstold (L"NAN(V)")
[LeeDoYuJae]PASS: tr_TR.UTF-8: wcstof128 (L"NAN(V)")
[LeeDoYuJae]PASS: tr_TR.UTF-8: wcstof (L"NAN(v)")
[LeeDoYuJae]PASS: tr_TR.UTF-8: wcstod (L"NAN(v)")
[LeeDoYuJae]PASS: tr_TR.UTF-8: wcstold (L"NAN(v)")
[LeeDoYuJae]PASS: tr_TR.UTF-8: wcstof128 (L"NAN(v)")
[LeeDoYuJae]PASS: tr_TR.UTF-8: wcstof (L"NAN(W)")
[LeeDoYuJae]PASS: tr_TR.UTF-8: wcstod (L"NAN(W)")
[LeeDoYuJae]PASS: tr_TR.UTF-8: wcstold (L"NAN(W)")
[LeeDoYuJae]PASS: tr_TR.UTF-8: wcstof128 (L"NAN(W)")
[LeeDoYuJae]PASS: tr_TR.UTF-8: wcstof (L"NAN(w)")
[LeeDoYuJae]PASS: tr_TR.UTF-8: wcstod (L"NAN(w)")
[LeeDoYuJae]PASS: tr_TR.UTF-8: wcstold (L"NAN(w)")
[LeeDoYuJae]PASS: tr_TR.UTF-8: wcstof128 (L"NAN(w)")
[LeeDoYuJae]PASS: tr_TR.UTF-8: wcstof (L"NAN(X)")
[LeeDoYuJae]PASS: tr_TR.UTF-8: wcstod (L"NAN(X)")
[LeeDoYuJae]PASS: tr_TR.UTF-8: wcstold (L"NAN(X)")
[LeeDoYuJae]PASS: tr_TR.UTF-8: wcstof128 (L"NAN(X)")
[LeeDoYuJae]PASS: tr_TR.UTF-8: wcstof (L"NAN(x)")
[LeeDoYuJae]PASS: tr_TR.UTF-8: wcstod (L"NAN(x)")
[LeeDoYuJae]PASS: tr_TR.UTF-8: wcstold (L"NAN(x)")
[LeeDoYuJae]PASS: tr_TR.UTF-8: wcstof128 (L"NAN(x)")
[LeeDoYuJae]PASS: tr_TR.UTF-8: wcstof (L"NAN(Y)")
[LeeDoYuJae]PASS: tr_TR.UTF-8: wcstod (L"NAN(Y)")
[LeeDoYuJae]PASS: tr_TR.UTF-8: wcstold (L"NAN(Y)")
[LeeDoYuJae]PASS: tr_TR.UTF-8: wcstof128 (L"NAN(Y)")
[LeeDoYuJae]PASS: tr_TR.UTF-8: wcstof (L"NAN(y)")
[LeeDoYuJae]PASS: tr_TR.UTF-8: wcstod (L"NAN(y)")
[LeeDoYuJae]PASS: tr_TR.UTF-8: wcstold (L"NAN(y)")
[LeeDoYuJae]PASS: tr_TR.UTF-8: wcstof128 (L"NAN(y)")
[LeeDoYuJae]PASS: tr_TR.UTF-8: wcstof (L"NAN(Z)")
[LeeDoYuJae]PASS: tr_TR.UTF-8: wcstod (L"NAN(Z)")
[LeeDoYuJae]PASS: tr_TR.UTF-8: wcstold (L"NAN(Z)")
[LeeDoYuJae]PASS: tr_TR.UTF-8: wcstof128 (L"NAN(Z)")
[LeeDoYuJae]PASS: tr_TR.UTF-8: wcstof (L"NAN(z)")
[LeeDoYuJae]PASS: tr_TR.UTF-8: wcstod (L"NAN(z)")
[LeeDoYuJae]PASS: tr_TR.UTF-8: wcstold (L"NAN(z)")
[LeeDoYuJae]PASS: tr_TR.UTF-8: wcstof128 (L"NAN(z)")
[LeeDoYuJae]PASS: tr_TR.ISO-8859-9: wcstof (L"NAN(A)")
[LeeDoYuJae]PASS: tr_TR.ISO-8859-9: wcstod (L"NAN(A)")
[LeeDoYuJae]PASS: tr_TR.ISO-8859-9: wcstold (L"NAN(A)")
[LeeDoYuJae]PASS: tr_TR.ISO-8859-9: wcstof128 (L"NAN(A)")
[LeeDoYuJae]PASS: tr_TR.ISO-8859-9: wcstof (L"NAN(a)")
[LeeDoYuJae]PASS: tr_TR.ISO-8859-9: wcstod (L"NAN(a)")
[LeeDoYuJae]PASS: tr_TR.ISO-8859-9: wcstold (L"NAN(a)")
[LeeDoYuJae]PASS: tr_TR.ISO-8859-9: wcstof128 (L"NAN(a)")
[LeeDoYuJae]PASS: tr_TR.ISO-8859-9: wcstof (L"NAN(B)")
[LeeDoYuJae]PASS: tr_TR.ISO-8859-9: wcstod (L"NAN(B)")
[LeeDoYuJae]PASS: tr_TR.ISO-8859-9: wcstold (L"NAN(B)")
[LeeDoYuJae]PASS: tr_TR.ISO-8859-9: wcstof128 (L"NAN(B)")
[LeeDoYuJae]PASS: tr_TR.ISO-8859-9: wcstof (L"NAN(b)")
[LeeDoYuJae]PASS: tr_TR.ISO-8859-9: wcstod (L"NAN(b)")
[LeeDoYuJae]PASS: tr_TR.ISO-8859-9: wcstold (L"NAN(b)")
[LeeDoYuJae]PASS: tr_TR.ISO-8859-9: wcstof128 (L"NAN(b)")
[LeeDoYuJae]PASS: tr_TR.ISO-8859-9: wcstof (L"NAN(C)")
[LeeDoYuJae]PASS: tr_TR.ISO-8859-9: wcstod (L"NAN(C)")
[LeeDoYuJae]PASS: tr_TR.ISO-8859-9: wcstold (L"NAN(C)")
[LeeDoYuJae]PASS: tr_TR.ISO-8859-9: wcstof128 (L"NAN(C)")
[LeeDoYuJae]PASS: tr_TR.ISO-8859-9: wcstof (L"NAN(c)")
[LeeDoYuJae]PASS: tr_TR.ISO-8859-9: wcstod (L"NAN(c)")
[LeeDoYuJae]PASS: tr_TR.ISO-8859-9: wcstold (L"NAN(c)")
[LeeDoYuJae]PASS: tr_TR.ISO-8859-9: wcstof128 (L"NAN(c)")
[LeeDoYuJae]PASS: tr_TR.ISO-8859-9: wcstof (L"NAN(D)")
[LeeDoYuJae]PASS: tr_TR.ISO-8859-9: wcstod (L"NAN(D)")
[LeeDoYuJae]PASS: tr_TR.ISO-8859-9: wcstold (L"NAN(D)")
[LeeDoYuJae]PASS: tr_TR.ISO-8859-9: wcstof128 (L"NAN(D)")
[LeeDoYuJae]PASS: tr_TR.ISO-8859-9: wcstof (L"NAN(d)")
[LeeDoYuJae]PASS: tr_TR.ISO-8859-9: wcstod (L"NAN(d)")
[LeeDoYuJae]PASS: tr_TR.ISO-8859-9: wcstold (L"NAN(d)")
[LeeDoYuJae]PASS: tr_TR.ISO-8859-9: wcstof128 (L"NAN(d)")
[LeeDoYuJae]PASS: tr_TR.ISO-8859-9: wcstof (L"NAN(E)")
[LeeDoYuJae]PASS: tr_TR.ISO-8859-9: wcstod (L"NAN(E)")
[LeeDoYuJae]PASS: tr_TR.ISO-8859-9: wcstold (L"NAN(E)")
[LeeDoYuJae]PASS: tr_TR.ISO-8859-9: wcstof128 (L"NAN(E)")
[LeeDoYuJae]PASS: tr_TR.ISO-8859-9: wcstof (L"NAN(e)")
[LeeDoYuJae]PASS: tr_TR.ISO-8859-9: wcstod (L"NAN(e)")
[LeeDoYuJae]PASS: tr_TR.ISO-8859-9: wcstold (L"NAN(e)")
[LeeDoYuJae]PASS: tr_TR.ISO-8859-9: wcstof128 (L"NAN(e)")
[LeeDoYuJae]PASS: tr_TR.ISO-8859-9: wcstof (L"NAN(F)")
[LeeDoYuJae]PASS: tr_TR.ISO-8859-9: wcstod (L"NAN(F)")
[LeeDoYuJae]PASS: tr_TR.ISO-8859-9: wcstold (L"NAN(F)")
[LeeDoYuJae]PASS: tr_TR.ISO-8859-9: wcstof128 (L"NAN(F)")
[LeeDoYuJae]PASS: tr_TR.ISO-8859-9: wcstof (L"NAN(f)")
[LeeDoYuJae]PASS: tr_TR.ISO-8859-9: wcstod (L"NAN(f)")
[LeeDoYuJae]PASS: tr_TR.ISO-8859-9: wcstold (L"NAN(f)")
[LeeDoYuJae]PASS: tr_TR.ISO-8859-9: wcstof128 (L"NAN(f)")
[LeeDoYuJae]PASS: tr_TR.ISO-8859-9: wcstof (L"NAN(G)")
[LeeDoYuJae]PASS: tr_TR.ISO-8859-9: wcstod (L"NAN(G)")
[LeeDoYuJae]PASS: tr_TR.ISO-8859-9: wcstold (L"NAN(G)")
[LeeDoYuJae]PASS: tr_TR.ISO-8859-9: wcstof128 (L"NAN(G)")
[LeeDoYuJae]PASS: tr_TR.ISO-8859-9: wcstof (L"NAN(g)")
[LeeDoYuJae]PASS: tr_TR.ISO-8859-9: wcstod (L"NAN(g)")
[LeeDoYuJae]PASS: tr_TR.ISO-8859-9: wcstold (L"NAN(g)")
[LeeDoYuJae]PASS: tr_TR.ISO-8859-9: wcstof128 (L"NAN(g)")
[LeeDoYuJae]PASS: tr_TR.ISO-8859-9: wcstof (L"NAN(H)")
[LeeDoYuJae]PASS: tr_TR.ISO-8859-9: wcstod (L"NAN(H)")
[LeeDoYuJae]PASS: tr_TR.ISO-8859-9: wcstold (L"NAN(H)")
[LeeDoYuJae]PASS: tr_TR.ISO-8859-9: wcstof128 (L"NAN(H)")
[LeeDoYuJae]PASS: tr_TR.ISO-8859-9: wcstof (L"NAN(h)")
[LeeDoYuJae]PASS: tr_TR.ISO-8859-9: wcstod (L"NAN(h)")
[LeeDoYuJae]PASS: tr_TR.ISO-8859-9: wcstold (L"NAN(h)")
[LeeDoYuJae]PASS: tr_TR.ISO-8859-9: wcstof128 (L"NAN(h)")
[LeeDoYuJae]PASS: tr_TR.ISO-8859-9: wcstof (L"NAN(I)")
[LeeDoYuJae]PASS: tr_TR.ISO-8859-9: wcstod (L"NAN(I)")
[LeeDoYuJae]PASS: tr_TR.ISO-8859-9: wcstold (L"NAN(I)")
[LeeDoYuJae]PASS: tr_TR.ISO-8859-9: wcstof128 (L"NAN(I)")
[LeeDoYuJae]PASS: tr_TR.ISO-8859-9: wcstof (L"NAN(i)")
[LeeDoYuJae]PASS: tr_TR.ISO-8859-9: wcstod (L"NAN(i)")
[LeeDoYuJae]PASS: tr_TR.ISO-8859-9: wcstold (L"NAN(i)")
[LeeDoYuJae]PASS: tr_TR.ISO-8859-9: wcstof128 (L"NAN(i)")
[LeeDoYuJae]PASS: tr_TR.ISO-8859-9: wcstof (L"NAN(J)")
[LeeDoYuJae]PASS: tr_TR.ISO-8859-9: wcstod (L"NAN(J)")
[LeeDoYuJae]PASS: tr_TR.ISO-8859-9: wcstold (L"NAN(J)")
[LeeDoYuJae]PASS: tr_TR.ISO-8859-9: wcstof128 (L"NAN(J)")
[LeeDoYuJae]PASS: tr_TR.ISO-8859-9: wcstof (L"NAN(j)")
[LeeDoYuJae]PASS: tr_TR.ISO-8859-9: wcstod (L"NAN(j)")
[LeeDoYuJae]PASS: tr_TR.ISO-8859-9: wcstold (L"NAN(j)")
[LeeDoYuJae]PASS: tr_TR.ISO-8859-9: wcstof128 (L"NAN(j)")
[LeeDoYuJae]PASS: tr_TR.ISO-8859-9: wcstof (L"NAN(K)")
[LeeDoYuJae]PASS: tr_TR.ISO-8859-9: wcstod (L"NAN(K)")
[LeeDoYuJae]PASS: tr_TR.ISO-8859-9: wcstold (L"NAN(K)")
[LeeDoYuJae]PASS: tr_TR.ISO-8859-9: wcstof128 (L"NAN(K)")
[LeeDoYuJae]PASS: tr_TR.ISO-8859-9: wcstof (L"NAN(k)")
[LeeDoYuJae]PASS: tr_TR.ISO-8859-9: wcstod (L"NAN(k)")
[LeeDoYuJae]PASS: tr_TR.ISO-8859-9: wcstold (L"NAN(k)")
[LeeDoYuJae]PASS: tr_TR.ISO-8859-9: wcstof128 (L"NAN(k)")
[LeeDoYuJae]PASS: tr_TR.ISO-8859-9: wcstof (L"NAN(L)")
[LeeDoYuJae]PASS: tr_TR.ISO-8859-9: wcstod (L"NAN(L)")
[LeeDoYuJae]PASS: tr_TR.ISO-8859-9: wcstold (L"NAN(L)")
[LeeDoYuJae]PASS: tr_TR.ISO-8859-9: wcstof128 (L"NAN(L)")
[LeeDoYuJae]PASS: tr_TR.ISO-8859-9: wcstof (L"NAN(l)")
[LeeDoYuJae]PASS: tr_TR.ISO-8859-9: wcstod (L"NAN(l)")
[LeeDoYuJae]PASS: tr_TR.ISO-8859-9: wcstold (L"NAN(l)")
[LeeDoYuJae]PASS: tr_TR.ISO-8859-9: wcstof128 (L"NAN(l)")
[LeeDoYuJae]PASS: tr_TR.ISO-8859-9: wcstof (L"NAN(M)")
[LeeDoYuJae]PASS: tr_TR.ISO-8859-9: wcstod (L"NAN(M)")
[LeeDoYuJae]PASS: tr_TR.ISO-8859-9: wcstold (L"NAN(M)")
[LeeDoYuJae]PASS: tr_TR.ISO-8859-9: wcstof128 (L"NAN(M)")
[LeeDoYuJae]PASS: tr_TR.ISO-8859-9: wcstof (L"NAN(m)")
[LeeDoYuJae]PASS: tr_TR.ISO-8859-9: wcstod (L"NAN(m)")
[LeeDoYuJae]PASS: tr_TR.ISO-8859-9: wcstold (L"NAN(m)")
[LeeDoYuJae]PASS: tr_TR.ISO-8859-9: wcstof128 (L"NAN(m)")
[LeeDoYuJae]PASS: tr_TR.ISO-8859-9: wcstof (L"NAN(N)")
[LeeDoYuJae]PASS: tr_TR.ISO-8859-9: wcstod (L"NAN(N)")
[LeeDoYuJae]PASS: tr_TR.ISO-8859-9: wcstold (L"NAN(N)")
[LeeDoYuJae]PASS: tr_TR.ISO-8859-9: wcstof128 (L"NAN(N)")
[LeeDoYuJae]PASS: tr_TR.ISO-8859-9: wcstof (L"NAN(n)")
[LeeDoYuJae]PASS: tr_TR.ISO-8859-9: wcstod (L"NAN(n)")
[LeeDoYuJae]PASS: tr_TR.ISO-8859-9: wcstold (L"NAN(n)")
[LeeDoYuJae]PASS: tr_TR.ISO-8859-9: wcstof128 (L"NAN(n)")
[LeeDoYuJae]PASS: tr_TR.ISO-8859-9: wcstof (L"NAN(O)")
[LeeDoYuJae]PASS: tr_TR.ISO-8859-9: wcstod (L"NAN(O)")
[LeeDoYuJae]PASS: tr_TR.ISO-8859-9: wcstold (L"NAN(O)")
[LeeDoYuJae]PASS: tr_TR.ISO-8859-9: wcstof128 (L"NAN(O)")
[LeeDoYuJae]PASS: tr_TR.ISO-8859-9: wcstof (L"NAN(o)")
[LeeDoYuJae]PASS: tr_TR.ISO-8859-9: wcstod (L"NAN(o)")
[LeeDoYuJae]PASS: tr_TR.ISO-8859-9: wcstold (L"NAN(o)")
[LeeDoYuJae]PASS: tr_TR.ISO-8859-9: wcstof128 (L"NAN(o)")
[LeeDoYuJae]PASS: tr_TR.ISO-8859-9: wcstof (L"NAN(P)")
[LeeDoYuJae]PASS: tr_TR.ISO-8859-9: wcstod (L"NAN(P)")
[LeeDoYuJae]PASS: tr_TR.ISO-8859-9: wcstold (L"NAN(P)")
[LeeDoYuJae]PASS: tr_TR.ISO-8859-9: wcstof128 (L"NAN(P)")
[LeeDoYuJae]PASS: tr_TR.ISO-8859-9: wcstof (L"NAN(p)")
[LeeDoYuJae]PASS: tr_TR.ISO-8859-9: wcstod (L"NAN(p)")
[LeeDoYuJae]PASS: tr_TR.ISO-8859-9: wcstold (L"NAN(p)")
[LeeDoYuJae]PASS: tr_TR.ISO-8859-9: wcstof128 (L"NAN(p)")
[LeeDoYuJae]PASS: tr_TR.ISO-8859-9: wcstof (L"NAN(Q)")
[LeeDoYuJae]PASS: tr_TR.ISO-8859-9: wcstod (L"NAN(Q)")
[LeeDoYuJae]PASS: tr_TR.ISO-8859-9: wcstold (L"NAN(Q)")
[LeeDoYuJae]PASS: tr_TR.ISO-8859-9: wcstof128 (L"NAN(Q)")
[LeeDoYuJae]PASS: tr_TR.ISO-8859-9: wcstof (L"NAN(q)")
[LeeDoYuJae]PASS: tr_TR.ISO-8859-9: wcstod (L"NAN(q)")
[LeeDoYuJae]PASS: tr_TR.ISO-8859-9: wcstold (L"NAN(q)")
[LeeDoYuJae]PASS: tr_TR.ISO-8859-9: wcstof128 (L"NAN(q)")
[LeeDoYuJae]PASS: tr_TR.ISO-8859-9: wcstof (L"NAN(R)")
[LeeDoYuJae]PASS: tr_TR.ISO-8859-9: wcstod (L"NAN(R)")
[LeeDoYuJae]PASS: tr_TR.ISO-8859-9: wcstold (L"NAN(R)")
[LeeDoYuJae]PASS: tr_TR.ISO-8859-9: wcstof128 (L"NAN(R)")
[LeeDoYuJae]PASS: tr_TR.ISO-8859-9: wcstof (L"NAN(r)")
[LeeDoYuJae]PASS: tr_TR.ISO-8859-9: wcstod (L"NAN(r)")
[LeeDoYuJae]PASS: tr_TR.ISO-8859-9: wcstold (L"NAN(r)")
[LeeDoYuJae]PASS: tr_TR.ISO-8859-9: wcstof128 (L"NAN(r)")
[LeeDoYuJae]PASS: tr_TR.ISO-8859-9: wcstof (L"NAN(S)")
[LeeDoYuJae]PASS: tr_TR.ISO-8859-9: wcstod (L"NAN(S)")
[LeeDoYuJae]PASS: tr_TR.ISO-8859-9: wcstold (L"NAN(S)")
[LeeDoYuJae]PASS: tr_TR.ISO-8859-9: wcstof128 (L"NAN(S)")
[LeeDoYuJae]PASS: tr_TR.ISO-8859-9: wcstof (L"NAN(s)")
[LeeDoYuJae]PASS: tr_TR.ISO-8859-9: wcstod (L"NAN(s)")
[LeeDoYuJae]PASS: tr_TR.ISO-8859-9: wcstold (L"NAN(s)")
[LeeDoYuJae]PASS: tr_TR.ISO-8859-9: wcstof128 (L"NAN(s)")
[LeeDoYuJae]PASS: tr_TR.ISO-8859-9: wcstof (L"NAN(T)")
[LeeDoYuJae]PASS: tr_TR.ISO-8859-9: wcstod (L"NAN(T)")
[LeeDoYuJae]PASS: tr_TR.ISO-8859-9: wcstold (L"NAN(T)")
[LeeDoYuJae]PASS: tr_TR.ISO-8859-9: wcstof128 (L"NAN(T)")
[LeeDoYuJae]PASS: tr_TR.ISO-8859-9: wcstof (L"NAN(t)")
[LeeDoYuJae]PASS: tr_TR.ISO-8859-9: wcstod (L"NAN(t)")
[LeeDoYuJae]PASS: tr_TR.ISO-8859-9: wcstold (L"NAN(t)")
[LeeDoYuJae]PASS: tr_TR.ISO-8859-9: wcstof128 (L"NAN(t)")
[LeeDoYuJae]PASS: tr_TR.ISO-8859-9: wcstof (L"NAN(U)")
[LeeDoYuJae]PASS: tr_TR.ISO-8859-9: wcstod (L"NAN(U)")
[LeeDoYuJae]PASS: tr_TR.ISO-8859-9: wcstold (L"NAN(U)")
[LeeDoYuJae]PASS: tr_TR.ISO-8859-9: wcstof128 (L"NAN(U)")
[LeeDoYuJae]PASS: tr_TR.ISO-8859-9: wcstof (L"NAN(u)")
[LeeDoYuJae]PASS: tr_TR.ISO-8859-9: wcstod (L"NAN(u)")
[LeeDoYuJae]PASS: tr_TR.ISO-8859-9: wcstold (L"NAN(u)")
[LeeDoYuJae]PASS: tr_TR.ISO-8859-9: wcstof128 (L"NAN(u)")
[LeeDoYuJae]PASS: tr_TR.ISO-8859-9: wcstof (L"NAN(V)")
[LeeDoYuJae]PASS: tr_TR.ISO-8859-9: wcstod (L"NAN(V)")
[LeeDoYuJae]PASS: tr_TR.ISO-8859-9: wcstold (L"NAN(V)")
[LeeDoYuJae]PASS: tr_TR.ISO-8859-9: wcstof128 (L"NAN(V)")
[LeeDoYuJae]PASS: tr_TR.ISO-8859-9: wcstof (L"NAN(v)")
[LeeDoYuJae]PASS: tr_TR.ISO-8859-9: wcstod (L"NAN(v)")
[LeeDoYuJae]PASS: tr_TR.ISO-8859-9: wcstold (L"NAN(v)")
[LeeDoYuJae]PASS: tr_TR.ISO-8859-9: wcstof128 (L"NAN(v)")
[LeeDoYuJae]PASS: tr_TR.ISO-8859-9: wcstof (L"NAN(W)")
[LeeDoYuJae]PASS: tr_TR.ISO-8859-9: wcstod (L"NAN(W)")
[LeeDoYuJae]PASS: tr_TR.ISO-8859-9: wcstold (L"NAN(W)")
[LeeDoYuJae]PASS: tr_TR.ISO-8859-9: wcstof128 (L"NAN(W)")
[LeeDoYuJae]PASS: tr_TR.ISO-8859-9: wcstof (L"NAN(w)")
[LeeDoYuJae]PASS: tr_TR.ISO-8859-9: wcstod (L"NAN(w)")
[LeeDoYuJae]PASS: tr_TR.ISO-8859-9: wcstold (L"NAN(w)")
[LeeDoYuJae]PASS: tr_TR.ISO-8859-9: wcstof128 (L"NAN(w)")
[LeeDoYuJae]PASS: tr_TR.ISO-8859-9: wcstof (L"NAN(X)")
[LeeDoYuJae]PASS: tr_TR.ISO-8859-9: wcstod (L"NAN(X)")
[LeeDoYuJae]PASS: tr_TR.ISO-8859-9: wcstold (L"NAN(X)")
[LeeDoYuJae]PASS: tr_TR.ISO-8859-9: wcstof128 (L"NAN(X)")
[LeeDoYuJae]PASS: tr_TR.ISO-8859-9: wcstof (L"NAN(x)")
[LeeDoYuJae]PASS: tr_TR.ISO-8859-9: wcstod (L"NAN(x)")
[LeeDoYuJae]PASS: tr_TR.ISO-8859-9: wcstold (L"NAN(x)")
[LeeDoYuJae]PASS: tr_TR.ISO-8859-9: wcstof128 (L"NAN(x)")
[LeeDoYuJae]PASS: tr_TR.ISO-8859-9: wcstof (L"NAN(Y)")
[LeeDoYuJae]PASS: tr_TR.ISO-8859-9: wcstod (L"NAN(Y)")
[LeeDoYuJae]PASS: tr_TR.ISO-8859-9: wcstold (L"NAN(Y)")
[LeeDoYuJae]PASS: tr_TR.ISO-8859-9: wcstof128 (L"NAN(Y)")
[LeeDoYuJae]PASS: tr_TR.ISO-8859-9: wcstof (L"NAN(y)")
[LeeDoYuJae]PASS: tr_TR.ISO-8859-9: wcstod (L"NAN(y)")
[LeeDoYuJae]PASS: tr_TR.ISO-8859-9: wcstold (L"NAN(y)")
[LeeDoYuJae]PASS: tr_TR.ISO-8859-9: wcstof128 (L"NAN(y)")
[LeeDoYuJae]PASS: tr_TR.ISO-8859-9: wcstof (L"NAN(Z)")
[LeeDoYuJae]PASS: tr_TR.ISO-8859-9: wcstod (L"NAN(Z)")
[LeeDoYuJae]PASS: tr_TR.ISO-8859-9: wcstold (L"NAN(Z)")
[LeeDoYuJae]PASS: tr_TR.ISO-8859-9: wcstof128 (L"NAN(Z)")
[LeeDoYuJae]PASS: tr_TR.ISO-8859-9: wcstof (L"NAN(z)")
[LeeDoYuJae]PASS: tr_TR.ISO-8859-9: wcstod (L"NAN(z)")
[LeeDoYuJae]PASS: tr_TR.ISO-8859-9: wcstold (L"NAN(z)")
[LeeDoYuJae]PASS: tr_TR.ISO-8859-9: wcstof128 (L"NAN(z)")
