[LeeDoYuJae]profiling period = 10 ms
[LeeDoYuJae]sum = 0xbb8a0c464ddf31de
[LeeDoYuJae]overflow = 433
[LeeDoYuJae]0000000000400080	1	(buffer 3)
[LeeDoYuJae]0000000000400580	5	(buffer 3)
[LeeDoYuJae]0000000000400810	2	(buffer 3)
[LeeDoYuJae]0000000000400824	6	(buffer 3)
[LeeDoYuJae]0000000000400830	18	(buffer 3)
[LeeDoYuJae]0000000000400838	9	(buffer 3)
[LeeDoYuJae]0000000000400840	1197	(buffer 3)
[LeeDoYuJae]0000000000400844	578	(buffer 3)
[LeeDoYuJae]0000000000400848	12	(buffer 3)
[LeeDoYuJae]000000000040084c	21	(buffer 3)
[LeeDoYuJae]0000000000400850	72	(buffer 3)
[LeeDoYuJae]0000000000400854	1	(buffer 3)
[LeeDoYuJae]0000000000400860	3	(buffer 3)
[LeeDoYuJae]0000000000400868	3	(buffer 3)
[LeeDoYuJae]000000000040086c	1	(buffer 3)
[LeeDoYuJae]0000000000400870	1	(buffer 3)
[LeeDoYuJae]0000000000400878	2	(buffer 3)
[LeeDoYuJae]000000000040087c	2	(buffer 3)
[LeeDoYuJae]000000000040088c	1	(buffer 3)
[LeeDoYuJae]0000000000400898	1	(buffer 3)
[LeeDoYuJae]000000000040089c	22	(buffer 3)
[LeeDoYuJae]00000000004008a0	2	(buffer 3)
[LeeDoYuJae]00000000004008a8	21	(buffer 3)
[LeeDoYuJae]00000000004008ac	19	(buffer 3)
[LeeDoYuJae]00000000004008b0	4	(buffer 3)
[LeeDoYuJae]0000000000400980	2	(buffer 3)
[LeeDoYuJae]0000000000400984	1	(buffer 3)
[LeeDoYuJae]0000000000400990	2	(buffer 3)
