[LeeDoYuJae]000
[LeeDoYuJae]001
[LeeDoYuJae]00
[LeeDoYuJae]00a
[LeeDoYuJae]01
[LeeDoYuJae]01a
[LeeDoYuJae]0
[LeeDoYuJae]0a
[LeeDoYuJae]2.6.20
[LeeDoYuJae]2.6.21
[LeeDoYuJae]2.8
[LeeDoYuJae]2.8-0.4
[LeeDoYuJae]20
[LeeDoYuJae]21
[LeeDoYuJae]22
[LeeDoYuJae]212
[LeeDoYuJae]CP037
[LeeDoYuJae]CP345
[LeeDoYuJae]CP1257
[LeeDoYuJae]foo
[LeeDoYuJae]foo-0.4
[LeeDoYuJae]foo-0.4a
[LeeDoYuJae]foo-0.4b
[LeeDoYuJae]foo-0.5
[LeeDoYuJae]foo-0.10.5
[LeeDoYuJae]foo-3.01
[LeeDoYuJae]foo-3.0
[LeeDoYuJae]foo-3.0.0
[LeeDoYuJae]foo-3.0.1
[LeeDoYuJae]foo-3.2
[LeeDoYuJae]foo-3.10
[LeeDoYuJae]foo00
[LeeDoYuJae]foo0
