[LeeDoYuJae]1: "." -> [LeeDoYuJae]OK
[LeeDoYuJae]2: "./fstatfs64.c" -> [LeeDoYuJae]OK
[LeeDoYuJae]3: "./link.c" -> [LeeDoYuJae]OK
[LeeDoYuJae]4: "./mkfifo.c" -> [LeeDoYuJae]OK
[LeeDoYuJae]5: "./openat64.c" -> [LeeDoYuJae]OK
[LeeDoYuJae]6: "./fchdir.c" -> [LeeDoYuJae]OK
[LeeDoYuJae]7: "./tst-faccessat.c" -> [LeeDoYuJae]OK
[LeeDoYuJae]8: "./readlinkat.c" -> [LeeDoYuJae]OK
[LeeDoYuJae]9: "./fxstat.c" -> [LeeDoYuJae]OK
[LeeDoYuJae]10: "./tst-mkdirat.c" -> [LeeDoYuJae]OK
[LeeDoYuJae]11: "./fstatat64.c" -> [LeeDoYuJae]OK
[LeeDoYuJae]12: "./tst-open-tmpfile.c" -> [LeeDoYuJae]OK
[LeeDoYuJae]13: "./bug-ftw4.c" -> [LeeDoYuJae]OK
[LeeDoYuJae]14: "./lseek64.c" -> [LeeDoYuJae]OK
[LeeDoYuJae]15: "./fcntl.c" -> [LeeDoYuJae]OK
[LeeDoYuJae]16: "./fxstat64.c" -> [LeeDoYuJae]OK
[LeeDoYuJae]17: "./utime.c" -> [LeeDoYuJae]OK
[LeeDoYuJae]18: "./posix_fadvise.c" -> [LeeDoYuJae]OK
[LeeDoYuJae]19: "./isatty.c" -> [LeeDoYuJae]OK
[LeeDoYuJae]20: "./fts64.c" -> [LeeDoYuJae]OK
[LeeDoYuJae]21: "./umask.c" -> [LeeDoYuJae]OK
[LeeDoYuJae]22: "./close.c" -> [LeeDoYuJae]OK
[LeeDoYuJae]23: "./fstatvfs.c" -> [LeeDoYuJae]OK
[LeeDoYuJae]24: "./statfs.c" -> [LeeDoYuJae]OK
[LeeDoYuJae]25: "./fxstatat.c" -> [LeeDoYuJae]OK
[LeeDoYuJae]26: "./bug-ftw5.c" -> [LeeDoYuJae]OK
[LeeDoYuJae]27: "./xmknod.c" -> [LeeDoYuJae]OK
[LeeDoYuJae]28: "./tst-mkfifoat.c" -> [LeeDoYuJae]OK
[LeeDoYuJae]29: "./posix_fallocate64.c" -> [LeeDoYuJae]OK
[LeeDoYuJae]30: "./openat_2.c" -> [LeeDoYuJae]OK
[LeeDoYuJae]31: "./fchownat.c" -> [LeeDoYuJae]OK
[LeeDoYuJae]32: "./getcwd.c" -> [LeeDoYuJae]OK
[LeeDoYuJae]33: "./linkat.c" -> [LeeDoYuJae]OK
[LeeDoYuJae]34: "./lockf64.c" -> [LeeDoYuJae]OK
[LeeDoYuJae]35: "./mkfifoat.c" -> [LeeDoYuJae]OK
[LeeDoYuJae]36: "./bug-ftw1.c" -> [LeeDoYuJae]OK
[LeeDoYuJae]37: "./statfs64.c" -> [LeeDoYuJae]OK
[LeeDoYuJae]38: "./read.c" -> [LeeDoYuJae]OK
[LeeDoYuJae]39: "./posix_fallocate.c" -> [LeeDoYuJae]OK
[LeeDoYuJae]40: "./utimensat.c" -> [LeeDoYuJae]OK
[LeeDoYuJae]41: "./fstatat.c" -> [LeeDoYuJae]OK
[LeeDoYuJae]42: "./creat.c" -> [LeeDoYuJae]OK
[LeeDoYuJae]43: "./tst-fchownat.c" -> [LeeDoYuJae]OK
[LeeDoYuJae]44: "./open.c" -> [LeeDoYuJae]OK
[LeeDoYuJae]45: "./fstat.c" -> [LeeDoYuJae]OK
[LeeDoYuJae]46: "./pwd.c" -> [LeeDoYuJae]OK
[LeeDoYuJae]47: "./statvfs64.c" -> [LeeDoYuJae]OK
[LeeDoYuJae]48: "./tst-renameat.c" -> [LeeDoYuJae]OK
[LeeDoYuJae]49: "./mkdirat.c" -> [LeeDoYuJae]OK
[LeeDoYuJae]50: "./ftw.h" -> [LeeDoYuJae]OK
[LeeDoYuJae]51: "./symlink.c" -> [LeeDoYuJae]OK
[LeeDoYuJae]52: "./fstatfs.c" -> [LeeDoYuJae]OK
[LeeDoYuJae]53: "./open64.c" -> [LeeDoYuJae]OK
[LeeDoYuJae]54: "./unlinkat.c" -> [LeeDoYuJae]OK
[LeeDoYuJae]55: "./test-stat.c" -> [LeeDoYuJae]OK
[LeeDoYuJae]56: "./tst-openat.c" -> [LeeDoYuJae]OK
[LeeDoYuJae]57: "./fcntl.h" -> [LeeDoYuJae]OK
[LeeDoYuJae]58: "./dup.c" -> [LeeDoYuJae]OK
[LeeDoYuJae]59: "./tst-posix_fallocate-common.c" -> [LeeDoYuJae]OK
[LeeDoYuJae]60: "./bug-ftw3.c" -> [LeeDoYuJae]OK
[LeeDoYuJae]61: "./mknodat.c" -> [LeeDoYuJae]OK
[LeeDoYuJae]62: "./fxstatat64.c" -> [LeeDoYuJae]OK
[LeeDoYuJae]63: "./statvfs.c" -> [LeeDoYuJae]OK
[LeeDoYuJae]64: "./lxstat.c" -> [LeeDoYuJae]OK
[LeeDoYuJae]65: "./ftw.c" -> [LeeDoYuJae]OK
[LeeDoYuJae]66: "./flock.c" -> [LeeDoYuJae]OK
[LeeDoYuJae]67: "./ftwtest.c" -> [LeeDoYuJae]OK
[LeeDoYuJae]68: "./openat.c" -> [LeeDoYuJae]OK
[LeeDoYuJae]69: "./stat64.c" -> [LeeDoYuJae]OK
[LeeDoYuJae]70: "./faccessat.c" -> [LeeDoYuJae]OK
[LeeDoYuJae]71: "./pipe2.c" -> [LeeDoYuJae]OK
[LeeDoYuJae]72: "./sendfile.c" -> [LeeDoYuJae]OK
[LeeDoYuJae]73: "./chdir.c" -> [LeeDoYuJae]OK
[LeeDoYuJae]74: "./lseek.c" -> [LeeDoYuJae]OK
[LeeDoYuJae]75: "./readlink.c" -> [LeeDoYuJae]OK
[LeeDoYuJae]76: "./poll.h" -> [LeeDoYuJae]OK
[LeeDoYuJae]77: "./unlink.c" -> [LeeDoYuJae]OK
[LeeDoYuJae]78: "./mkdir.c" -> [LeeDoYuJae]OK
[LeeDoYuJae]79: "./tst-mknodat.c" -> [LeeDoYuJae]OK
[LeeDoYuJae]80: "./fchown.c" -> [LeeDoYuJae]OK
[LeeDoYuJae]81: "./tst-linkat.c" -> [LeeDoYuJae]OK
[LeeDoYuJae]82: "./open64_2.c" -> [LeeDoYuJae]OK
[LeeDoYuJae]83: "./lstat.c" -> [LeeDoYuJae]OK
[LeeDoYuJae]84: "./tst-fts-lfs.c" -> [LeeDoYuJae]OK
[LeeDoYuJae]85: "./lchown.c" -> [LeeDoYuJae]OK
[LeeDoYuJae]86: "./fstatvfs64.c" -> [LeeDoYuJae]OK
[LeeDoYuJae]87: "./euidaccess.c" -> [LeeDoYuJae]OK
[LeeDoYuJae]88: "./openat64_2.c" -> [LeeDoYuJae]OK
[LeeDoYuJae]89: "./lxstat64.c" -> [LeeDoYuJae]OK
[LeeDoYuJae]90: "./symlinkat.c" -> [LeeDoYuJae]OK
[LeeDoYuJae]91: "./dup2.c" -> [LeeDoYuJae]OK
[LeeDoYuJae]92: "./mknod.c" -> [LeeDoYuJae]OK
[LeeDoYuJae]93: "./tst-posix_fallocate.c" -> [LeeDoYuJae]OK
[LeeDoYuJae]94: "./xmknodat.c" -> [LeeDoYuJae]OK
[LeeDoYuJae]95: "./fts.c" -> [LeeDoYuJae]OK
[LeeDoYuJae]96: "./tst-getcwd.c" -> [LeeDoYuJae]OK
[LeeDoYuJae]97: "./creat64.c" -> [LeeDoYuJae]OK
[LeeDoYuJae]98: "./lockf.c" -> [LeeDoYuJae]OK
[LeeDoYuJae]99: "./lchmod.c" -> [LeeDoYuJae]OK
[LeeDoYuJae]100: "./test-lfs.c" -> [LeeDoYuJae]OK
[LeeDoYuJae]101: "./xstat.c" -> [LeeDoYuJae]OK
[LeeDoYuJae]102: "./open_2.c" -> [LeeDoYuJae]OK
[LeeDoYuJae]103: "./tst-ttyname_r.c" -> [LeeDoYuJae]OK
[LeeDoYuJae]104: "./getdirname.c" -> [LeeDoYuJae]OK
[LeeDoYuJae]105: "./test-utime.c" -> [LeeDoYuJae]OK
[LeeDoYuJae]106: "./Makefile" -> [LeeDoYuJae]OK
[LeeDoYuJae]107: "./futimens.c" -> [LeeDoYuJae]OK
[LeeDoYuJae]108: "./tst-fts.c" -> [LeeDoYuJae]OK
[LeeDoYuJae]109: "./access.c" -> [LeeDoYuJae]OK
[LeeDoYuJae]110: "./tst-fchmodat.c" -> [LeeDoYuJae]OK
[LeeDoYuJae]111: "./ftw64.c" -> [LeeDoYuJae]OK
[LeeDoYuJae]112: "./lstat64.c" -> [LeeDoYuJae]OK
[LeeDoYuJae]113: "./chmod.c" -> [LeeDoYuJae]OK
[LeeDoYuJae]114: "./tst-fstatat.c" -> [LeeDoYuJae]OK
[LeeDoYuJae]115: "./chown.c" -> [LeeDoYuJae]OK
[LeeDoYuJae]116: "./ttyname_r.c" -> [LeeDoYuJae]OK
[LeeDoYuJae]117: "./stat.c" -> [LeeDoYuJae]OK
[LeeDoYuJae]118: "./tst-unlinkat.c" -> [LeeDoYuJae]OK
[LeeDoYuJae]119: "./sendfile64.c" -> [LeeDoYuJae]OK
[LeeDoYuJae]120: "./bug-ftw2.c" -> [LeeDoYuJae]OK
[LeeDoYuJae]121: "./tst-posix_fallocate64.c" -> [LeeDoYuJae]OK
[LeeDoYuJae]122: "./dup3.c" -> [LeeDoYuJae]OK
[LeeDoYuJae]123: "./getwd.c" -> [LeeDoYuJae]OK
[LeeDoYuJae]124: "./tst-futimesat.c" -> [LeeDoYuJae]OK
[LeeDoYuJae]125: "./poll.c" -> [LeeDoYuJae]OK
[LeeDoYuJae]126: "./pipe.c" -> [LeeDoYuJae]OK
[LeeDoYuJae]127: "./xstat64.c" -> [LeeDoYuJae]OK
[LeeDoYuJae]128: "./write.c" -> [LeeDoYuJae]OK
[LeeDoYuJae]129: "./sys" -> [LeeDoYuJae]OK
[LeeDoYuJae]130: "./sys/stat.h" -> [LeeDoYuJae]OK
[LeeDoYuJae]131: "./sys/fcntl.h" -> [LeeDoYuJae]OK
[LeeDoYuJae]132: "./sys/sendfile.h" -> [LeeDoYuJae]OK
[LeeDoYuJae]133: "./sys/poll.h" -> [LeeDoYuJae]OK
[LeeDoYuJae]134: "./sys/statvfs.h" -> [LeeDoYuJae]OK
[LeeDoYuJae]135: "./sys/vfs.h" -> [LeeDoYuJae]OK
[LeeDoYuJae]136: "./sys/statfs.h" -> [LeeDoYuJae]OK
[LeeDoYuJae]137: "./utime.h" -> [LeeDoYuJae]OK
[LeeDoYuJae]138: "./test-stat2.c" -> [LeeDoYuJae]OK
[LeeDoYuJae]139: "./Versions" -> [LeeDoYuJae]OK
[LeeDoYuJae]140: "./fchmod.c" -> [LeeDoYuJae]OK
[LeeDoYuJae]141: "./fchmodat.c" -> [LeeDoYuJae]OK
[LeeDoYuJae]142: "./bits" -> [LeeDoYuJae]OK
[LeeDoYuJae]143: "./bits/fcntl2.h" -> [LeeDoYuJae]OK
[LeeDoYuJae]144: "./bits/poll2.h" -> [LeeDoYuJae]OK
[LeeDoYuJae]145: "./ppoll.c" -> [LeeDoYuJae]OK
[LeeDoYuJae]146: "./fts.h" -> [LeeDoYuJae]OK
[LeeDoYuJae]147: "./posix_fadvise64.c" -> [LeeDoYuJae]OK
[LeeDoYuJae]148: "./rmdir.c" -> [LeeDoYuJae]OK
[LeeDoYuJae]149: "./tst-fcntl.c" -> [LeeDoYuJae]OK
[LeeDoYuJae]150: "./tst-statvfs.c" -> [LeeDoYuJae]OK
[LeeDoYuJae]151: "./fstat64.c" -> [LeeDoYuJae]OK
[LeeDoYuJae]152: "./tst-readlinkat.c" -> [LeeDoYuJae]OK
[LeeDoYuJae]153: "./tst-symlinkat.c" -> [LeeDoYuJae]OK
[LeeDoYuJae]154: "./ttyname.c" -> [LeeDoYuJae]OK
[LeeDoYuJae]155: "./ftwtest-sh" -> [LeeDoYuJae]OK
