[LeeDoYuJae]; 
[LeeDoYuJae]; 
[LeeDoYuJae]; this file contains a script of tests to run through regress.exe
[LeeDoYuJae];
[LeeDoYuJae]; comments start with a semicolon and proceed to the end of the line
[LeeDoYuJae];
[LeeDoYuJae]; changes to regular expression compile flags start with a "-" as the first
[LeeDoYuJae]; non-whitespace character and consist of a list of the printable names
[LeeDoYuJae]; of the flags, for example "match_default"
[LeeDoYuJae];
[LeeDoYuJae]; Other lines contain a test to perform using the current flag status
[LeeDoYuJae]; the first token contains the expression to compile, the second the string
[LeeDoYuJae]; to match it against. If the second string is "!" then the expression should
[LeeDoYuJae]; not compile, that is the first string is an invalid regular expression.
[LeeDoYuJae]; This is then followed by a list of integers that specify what should match,
[LeeDoYuJae]; each pair represents the starting and ending positions of a subexpression
[LeeDoYuJae]; starting with the zeroth subexpression (the whole match).
[LeeDoYuJae]; A value of -1 indicates that the subexpression should not take part in the
[LeeDoYuJae]; match at all, if the first value is -1 then no part of the expression should
[LeeDoYuJae]; match the string.
[LeeDoYuJae];
[LeeDoYuJae]; Tests taken from BOOST testsuite and adapted to glibc regex.
[LeeDoYuJae];
[LeeDoYuJae]; Boost Software License - Version 1.0 - August 17th, 2003
[LeeDoYuJae];
[LeeDoYuJae]; Permission is hereby granted, free of charge, to any person or organization
[LeeDoYuJae]; obtaining a copy of the software and accompanying documentation covered by
[LeeDoYuJae]; this license (the "Software") to use, reproduce, display, distribute,
[LeeDoYuJae]; execute, and transmit the Software, and to prepare derivative works of the
[LeeDoYuJae]; Software, and to permit third-parties to whom the Software is furnished to
[LeeDoYuJae]; do so, all subject to the following:
[LeeDoYuJae];
[LeeDoYuJae]; The copyright notices in the Software and this entire statement, including
[LeeDoYuJae]; the above license grant, this restriction and the following disclaimer,
[LeeDoYuJae]; must be included in all copies of the Software, in whole or in part, and
[LeeDoYuJae]; all derivative works of the Software, unless such copies or derivative
[LeeDoYuJae]; works are solely in the form of machine-executable object code generated by
[LeeDoYuJae]; a source language processor.
[LeeDoYuJae];
[LeeDoYuJae]; THE SOFTWARE IS PROVIDED "AS IS", WITHOUT WARRANTY OF ANY KIND, EXPRESS OR
[LeeDoYuJae]; IMPLIED, INCLUDING BUT NOT LIMITED TO THE WARRANTIES OF MERCHANTABILITY,
[LeeDoYuJae]; FITNESS FOR A PARTICULAR PURPOSE, TITLE AND NON-INFRINGEMENT. IN NO EVENT
[LeeDoYuJae]; SHALL THE COPYRIGHT HOLDERS OR ANYONE DISTRIBUTING THE SOFTWARE BE LIABLE
[LeeDoYuJae]; FOR ANY DAMAGES OR OTHER LIABILITY, WHETHER IN CONTRACT, TORT OR OTHERWISE,
[LeeDoYuJae]; ARISING FROM, OUT OF OR IN CONNECTION WITH THE SOFTWARE OR THE USE OR OTHER
[LeeDoYuJae]; DEALINGS IN THE SOFTWARE.
[LeeDoYuJae];
[LeeDoYuJae]
[LeeDoYuJae]- match_default normal REG_EXTENDED
[LeeDoYuJae]
[LeeDoYuJae];
[LeeDoYuJae]; try some really simple literals:
[LeeDoYuJae]a a 0 1
[LeeDoYuJae]Z Z 0 1
[LeeDoYuJae]Z aaa -1 -1
[LeeDoYuJae]Z xxxxZZxxx 4 5
[LeeDoYuJae]
[LeeDoYuJae]; and some simple brackets:
[LeeDoYuJae](a) zzzaazz 3 4 3 4
[LeeDoYuJae]() zzz 0 0 0 0
[LeeDoYuJae]() "" 0 0 0 0
[LeeDoYuJae]( !
[LeeDoYuJae]) ) 0 1
[LeeDoYuJae](aa !
[LeeDoYuJae]aa) baa)b 1 4
[LeeDoYuJae]a b -1 -1
[LeeDoYuJae]\(\) () 0 2
[LeeDoYuJae]\(a\) (a) 0 3
[LeeDoYuJae]\() () 0 2
[LeeDoYuJae](\) !
[LeeDoYuJae]p(a)rameter ABCparameterXYZ 3 12 4 5
[LeeDoYuJae][pq](a)rameter ABCparameterXYZ 3 12 4 5
[LeeDoYuJae]
[LeeDoYuJae]; now try escaped brackets:
[LeeDoYuJae]- match_default bk_parens REG_BASIC
[LeeDoYuJae]\(a\) zzzaazz 3 4 3 4
[LeeDoYuJae]\(\) zzz 0 0 0 0
[LeeDoYuJae]\(\) "" 0 0 0 0
[LeeDoYuJae]\( !
[LeeDoYuJae]\) !
[LeeDoYuJae]\(aa !
[LeeDoYuJae]aa\) !
[LeeDoYuJae]() () 0 2
[LeeDoYuJae](a) (a) 0 3
[LeeDoYuJae](\) !
[LeeDoYuJae]\() !
[LeeDoYuJae]
[LeeDoYuJae]; now move on to "." wildcards
[LeeDoYuJae]- match_default normal REG_EXTENDED REG_STARTEND
[LeeDoYuJae]. a 0 1
[LeeDoYuJae]. \n 0 1
[LeeDoYuJae]. \r 0 1
[LeeDoYuJae]. \0 0 1
[LeeDoYuJae]
[LeeDoYuJae];
[LeeDoYuJae]; now move on to the repetion ops,
[LeeDoYuJae]; starting with operator *
[LeeDoYuJae]- match_default normal REG_EXTENDED
[LeeDoYuJae]a* b 0 0
[LeeDoYuJae]ab* a 0 1
[LeeDoYuJae]ab* ab 0 2
[LeeDoYuJae]ab* sssabbbbbbsss 3 10
[LeeDoYuJae]ab*c* a 0 1
[LeeDoYuJae]ab*c* abbb 0 4
[LeeDoYuJae]ab*c* accc 0 4
[LeeDoYuJae]ab*c* abbcc 0 5
[LeeDoYuJae]*a !
[LeeDoYuJae]\<* !
[LeeDoYuJae]\>* !
[LeeDoYuJae]\n* \n\n 0 2
[LeeDoYuJae]\** ** 0 2
[LeeDoYuJae]\* * 0 1
[LeeDoYuJae]
[LeeDoYuJae]; now try operator +
[LeeDoYuJae]ab+ a -1 -1
[LeeDoYuJae]ab+ ab 0 2
[LeeDoYuJae]ab+ sssabbbbbbsss 3 10
[LeeDoYuJae]ab+c+ a -1 -1
[LeeDoYuJae]ab+c+ abbb -1 -1
[LeeDoYuJae]ab+c+ accc -1 -1
[LeeDoYuJae]ab+c+ abbcc 0 5
[LeeDoYuJae]+a !
[LeeDoYuJae]\<+ !
[LeeDoYuJae]\>+ !
[LeeDoYuJae]\n+ \n\n 0 2
[LeeDoYuJae]\+ + 0 1
[LeeDoYuJae]\+ ++ 0 1
[LeeDoYuJae]\++ ++ 0 2
[LeeDoYuJae]
[LeeDoYuJae]; now try operator ?
[LeeDoYuJae]- match_default normal REG_EXTENDED
[LeeDoYuJae]a? b 0 0
[LeeDoYuJae]ab? a 0 1
[LeeDoYuJae]ab? ab 0 2
[LeeDoYuJae]ab? sssabbbbbbsss 3 5
[LeeDoYuJae]ab?c? a 0 1
[LeeDoYuJae]ab?c? abbb 0 2
[LeeDoYuJae]ab?c? accc 0 2
[LeeDoYuJae]ab?c? abcc 0 3
[LeeDoYuJae]?a !
[LeeDoYuJae]\<? !
[LeeDoYuJae]\>? !
[LeeDoYuJae]\n? \n\n 0 1
[LeeDoYuJae]\? ? 0 1
[LeeDoYuJae]\? ?? 0 1
[LeeDoYuJae]\?? ?? 0 1
[LeeDoYuJae]
[LeeDoYuJae]; now try operator {}
[LeeDoYuJae]- match_default normal REG_EXTENDED
[LeeDoYuJae]a{2} a -1 -1
[LeeDoYuJae]a{2} aa 0 2
[LeeDoYuJae]a{2} aaa 0 2
[LeeDoYuJae]a{2,} a -1 -1
[LeeDoYuJae]a{2,} aa 0 2
[LeeDoYuJae]a{2,} aaaaa 0 5
[LeeDoYuJae]a{2,4} a -1 -1
[LeeDoYuJae]a{2,4} aa 0 2
[LeeDoYuJae]a{2,4} aaa 0 3
[LeeDoYuJae]a{2,4} aaaa 0 4
[LeeDoYuJae]a{2,4} aaaaa 0 4
[LeeDoYuJae]a{} !
[LeeDoYuJae]a{2 !
[LeeDoYuJae]a} a} 0 2
[LeeDoYuJae]\{\} {} 0 2
[LeeDoYuJae]
[LeeDoYuJae]- match_default normal REG_BASIC
[LeeDoYuJae]a\{2\} a -1 -1
[LeeDoYuJae]a\{2\} aa 0 2
[LeeDoYuJae]a\{2\} aaa 0 2
[LeeDoYuJae]a\{2,\} a -1 -1
[LeeDoYuJae]a\{2,\} aa 0 2
[LeeDoYuJae]a\{2,\} aaaaa 0 5
[LeeDoYuJae]a\{2,4\} a -1 -1
[LeeDoYuJae]a\{2,4\} aa 0 2
[LeeDoYuJae]a\{2,4\} aaa 0 3
[LeeDoYuJae]a\{2,4\} aaaa 0 4
[LeeDoYuJae]a\{2,4\} aaaaa 0 4
[LeeDoYuJae]{} {} 0 2
[LeeDoYuJae]
[LeeDoYuJae]; now test the alternation operator |
[LeeDoYuJae]- match_default normal REG_EXTENDED
[LeeDoYuJae]a|b a 0 1
[LeeDoYuJae]a|b b 0 1
[LeeDoYuJae]a(b|c) ab 0 2 1 2
[LeeDoYuJae]a(b|c) ac 0 2 1 2
[LeeDoYuJae]a(b|c) ad -1 -1 -1 -1
[LeeDoYuJae]a\| a| 0 2
[LeeDoYuJae]
[LeeDoYuJae]; now test the set operator []
[LeeDoYuJae]- match_default normal REG_EXTENDED
[LeeDoYuJae]; try some literals first
[LeeDoYuJae][abc] a 0 1
[LeeDoYuJae][abc] b 0 1
[LeeDoYuJae][abc] c 0 1
[LeeDoYuJae][abc] d -1 -1
[LeeDoYuJae][^bcd] a 0 1
[LeeDoYuJae][^bcd] b -1 -1
[LeeDoYuJae][^bcd] d -1 -1
[LeeDoYuJae][^bcd] e 0 1
[LeeDoYuJae]a[b]c abc 0 3
[LeeDoYuJae]a[ab]c abc 0 3
[LeeDoYuJae]a[^ab]c adc 0 3
[LeeDoYuJae]a[]b]c a]c 0 3
[LeeDoYuJae]a[[b]c a[c 0 3
[LeeDoYuJae]a[-b]c a-c 0 3
[LeeDoYuJae]a[^]b]c adc 0 3
[LeeDoYuJae]a[^-b]c adc 0 3
[LeeDoYuJae]a[b-]c a-c 0 3
[LeeDoYuJae]a[b !
[LeeDoYuJae]a[] !
[LeeDoYuJae]
[LeeDoYuJae]; then some ranges
[LeeDoYuJae][b-e] a -1 -1
[LeeDoYuJae][b-e] b 0 1
[LeeDoYuJae][b-e] e 0 1
[LeeDoYuJae][b-e] f -1 -1
[LeeDoYuJae][^b-e] a 0 1
[LeeDoYuJae][^b-e] b -1 -1
[LeeDoYuJae][^b-e] e -1 -1
[LeeDoYuJae][^b-e] f 0 1
[LeeDoYuJae]a[1-3]c a2c 0 3
[LeeDoYuJae]a[3-1]c !
[LeeDoYuJae]a[1-3-5]c !
[LeeDoYuJae]a[1- !
[LeeDoYuJae]
[LeeDoYuJae]; and some classes
[LeeDoYuJae]a[[:alpha:]]c abc 0 3
[LeeDoYuJae]a[[:unknown:]]c !
[LeeDoYuJae]a[[: !
[LeeDoYuJae]a[[:alpha !
[LeeDoYuJae]a[[:alpha:] !
[LeeDoYuJae]a[[:alpha,:] !
[LeeDoYuJae]a[[:]:]]b !
[LeeDoYuJae]a[[:-:]]b !
[LeeDoYuJae]a[[:alph:]] !
[LeeDoYuJae]a[[:alphabet:]] !
[LeeDoYuJae][[:alnum:]]+ -%@a0X_- 3 6
[LeeDoYuJae][[:alpha:]]+ -%@aX_0- 3 5
[LeeDoYuJae][[:blank:]]+ "a  \tb" 1 4
[LeeDoYuJae][[:cntrl:]]+ a\n\tb 1 3
[LeeDoYuJae][[:digit:]]+ a019b 1 4
[LeeDoYuJae][[:graph:]]+ " a%b " 1 4
[LeeDoYuJae][[:lower:]]+ AabC 1 3
[LeeDoYuJae]; This test fails with STLPort, disable for now as this is a corner case anyway...
[LeeDoYuJae];[[:print:]]+ "\na b\n" 1 4
[LeeDoYuJae][[:punct:]]+ " %-&\t" 1 4
[LeeDoYuJae][[:space:]]+ "a \n\t\rb" 1 5
[LeeDoYuJae][[:upper:]]+ aBCd 1 3
[LeeDoYuJae][[:xdigit:]]+ p0f3Cx 1 5
[LeeDoYuJae]
[LeeDoYuJae]; now test flag settings:
[LeeDoYuJae]- escape_in_lists REG_NO_POSIX_TEST
[LeeDoYuJae][\n] \n 0 1
[LeeDoYuJae]- REG_NO_POSIX_TEST
[LeeDoYuJae]
[LeeDoYuJae]; line anchors
[LeeDoYuJae]- match_default normal REG_EXTENDED
[LeeDoYuJae]^ab ab 0 2
[LeeDoYuJae]^ab xxabxx -1 -1
[LeeDoYuJae]ab$ ab 0 2
[LeeDoYuJae]ab$ abxx -1 -1
[LeeDoYuJae]- match_default match_not_bol match_not_eol normal REG_EXTENDED REG_NOTBOL REG_NOTEOL
[LeeDoYuJae]^ab ab -1 -1
[LeeDoYuJae]^ab xxabxx -1 -1
[LeeDoYuJae]ab$ ab -1 -1
[LeeDoYuJae]ab$ abxx -1 -1
[LeeDoYuJae]
[LeeDoYuJae]; back references
[LeeDoYuJae]- match_default normal REG_PERL
[LeeDoYuJae]a(b)\2c	!
[LeeDoYuJae]a(b\1)c	!
[LeeDoYuJae]a(b*)c\1d abbcbbd 0 7 1 3
[LeeDoYuJae]a(b*)c\1d abbcbd -1 -1
[LeeDoYuJae]a(b*)c\1d abbcbbbd -1 -1
[LeeDoYuJae]^(.)\1 abc -1 -1
[LeeDoYuJae]a([bc])\1d abcdabbd	4 8 5 6
[LeeDoYuJae]; strictly speaking this is at best ambiguous, at worst wrong, this is what most
[LeeDoYuJae]; re implimentations will match though.
[LeeDoYuJae]a(([bc])\2)*d abbccd 0 6 3 5 3 4
[LeeDoYuJae]
[LeeDoYuJae]a(([bc])\2)*d abbcbd -1 -1
[LeeDoYuJae]a((b)*\2)*d abbbd 0 5 1 4 2 3
[LeeDoYuJae]; perl only:
[LeeDoYuJae](ab*)[ab]*\1 ababaaa 0 7 0 1
[LeeDoYuJae](a)\1bcd aabcd 0 5 0 1
[LeeDoYuJae](a)\1bc*d aabcd 0 5 0 1
[LeeDoYuJae](a)\1bc*d aabd 0 4 0 1
[LeeDoYuJae](a)\1bc*d aabcccd 0 7 0 1
[LeeDoYuJae](a)\1bc*[ce]d aabcccd 0 7 0 1
[LeeDoYuJae]^(a)\1b(c)*cd$ aabcccd 0 7 0 1 4 5
[LeeDoYuJae]
[LeeDoYuJae]; posix only: 
[LeeDoYuJae]- match_default extended REG_EXTENDED
[LeeDoYuJae](ab*)[ab]*\1 ababaaa 0 7 0 1
[LeeDoYuJae]
[LeeDoYuJae];
[LeeDoYuJae]; word operators:
[LeeDoYuJae]\w a 0 1
[LeeDoYuJae]\w z 0 1
[LeeDoYuJae]\w A 0 1
[LeeDoYuJae]\w Z 0 1
[LeeDoYuJae]\w _ 0 1
[LeeDoYuJae]\w } -1 -1
[LeeDoYuJae]\w ` -1 -1
[LeeDoYuJae]\w [ -1 -1
[LeeDoYuJae]\w @ -1 -1
[LeeDoYuJae]; non-word:
[LeeDoYuJae]\W a -1 -1
[LeeDoYuJae]\W z -1 -1
[LeeDoYuJae]\W A -1 -1
[LeeDoYuJae]\W Z -1 -1
[LeeDoYuJae]\W _ -1 -1
[LeeDoYuJae]\W } 0 1
[LeeDoYuJae]\W ` 0 1
[LeeDoYuJae]\W [ 0 1
[LeeDoYuJae]\W @ 0 1
[LeeDoYuJae]; word start:
[LeeDoYuJae]\<abcd "  abcd" 2 6
[LeeDoYuJae]\<ab cab -1 -1
[LeeDoYuJae]\<ab "\nab" 1 3
[LeeDoYuJae]\<tag ::tag 2 5
[LeeDoYuJae];word end:
[LeeDoYuJae]abc\> abc 0 3
[LeeDoYuJae]abc\> abcd -1 -1
[LeeDoYuJae]abc\> abc\n 0 3
[LeeDoYuJae]abc\> abc:: 0 3
[LeeDoYuJae]; word boundary:
[LeeDoYuJae]\babcd "  abcd" 2 6
[LeeDoYuJae]\bab cab -1 -1
[LeeDoYuJae]\bab "\nab" 1 3
[LeeDoYuJae]\btag ::tag 2 5
[LeeDoYuJae]abc\b abc 0 3
[LeeDoYuJae]abc\b abcd -1 -1
[LeeDoYuJae]abc\b abc\n 0 3
[LeeDoYuJae]abc\b abc:: 0 3
[LeeDoYuJae]; within word:
[LeeDoYuJae]\B ab 1 1
[LeeDoYuJae]a\Bb ab 0 2
[LeeDoYuJae]a\B ab 0 1
[LeeDoYuJae]a\B a -1 -1
[LeeDoYuJae]a\B "a " -1 -1
[LeeDoYuJae]
[LeeDoYuJae];
[LeeDoYuJae]; buffer operators:
[LeeDoYuJae]\`abc abc 0 3
[LeeDoYuJae]\`abc \nabc -1 -1
[LeeDoYuJae]\`abc " abc" -1 -1
[LeeDoYuJae]abc\' abc 0 3
[LeeDoYuJae]abc\' abc\n -1 -1
[LeeDoYuJae]abc\' "abc " -1 -1
[LeeDoYuJae]
[LeeDoYuJae];
[LeeDoYuJae]; now follows various complex expressions designed to try and bust the matcher:
[LeeDoYuJae]a(((b)))c abc 0 3 1 2 1 2 1 2
[LeeDoYuJae]a(b|(c))d abd 0 3 1 2 -1 -1
[LeeDoYuJae]a(b|(c))d acd 0 3 1 2 1 2
[LeeDoYuJae]a(b*|c)d abbd 0 4 1 3
[LeeDoYuJae]; just gotta have one DFA-buster, of course
[LeeDoYuJae]a[ab]{20} aaaaabaaaabaaaabaaaab 0 21
[LeeDoYuJae]; and an inline expansion in case somebody gets tricky
[LeeDoYuJae]a[ab][ab][ab][ab][ab][ab][ab][ab][ab][ab][ab][ab][ab][ab][ab][ab][ab][ab][ab][ab] aaaaabaaaabaaaabaaaab 0 21
[LeeDoYuJae]; and in case somebody just slips in an NFA...
[LeeDoYuJae]a[ab][ab][ab][ab][ab][ab][ab][ab][ab][ab][ab][ab][ab][ab][ab][ab][ab][ab][ab][ab](wee|week)(knights|night) aaaaabaaaabaaaabaaaabweeknights 0 31 21 24 24 31
[LeeDoYuJae]; one really big one
[LeeDoYuJae]1234567890123456789012345678901234567890123456789012345678901234567890 a1234567890123456789012345678901234567890123456789012345678901234567890b 1 71
[LeeDoYuJae]; fish for problems as brackets go past 8
[LeeDoYuJae][ab][cd][ef][gh][ij][kl][mn] xacegikmoq 1 8
[LeeDoYuJae][ab][cd][ef][gh][ij][kl][mn][op] xacegikmoq 1 9
[LeeDoYuJae][ab][cd][ef][gh][ij][kl][mn][op][qr] xacegikmoqy 1 10
[LeeDoYuJae][ab][cd][ef][gh][ij][kl][mn][op][q] xacegikmoqy 1 10
[LeeDoYuJae]; and as parenthesis go past 9:
[LeeDoYuJae](a)(b)(c)(d)(e)(f)(g)(h) zabcdefghi 1 9 1 2 2 3 3 4 4 5 5 6 6 7 7 8 8 9
[LeeDoYuJae](a)(b)(c)(d)(e)(f)(g)(h)(i) zabcdefghij 1 10 1 2 2 3 3 4 4 5 5 6 6 7 7 8 8 9 9 10
[LeeDoYuJae](a)(b)(c)(d)(e)(f)(g)(h)(i)(j) zabcdefghijk 1 11 1 2 2 3 3 4 4 5 5 6 6 7 7 8 8 9 9 10 10 11
[LeeDoYuJae](a)(b)(c)(d)(e)(f)(g)(h)(i)(j)(k) zabcdefghijkl 1 12 1 2 2 3 3 4 4 5 5 6 6 7 7 8 8 9 9 10 10 11 11 12
[LeeDoYuJae](a)d|(b)c abc 1 3 -1 -1 1 2
[LeeDoYuJae]_+((www)|(ftp)|(mailto)):_* "_wwwnocolon _mailto:" 12 20 13 19 -1 -1 -1 -1 13 19
[LeeDoYuJae]
[LeeDoYuJae]; subtleties of matching
[LeeDoYuJae];a(b)?c\1d acd 0 3 -1 -1
[LeeDoYuJae]; POSIX is about the following test:
[LeeDoYuJae]a(b)?c\1d acd -1 -1 -1 -1
[LeeDoYuJae]a(b?c)+d accd 0 4 2 3
[LeeDoYuJae](wee|week)(knights|night) weeknights 0 10 0 3 3 10
[LeeDoYuJae].* abc 0 3
[LeeDoYuJae]a(b|(c))d abd 0 3 1 2 -1 -1
[LeeDoYuJae]a(b|(c))d acd 0 3 1 2 1 2
[LeeDoYuJae]a(b*|c|e)d abbd 0 4 1 3
[LeeDoYuJae]a(b*|c|e)d acd 0 3 1 2
[LeeDoYuJae]a(b*|c|e)d ad 0 2 1 1
[LeeDoYuJae]a(b?)c abc 0 3 1 2
[LeeDoYuJae]a(b?)c ac 0 2 1 1
[LeeDoYuJae]a(b+)c abc 0 3 1 2
[LeeDoYuJae]a(b+)c abbbc 0 5 1 4 
[LeeDoYuJae]a(b*)c ac 0 2 1 1 
[LeeDoYuJae](a|ab)(bc([de]+)f|cde) abcdef 0 6 0 1 1 6 3 5
[LeeDoYuJae]a([bc]?)c abc 0 3 1 2
[LeeDoYuJae]a([bc]?)c ac 0 2 1 1 
[LeeDoYuJae]a([bc]+)c abc 0 3 1 2
[LeeDoYuJae]a([bc]+)c abcc 0 4 1 3
[LeeDoYuJae]a([bc]+)bc abcbc 0 5 1 3
[LeeDoYuJae]a(bb+|b)b abb 0 3 1 2
[LeeDoYuJae]a(bbb+|bb+|b)b abb 0 3 1 2
[LeeDoYuJae]a(bbb+|bb+|b)b abbb 0 4 1 3
[LeeDoYuJae]a(bbb+|bb+|b)bb abbb 0 4 1 2
[LeeDoYuJae](.*).* abcdef 0 6 0 6
[LeeDoYuJae](a*)* bc 0 0 0 0
[LeeDoYuJae]xyx*xz xyxxxxyxxxz 5 11
[LeeDoYuJae]
[LeeDoYuJae]; do we get the right subexpression when it is used more than once?
[LeeDoYuJae]a(b|c)*d ad 0 2 -1 -1
[LeeDoYuJae]a(b|c)*d abcd 0 4 2 3
[LeeDoYuJae]a(b|c)+d abd 0 3 1 2
[LeeDoYuJae]a(b|c)+d abcd 0 4 2 3
[LeeDoYuJae]a(b|c?)+d ad 0 2 1 1
[LeeDoYuJae]a(b|c){0,0}d ad 0 2 -1 -1
[LeeDoYuJae]a(b|c){0,1}d ad 0 2 -1 -1
[LeeDoYuJae]a(b|c){0,1}d abd 0 3 1 2
[LeeDoYuJae]a(b|c){0,2}d ad 0 2 -1 -1
[LeeDoYuJae]a(b|c){0,2}d abcd 0 4 2 3
[LeeDoYuJae]a(b|c){0,}d ad 0 2 -1 -1
[LeeDoYuJae]a(b|c){0,}d abcd 0 4 2 3
[LeeDoYuJae]a(b|c){1,1}d abd 0 3 1 2
[LeeDoYuJae]a(b|c){1,2}d abd 0 3 1 2
[LeeDoYuJae]a(b|c){1,2}d abcd 0 4 2 3
[LeeDoYuJae]a(b|c){1,}d abd 0 3 1 2
[LeeDoYuJae]a(b|c){1,}d abcd 0 4 2 3
[LeeDoYuJae]a(b|c){2,2}d acbd 0 4 2 3
[LeeDoYuJae]a(b|c){2,2}d abcd 0 4 2 3
[LeeDoYuJae]a(b|c){2,4}d abcd 0 4 2 3
[LeeDoYuJae]a(b|c){2,4}d abcbd 0 5 3 4
[LeeDoYuJae]a(b|c){2,4}d abcbcd 0 6 4 5
[LeeDoYuJae]a(b|c){2,}d abcd 0 4 2 3
[LeeDoYuJae]a(b|c){2,}d abcbd 0 5 3 4
[LeeDoYuJae]; perl only: these conflict with the POSIX test below
[LeeDoYuJae];a(b|c?)+d abcd 0 4 3 3
[LeeDoYuJae];a(b+|((c)*))+d abd 0 3 2 2 2 2 -1 -1
[LeeDoYuJae];a(b+|((c)*))+d abcd 0 4 3 3 3 3 2 3
[LeeDoYuJae]
[LeeDoYuJae]; posix only:
[LeeDoYuJae]- match_default extended REG_EXTENDED REG_STARTEND
[LeeDoYuJae]
[LeeDoYuJae]a(b|c?)+d abcd 0 4 2 3
[LeeDoYuJae]a(b|((c)*))+d abcd 0 4 2 3 2 3 2 3
[LeeDoYuJae]a(b+|((c)*))+d abd 0 3 1 2 -1 -1 -1 -1
[LeeDoYuJae]a(b+|((c)*))+d abcd 0 4 2 3 2 3 2 3
[LeeDoYuJae]a(b|((c)*))+d ad 0 2 1 1 1 1 -1 -1
[LeeDoYuJae]a(b|((c)*))*d abcd 0 4 2 3 2 3 2 3
[LeeDoYuJae]a(b+|((c)*))*d abd 0 3 1 2 -1 -1 -1 -1
[LeeDoYuJae]a(b+|((c)*))*d abcd 0 4 2 3 2 3 2 3
[LeeDoYuJae]a(b|((c)*))*d ad 0 2 1 1 1 1 -1 -1
[LeeDoYuJae]
[LeeDoYuJae]- match_default normal REG_PERL
[LeeDoYuJae]; try to match C++ syntax elements:
[LeeDoYuJae]; line comment:
[LeeDoYuJae]//[^\n]* "++i //here is a line comment\n" 4 28
[LeeDoYuJae]; block comment:
[LeeDoYuJae]/\*([^*]|\*+[^*/])*\*+/ "/* here is a block comment */" 0 29 26 27
[LeeDoYuJae]/\*([^*]|\*+[^*/])*\*+/ "/**/" 0 4 -1 -1
[LeeDoYuJae]/\*([^*]|\*+[^*/])*\*+/ "/***/" 0 5 -1 -1
[LeeDoYuJae]/\*([^*]|\*+[^*/])*\*+/ "/****/" 0 6 -1 -1
[LeeDoYuJae]/\*([^*]|\*+[^*/])*\*+/ "/*****/" 0 7 -1 -1
[LeeDoYuJae]/\*([^*]|\*+[^*/])*\*+/ "/*****/*/" 0 7 -1 -1
[LeeDoYuJae]; preprossor directives:
[LeeDoYuJae]^[[:blank:]]*#([^\n]*\\[[:space:]]+)*[^\n]* "#define some_symbol" 0 19 -1 -1
[LeeDoYuJae]^[[:blank:]]*#([^\n]*\\[[:space:]]+)*[^\n]* "#define some_symbol(x) #x" 0 25 -1 -1
[LeeDoYuJae]; perl only:
[LeeDoYuJae]^[[:blank:]]*#([^\n]*\\[[:space:]]+)*[^\n]* "#define some_symbol(x) \\  \r\n  foo();\\\r\n   printf(#x);" 0 53 30 42
[LeeDoYuJae]; literals:
[LeeDoYuJae]((0x[[:xdigit:]]+)|([[:digit:]]+))u?((int(8|16|32|64))|L)? 0xFF         						0 4		0 4		0 4 	-1 -1 	-1 -1 	-1 -1 	-1 -1
[LeeDoYuJae]((0x[[:xdigit:]]+)|([[:digit:]]+))u?((int(8|16|32|64))|L)? 35 									0 2 	0 2		-1 -1 	0 2 	-1 -1 	-1 -1 	-1 -1
[LeeDoYuJae]((0x[[:xdigit:]]+)|([[:digit:]]+))u?((int(8|16|32|64))|L)? 0xFFu 								0 5		0 4		0 4 	-1 -1 	-1 -1 	-1 -1 	-1 -1
[LeeDoYuJae]((0x[[:xdigit:]]+)|([[:digit:]]+))u?((int(8|16|32|64))|L)? 0xFFL 								0 5		0 4		0 4 	-1 -1 	4 5 	-1 -1 	-1 -1
[LeeDoYuJae]((0x[[:xdigit:]]+)|([[:digit:]]+))u?((int(8|16|32|64))|L)? 0xFFFFFFFFFFFFFFFFuint64 			0 24	0 18	0 18 	-1 -1 	19 24 	19 24 	22 24
[LeeDoYuJae]; strings:
[LeeDoYuJae]'([^\\']|\\.)*' '\\x3A' 0 6 4 5
[LeeDoYuJae]'([^\\']|\\.)*' '\\'' 0 4 1 3
[LeeDoYuJae]'([^\\']|\\.)*' '\\n' 0 4 1 3
[LeeDoYuJae]
[LeeDoYuJae]; finally try some case insensitive matches:
[LeeDoYuJae]- match_default normal REG_EXTENDED REG_ICASE
[LeeDoYuJae]; upper and lower have no meaning here so they fail, however these
[LeeDoYuJae]; may compile with other libraries...
[LeeDoYuJae];[[:lower:]] !
[LeeDoYuJae];[[:upper:]] !
[LeeDoYuJae]0123456789@abcdefghijklmnopqrstuvwxyz\[\\\]\^_`ABCDEFGHIJKLMNOPQRSTUVWXYZ\{\|\} 0123456789@ABCDEFGHIJKLMNOPQRSTUVWXYZ[\\]\^_`abcdefghijklmnopqrstuvwxyz\{\|\} 0 72
[LeeDoYuJae]
[LeeDoYuJae]; known and suspected bugs:
[LeeDoYuJae]- match_default normal REG_EXTENDED
[LeeDoYuJae]\( ( 0 1
[LeeDoYuJae]\) ) 0 1
[LeeDoYuJae]\$ $ 0 1
[LeeDoYuJae]\^ ^ 0 1
[LeeDoYuJae]\. . 0 1
[LeeDoYuJae]\* * 0 1
[LeeDoYuJae]\+ + 0 1
[LeeDoYuJae]\? ? 0 1
[LeeDoYuJae]\[ [ 0 1
[LeeDoYuJae]\] ] 0 1
[LeeDoYuJae]\| | 0 1
[LeeDoYuJae]\\ \\ 0 1
[LeeDoYuJae]# # 0 1
[LeeDoYuJae]\# # 0 1
[LeeDoYuJae]a- a- 0 2
[LeeDoYuJae]\- - 0 1
[LeeDoYuJae]\{ { 0 1
[LeeDoYuJae]\} } 0 1
[LeeDoYuJae]0 0 0 1
[LeeDoYuJae]1 1 0 1
[LeeDoYuJae]9 9 0 1
[LeeDoYuJae]b b 0 1
[LeeDoYuJae]B B 0 1
[LeeDoYuJae]< < 0 1
[LeeDoYuJae]> > 0 1
[LeeDoYuJae]w w 0 1
[LeeDoYuJae]W W 0 1
[LeeDoYuJae]` ` 0 1
[LeeDoYuJae]' ' 0 1
[LeeDoYuJae]\n \n 0 1
[LeeDoYuJae], , 0 1
[LeeDoYuJae]a a 0 1
[LeeDoYuJae]f f 0 1
[LeeDoYuJae]n n 0 1
[LeeDoYuJae]r r 0 1
[LeeDoYuJae]t t 0 1
[LeeDoYuJae]v v 0 1
[LeeDoYuJae]c c 0 1
[LeeDoYuJae]x x 0 1
[LeeDoYuJae]: : 0 1
[LeeDoYuJae](\.[[:alnum:]]+){2} "w.a.b " 1 5 3 5
[LeeDoYuJae]
[LeeDoYuJae]- match_default normal REG_EXTENDED REG_ICASE
[LeeDoYuJae]a A 0 1
[LeeDoYuJae]A a 0 1
[LeeDoYuJae][abc]+ abcABC 0 6
[LeeDoYuJae][ABC]+ abcABC 0 6
[LeeDoYuJae][a-z]+ abcABC 0 6
[LeeDoYuJae][A-Z]+ abzANZ 0 6
[LeeDoYuJae][a-Z]+ abzABZ 0 6
[LeeDoYuJae][A-z]+ abzABZ 0 6
[LeeDoYuJae][[:lower:]]+ abyzABYZ 0 8
[LeeDoYuJae][[:upper:]]+ abzABZ 0 6
[LeeDoYuJae][[:alpha:]]+ abyzABYZ 0 8
[LeeDoYuJae][[:alnum:]]+ 09abyzABYZ 0 10
[LeeDoYuJae]
[LeeDoYuJae]; word start:
[LeeDoYuJae]\<abcd "  abcd" 2 6
[LeeDoYuJae]\<ab cab -1 -1
[LeeDoYuJae]\<ab "\nab" 1 3
[LeeDoYuJae]\<tag ::tag 2 5
[LeeDoYuJae];word end:
[LeeDoYuJae]abc\> abc 0 3
[LeeDoYuJae]abc\> abcd -1 -1
[LeeDoYuJae]abc\> abc\n 0 3
[LeeDoYuJae]abc\> abc:: 0 3
[LeeDoYuJae]
[LeeDoYuJae]; collating elements and rewritten set code:
[LeeDoYuJae]- match_default normal REG_EXTENDED REG_STARTEND
[LeeDoYuJae];[[.zero.]] 0 0 1
[LeeDoYuJae];[[.one.]] 1 0 1
[LeeDoYuJae];[[.two.]] 2 0 1
[LeeDoYuJae];[[.three.]] 3 0 1
[LeeDoYuJae][[.a.]] baa 1 2
[LeeDoYuJae];[[.right-curly-bracket.]] } 0 1
[LeeDoYuJae];[[.NUL.]] \0 0 1
[LeeDoYuJae][[:<:]z] !
[LeeDoYuJae][a[:>:]] !
[LeeDoYuJae][[=a=]] a 0 1
[LeeDoYuJae];[[=right-curly-bracket=]] } 0 1
[LeeDoYuJae]- match_default normal REG_EXTENDED REG_STARTEND REG_ICASE
[LeeDoYuJae][[.A.]] A 0 1
[LeeDoYuJae][[.A.]] a 0 1
[LeeDoYuJae][[.A.]-b]+ AaBb 0 4
[LeeDoYuJae][A-[.b.]]+ AaBb 0 4
[LeeDoYuJae][[.a.]-B]+ AaBb 0 4
[LeeDoYuJae][a-[.B.]]+ AaBb 0 4
[LeeDoYuJae]- match_default normal REG_EXTENDED REG_STARTEND
[LeeDoYuJae][[.a.]-c]+ abcd 0 3
[LeeDoYuJae][a-[.c.]]+ abcd 0 3
[LeeDoYuJae][[:alpha:]-a] !
[LeeDoYuJae][a-[:alpha:]] !
[LeeDoYuJae]
[LeeDoYuJae]; try mutli-character ligatures:
[LeeDoYuJae];[[.ae.]] ae 0 2
[LeeDoYuJae];[[.ae.]] aE -1 -1
[LeeDoYuJae];[[.AE.]] AE 0 2
[LeeDoYuJae];[[.Ae.]] Ae 0 2
[LeeDoYuJae];[[.ae.]-b] a -1 -1
[LeeDoYuJae];[[.ae.]-b] b 0 1
[LeeDoYuJae];[[.ae.]-b] ae 0 2
[LeeDoYuJae];[a-[.ae.]] a 0 1
[LeeDoYuJae];[a-[.ae.]] b -1 -1
[LeeDoYuJae];[a-[.ae.]] ae 0 2
[LeeDoYuJae]- match_default normal REG_EXTENDED REG_STARTEND REG_ICASE
[LeeDoYuJae];[[.ae.]] AE 0 2
[LeeDoYuJae];[[.ae.]] Ae 0 2
[LeeDoYuJae];[[.AE.]] Ae 0 2
[LeeDoYuJae];[[.Ae.]] aE 0 2
[LeeDoYuJae];[[.AE.]-B] a -1 -1
[LeeDoYuJae];[[.Ae.]-b] b 0 1
[LeeDoYuJae];[[.Ae.]-b] B 0 1
[LeeDoYuJae];[[.ae.]-b] AE 0 2
[LeeDoYuJae]
[LeeDoYuJae]- match_default normal REG_EXTENDED REG_STARTEND REG_NO_POSIX_TEST
[LeeDoYuJae]\s+ "ab   ab" 2 5
[LeeDoYuJae]\S+ "  abc  " 2 5
[LeeDoYuJae]
[LeeDoYuJae]- match_default normal REG_EXTENDED REG_STARTEND
[LeeDoYuJae]\`abc abc 0 3
[LeeDoYuJae]\`abc aabc -1 -1
[LeeDoYuJae]abc\' abc 0 3
[LeeDoYuJae]abc\' abcd -1 -1
[LeeDoYuJae]abc\' abc\n\n -1 -1
[LeeDoYuJae]abc\' abc 0 3
[LeeDoYuJae]
[LeeDoYuJae]; extended repeat checking to exercise new algorithms:
[LeeDoYuJae]ab.*xy abxy_ 0 4
[LeeDoYuJae]ab.*xy ab_xy_ 0 5
[LeeDoYuJae]ab.*xy abxy 0 4
[LeeDoYuJae]ab.*xy ab_xy 0 5
[LeeDoYuJae]ab.* ab 0 2
[LeeDoYuJae]ab.* ab__ 0 4
[LeeDoYuJae]
[LeeDoYuJae]ab.{2,5}xy ab__xy_ 0 6
[LeeDoYuJae]ab.{2,5}xy ab____xy_ 0 8
[LeeDoYuJae]ab.{2,5}xy ab_____xy_ 0 9
[LeeDoYuJae]ab.{2,5}xy ab__xy 0 6
[LeeDoYuJae]ab.{2,5}xy ab_____xy 0 9
[LeeDoYuJae]ab.{2,5} ab__ 0 4
[LeeDoYuJae]ab.{2,5} ab_______ 0 7
[LeeDoYuJae]ab.{2,5}xy ab______xy -1 -1
[LeeDoYuJae]ab.{2,5}xy ab_xy -1 -1
[LeeDoYuJae]
[LeeDoYuJae]ab.*?xy abxy_ 0 4
[LeeDoYuJae]ab.*?xy ab_xy_ 0 5
[LeeDoYuJae]ab.*?xy abxy 0 4
[LeeDoYuJae]ab.*?xy ab_xy 0 5
[LeeDoYuJae]ab.*? ab 0 2
[LeeDoYuJae]ab.*? ab__ 0 4
[LeeDoYuJae]
[LeeDoYuJae]ab.{2,5}?xy ab__xy_ 0 6
[LeeDoYuJae]ab.{2,5}?xy ab____xy_ 0 8
[LeeDoYuJae]ab.{2,5}?xy ab_____xy_ 0 9
[LeeDoYuJae]ab.{2,5}?xy ab__xy 0 6
[LeeDoYuJae]ab.{2,5}?xy ab_____xy 0 9
[LeeDoYuJae]ab.{2,5}? ab__ 0 4
[LeeDoYuJae]ab.{2,5}? ab_______ 0 7
[LeeDoYuJae]ab.{2,5}?xy ab______xy -1 -1
[LeeDoYuJae]ab.{2,5}xy ab_xy -1 -1
[LeeDoYuJae]
[LeeDoYuJae]; again but with slower algorithm variant:
[LeeDoYuJae]- match_default REG_EXTENDED
[LeeDoYuJae]; now again for single character repeats:
[LeeDoYuJae]
[LeeDoYuJae]ab_*xy abxy_ 0 4
[LeeDoYuJae]ab_*xy ab_xy_ 0 5
[LeeDoYuJae]ab_*xy abxy 0 4
[LeeDoYuJae]ab_*xy ab_xy 0 5
[LeeDoYuJae]ab_* ab 0 2
[LeeDoYuJae]ab_* ab__ 0 4
[LeeDoYuJae]
[LeeDoYuJae]ab_{2,5}xy ab__xy_ 0 6
[LeeDoYuJae]ab_{2,5}xy ab____xy_ 0 8
[LeeDoYuJae]ab_{2,5}xy ab_____xy_ 0 9
[LeeDoYuJae]ab_{2,5}xy ab__xy 0 6
[LeeDoYuJae]ab_{2,5}xy ab_____xy 0 9
[LeeDoYuJae]ab_{2,5} ab__ 0 4
[LeeDoYuJae]ab_{2,5} ab_______ 0 7
[LeeDoYuJae]ab_{2,5}xy ab______xy -1 -1
[LeeDoYuJae]ab_{2,5}xy ab_xy -1 -1
[LeeDoYuJae]
[LeeDoYuJae]ab_*?xy abxy_ 0 4
[LeeDoYuJae]ab_*?xy ab_xy_ 0 5
[LeeDoYuJae]ab_*?xy abxy 0 4
[LeeDoYuJae]ab_*?xy ab_xy 0 5
[LeeDoYuJae]ab_*? ab 0 2
[LeeDoYuJae]ab_*? ab__ 0 4
[LeeDoYuJae]
[LeeDoYuJae]ab_{2,5}?xy ab__xy_ 0 6
[LeeDoYuJae]ab_{2,5}?xy ab____xy_ 0 8
[LeeDoYuJae]ab_{2,5}?xy ab_____xy_ 0 9
[LeeDoYuJae]ab_{2,5}?xy ab__xy 0 6
[LeeDoYuJae]ab_{2,5}?xy ab_____xy 0 9
[LeeDoYuJae]ab_{2,5}? ab__ 0 4
[LeeDoYuJae]ab_{2,5}? ab_______ 0 7
[LeeDoYuJae]ab_{2,5}?xy ab______xy -1 -1
[LeeDoYuJae]ab_{2,5}xy ab_xy -1 -1
[LeeDoYuJae]
[LeeDoYuJae]; and again for sets:
[LeeDoYuJae]ab[_,;]*xy abxy_ 0 4
[LeeDoYuJae]ab[_,;]*xy ab_xy_ 0 5
[LeeDoYuJae]ab[_,;]*xy abxy 0 4
[LeeDoYuJae]ab[_,;]*xy ab_xy 0 5
[LeeDoYuJae]ab[_,;]* ab 0 2
[LeeDoYuJae]ab[_,;]* ab__ 0 4
[LeeDoYuJae]
[LeeDoYuJae]ab[_,;]{2,5}xy ab__xy_ 0 6
[LeeDoYuJae]ab[_,;]{2,5}xy ab____xy_ 0 8
[LeeDoYuJae]ab[_,;]{2,5}xy ab_____xy_ 0 9
[LeeDoYuJae]ab[_,;]{2,5}xy ab__xy 0 6
[LeeDoYuJae]ab[_,;]{2,5}xy ab_____xy 0 9
[LeeDoYuJae]ab[_,;]{2,5} ab__ 0 4
[LeeDoYuJae]ab[_,;]{2,5} ab_______ 0 7
[LeeDoYuJae]ab[_,;]{2,5}xy ab______xy -1 -1
[LeeDoYuJae]ab[_,;]{2,5}xy ab_xy -1 -1
[LeeDoYuJae]
[LeeDoYuJae]ab[_,;]*?xy abxy_ 0 4
[LeeDoYuJae]ab[_,;]*?xy ab_xy_ 0 5
[LeeDoYuJae]ab[_,;]*?xy abxy 0 4
[LeeDoYuJae]ab[_,;]*?xy ab_xy 0 5
[LeeDoYuJae]ab[_,;]*? ab 0 2
[LeeDoYuJae]ab[_,;]*? ab__ 0 4
[LeeDoYuJae]
[LeeDoYuJae]ab[_,;]{2,5}?xy ab__xy_ 0 6
[LeeDoYuJae]ab[_,;]{2,5}?xy ab____xy_ 0 8
[LeeDoYuJae]ab[_,;]{2,5}?xy ab_____xy_ 0 9
[LeeDoYuJae]ab[_,;]{2,5}?xy ab__xy 0 6
[LeeDoYuJae]ab[_,;]{2,5}?xy ab_____xy 0 9
[LeeDoYuJae]ab[_,;]{2,5}? ab__ 0 4
[LeeDoYuJae]ab[_,;]{2,5}? ab_______ 0 7
[LeeDoYuJae]ab[_,;]{2,5}?xy ab______xy -1 -1
[LeeDoYuJae]ab[_,;]{2,5}xy ab_xy -1 -1
[LeeDoYuJae]
[LeeDoYuJae]; and again for tricky sets with digraphs:
[LeeDoYuJae];ab[_[.ae.]]*xy abxy_ 0 4
[LeeDoYuJae];ab[_[.ae.]]*xy ab_xy_ 0 5
[LeeDoYuJae];ab[_[.ae.]]*xy abxy 0 4
[LeeDoYuJae];ab[_[.ae.]]*xy ab_xy 0 5
[LeeDoYuJae];ab[_[.ae.]]* ab 0 2
[LeeDoYuJae];ab[_[.ae.]]* ab__ 0 4
[LeeDoYuJae]
[LeeDoYuJae];ab[_[.ae.]]{2,5}xy ab__xy_ 0 6
[LeeDoYuJae];ab[_[.ae.]]{2,5}xy ab____xy_ 0 8
[LeeDoYuJae];ab[_[.ae.]]{2,5}xy ab_____xy_ 0 9
[LeeDoYuJae];ab[_[.ae.]]{2,5}xy ab__xy 0 6
[LeeDoYuJae];ab[_[.ae.]]{2,5}xy ab_____xy 0 9
[LeeDoYuJae];ab[_[.ae.]]{2,5} ab__ 0 4
[LeeDoYuJae];ab[_[.ae.]]{2,5} ab_______ 0 7
[LeeDoYuJae];ab[_[.ae.]]{2,5}xy ab______xy -1 -1
[LeeDoYuJae];ab[_[.ae.]]{2,5}xy ab_xy -1 -1
[LeeDoYuJae]
[LeeDoYuJae];ab[_[.ae.]]*?xy abxy_ 0 4
[LeeDoYuJae];ab[_[.ae.]]*?xy ab_xy_ 0 5
[LeeDoYuJae];ab[_[.ae.]]*?xy abxy 0 4
[LeeDoYuJae];ab[_[.ae.]]*?xy ab_xy 0 5
[LeeDoYuJae];ab[_[.ae.]]*? ab 0 2
[LeeDoYuJae];ab[_[.ae.]]*? ab__ 0 2
[LeeDoYuJae]
[LeeDoYuJae];ab[_[.ae.]]{2,5}?xy ab__xy_ 0 6
[LeeDoYuJae];ab[_[.ae.]]{2,5}?xy ab____xy_ 0 8
[LeeDoYuJae];ab[_[.ae.]]{2,5}?xy ab_____xy_ 0 9
[LeeDoYuJae];ab[_[.ae.]]{2,5}?xy ab__xy 0 6
[LeeDoYuJae];ab[_[.ae.]]{2,5}?xy ab_____xy 0 9
[LeeDoYuJae];ab[_[.ae.]]{2,5}? ab__ 0 4
[LeeDoYuJae];ab[_[.ae.]]{2,5}? ab_______ 0 4
[LeeDoYuJae];ab[_[.ae.]]{2,5}?xy ab______xy -1 -1
[LeeDoYuJae];ab[_[.ae.]]{2,5}xy ab_xy -1 -1
[LeeDoYuJae]
[LeeDoYuJae]; new bugs detected in spring 2003:
[LeeDoYuJae]- normal match_continuous REG_NO_POSIX_TEST
[LeeDoYuJae]b abc 1 2
[LeeDoYuJae]
[LeeDoYuJae]() abc 0 0 0 0
[LeeDoYuJae]^() abc 0 0 0 0
[LeeDoYuJae]^()+ abc 0 0 0 0
[LeeDoYuJae]^(){1} abc 0 0 0 0
[LeeDoYuJae]^(){2} abc 0 0 0 0
[LeeDoYuJae]^((){2}) abc 0 0 0 0 0 0
[LeeDoYuJae]() "" 0 0 0 0
[LeeDoYuJae]()\1 "" 0 0 0 0
[LeeDoYuJae]()\1 a 0 0 0 0
[LeeDoYuJae]a()\1b ab 0 2 1 1
[LeeDoYuJae]a()b\1 ab 0 2 1 1
[LeeDoYuJae]
[LeeDoYuJae]; subtleties of matching with no sub-expressions marked
[LeeDoYuJae]- normal match_nosubs REG_NO_POSIX_TEST
[LeeDoYuJae]a(b?c)+d accd 0 4 
[LeeDoYuJae](wee|week)(knights|night) weeknights 0 10 
[LeeDoYuJae].* abc 0 3
[LeeDoYuJae]a(b|(c))d abd 0 3 
[LeeDoYuJae]a(b|(c))d acd 0 3
[LeeDoYuJae]a(b*|c|e)d abbd 0 4
[LeeDoYuJae]a(b*|c|e)d acd 0 3 
[LeeDoYuJae]a(b*|c|e)d ad 0 2
[LeeDoYuJae]a(b?)c abc 0 3
[LeeDoYuJae]a(b?)c ac 0 2
[LeeDoYuJae]a(b+)c abc 0 3
[LeeDoYuJae]a(b+)c abbbc 0 5
[LeeDoYuJae]a(b*)c ac 0 2
[LeeDoYuJae](a|ab)(bc([de]+)f|cde) abcdef 0 6
[LeeDoYuJae]a([bc]?)c abc 0 3
[LeeDoYuJae]a([bc]?)c ac 0 2
[LeeDoYuJae]a([bc]+)c abc 0 3
[LeeDoYuJae]a([bc]+)c abcc 0 4
[LeeDoYuJae]a([bc]+)bc abcbc 0 5
[LeeDoYuJae]a(bb+|b)b abb 0 3
[LeeDoYuJae]a(bbb+|bb+|b)b abb 0 3
[LeeDoYuJae]a(bbb+|bb+|b)b abbb 0 4
[LeeDoYuJae]a(bbb+|bb+|b)bb abbb 0 4
[LeeDoYuJae](.*).* abcdef 0 6
[LeeDoYuJae](a*)* bc 0 0
[LeeDoYuJae]
[LeeDoYuJae]- normal nosubs REG_NO_POSIX_TEST
[LeeDoYuJae]a(b?c)+d accd 0 4 
[LeeDoYuJae](wee|week)(knights|night) weeknights 0 10 
[LeeDoYuJae].* abc 0 3
[LeeDoYuJae]a(b|(c))d abd 0 3 
[LeeDoYuJae]a(b|(c))d acd 0 3
[LeeDoYuJae]a(b*|c|e)d abbd 0 4
[LeeDoYuJae]a(b*|c|e)d acd 0 3 
[LeeDoYuJae]a(b*|c|e)d ad 0 2
[LeeDoYuJae]a(b?)c abc 0 3
[LeeDoYuJae]a(b?)c ac 0 2
[LeeDoYuJae]a(b+)c abc 0 3
[LeeDoYuJae]a(b+)c abbbc 0 5
[LeeDoYuJae]a(b*)c ac 0 2
[LeeDoYuJae](a|ab)(bc([de]+)f|cde) abcdef 0 6
[LeeDoYuJae]a([bc]?)c abc 0 3
[LeeDoYuJae]a([bc]?)c ac 0 2
[LeeDoYuJae]a([bc]+)c abc 0 3
[LeeDoYuJae]a([bc]+)c abcc 0 4
[LeeDoYuJae]a([bc]+)bc abcbc 0 5
[LeeDoYuJae]a(bb+|b)b abb 0 3
[LeeDoYuJae]a(bbb+|bb+|b)b abb 0 3
[LeeDoYuJae]a(bbb+|bb+|b)b abbb 0 4
[LeeDoYuJae]a(bbb+|bb+|b)bb abbb 0 4
[LeeDoYuJae](.*).* abcdef 0 6
[LeeDoYuJae](a*)* bc 0 0
[LeeDoYuJae]
