[LeeDoYuJae]strtod ("12.345") test 0[LeeDoYuJae]	OK
[LeeDoYuJae]strtod ("12.345e19") test 1[LeeDoYuJae]	OK
[LeeDoYuJae]strtod ("-.1e+9") test 2[LeeDoYuJae]	OK
[LeeDoYuJae]strtod (".125") test 3[LeeDoYuJae]	OK
[LeeDoYuJae]strtod ("1e20") test 4[LeeDoYuJae]	OK
[LeeDoYuJae]strtod ("0e-19") test 5[LeeDoYuJae]	OK
[LeeDoYuJae]strtod ("4") test 6[LeeDoYuJae]	OK
[LeeDoYuJae]strtod ("5.9e-76") test 7[LeeDoYuJae]	OK
[LeeDoYuJae]strtod ("0x1.4p+3") test 8[LeeDoYuJae]	OK
[LeeDoYuJae]strtod ("0xAp0") test 9[LeeDoYuJae]	OK
[LeeDoYuJae]strtod ("0x0Ap0") test 10[LeeDoYuJae]	OK
[LeeDoYuJae]strtod ("0x0A") test 11[LeeDoYuJae]	OK
[LeeDoYuJae]strtod ("0xA0") test 12[LeeDoYuJae]	OK
[LeeDoYuJae]strtod ("0x0.A0p8") test 13[LeeDoYuJae]	OK
[LeeDoYuJae]strtod ("0x0.50p9") test 14[LeeDoYuJae]	OK
[LeeDoYuJae]strtod ("0x0.28p10") test 15[LeeDoYuJae]	OK
[LeeDoYuJae]strtod ("0x0.14p11") test 16[LeeDoYuJae]	OK
[LeeDoYuJae]strtod ("0x0.0A0p12") test 17[LeeDoYuJae]	OK
[LeeDoYuJae]strtod ("0x0.050p13") test 18[LeeDoYuJae]	OK
[LeeDoYuJae]strtod ("0x0.028p14") test 19[LeeDoYuJae]	OK
[LeeDoYuJae]strtod ("0x0.014p15") test 20[LeeDoYuJae]	OK
[LeeDoYuJae]strtod ("0x00.00A0p16") test 21[LeeDoYuJae]	OK
[LeeDoYuJae]strtod ("0x00.0050p17") test 22[LeeDoYuJae]	OK
[LeeDoYuJae]strtod ("0x00.0028p18") test 23[LeeDoYuJae]	OK
[LeeDoYuJae]strtod ("0x00.0014p19") test 24[LeeDoYuJae]	OK
[LeeDoYuJae]strtod ("0x1p-1023") test 25[LeeDoYuJae]	OK
[LeeDoYuJae]strtod ("0x0.8p-1022") test 26[LeeDoYuJae]	OK
[LeeDoYuJae]strtod ("Inf") test 27[LeeDoYuJae]	OK
[LeeDoYuJae]strtod ("-Inf") test 28[LeeDoYuJae]	OK
[LeeDoYuJae]strtod ("+InFiNiTy") test 29[LeeDoYuJae]	OK
[LeeDoYuJae]strtod ("0x80000Ap-23") test 30[LeeDoYuJae]	OK
[LeeDoYuJae]strtod ("1e-324") test 31[LeeDoYuJae]	OK
[LeeDoYuJae]strtod ("0x100000000000008p0") test 32[LeeDoYuJae]	OK
[LeeDoYuJae]strtod ("0x100000000000008.p0") test 33[LeeDoYuJae]	OK
[LeeDoYuJae]strtod ("0x100000000000008.00p0") test 34[LeeDoYuJae]	OK
[LeeDoYuJae]strtod ("0x10000000000000800p0") test 35[LeeDoYuJae]	OK
[LeeDoYuJae]strtod ("0x10000000000000801p0") test 36[LeeDoYuJae]	OK
[LeeDoYuJae]strtod ("179769313486231570814527423731704356798070567525844996598917476803157260780028538760589558632766878171540458953514382464234321326889464182768467546703537516986049910576551282076245490090389328944075868508455133942304583236903222948165808559332123348274797826204144723168738177180919299881250404026184124858368", NULL) = 1.79769e+308
