[LeeDoYuJae]strtol("123", , 0) test 0[LeeDoYuJae]	OK
[LeeDoYuJae]strtol("+123", , 0) test 1[LeeDoYuJae]	OK
[LeeDoYuJae]strtol("  123", , 0) test 2[LeeDoYuJae]	OK
[LeeDoYuJae]strtol(" 123 ", , 0) test 3[LeeDoYuJae]	OK
[LeeDoYuJae]strtol("   -17", , 0) test 4[LeeDoYuJae]	OK
[LeeDoYuJae]strtol("0123", , 0) test 5[LeeDoYuJae]	OK
[LeeDoYuJae]strtol("0123a", , 0) test 6[LeeDoYuJae]	OK
[LeeDoYuJae]strtol("01239", , 0) test 7[LeeDoYuJae]	OK
[LeeDoYuJae]strtol("0x123", , 0) test 8[LeeDoYuJae]	OK
[LeeDoYuJae]strtol("-0x123", , 0) test 9[LeeDoYuJae]	OK
[LeeDoYuJae]strtol("0x0xc", , 0) test 10[LeeDoYuJae]	OK
[LeeDoYuJae]strtol(" +0x123fg", , 0) test 11[LeeDoYuJae]	OK
[LeeDoYuJae]strtol("123", , 16) test 12[LeeDoYuJae]	OK
[LeeDoYuJae]strtol("0x123", , 16) test 13[LeeDoYuJae]	OK
[LeeDoYuJae]strtol("123", , 8) test 14[LeeDoYuJae]	OK
[LeeDoYuJae]strtol("0123", , 8) test 15[LeeDoYuJae]	OK
[LeeDoYuJae]strtol("0123", , 10) test 16[LeeDoYuJae]	OK
[LeeDoYuJae]strtol("0x123", , 10) test 17[LeeDoYuJae]	OK
[LeeDoYuJae]strtol("abcd", , 16) test 18[LeeDoYuJae]	OK
[LeeDoYuJae]strtol("AbCd", , 16) test 19[LeeDoYuJae]	OK
[LeeDoYuJae]strtol("0xABCD", , 16) test 20[LeeDoYuJae]	OK
[LeeDoYuJae]strtol("0Xabcd", , 16) test 21[LeeDoYuJae]	OK
[LeeDoYuJae]strtol("0xyz", , 35) test 22[LeeDoYuJae]	OK
[LeeDoYuJae]strtol("yz!", , 36) test 23[LeeDoYuJae]	OK
[LeeDoYuJae]strtol("-yz", , 36) test 24[LeeDoYuJae]	OK
[LeeDoYuJae]strtol("GhI4", , 20) test 25[LeeDoYuJae]	OK
[LeeDoYuJae]strtol("9223372036854775807", , 0) test 26[LeeDoYuJae]	OK
[LeeDoYuJae]strtol("9223372036854775808", , 0) test 27[LeeDoYuJae]	OK
[LeeDoYuJae]strtol("922337203685477580777", , 0) test 28[LeeDoYuJae]	OK
[LeeDoYuJae]strtol("9223372036854775810", , 0) test 29[LeeDoYuJae]	OK
[LeeDoYuJae]strtol("-2147483648", , 0) test 30[LeeDoYuJae]	OK
[LeeDoYuJae]strtol("-9223372036854775808", , 0) test 31[LeeDoYuJae]	OK
[LeeDoYuJae]strtol("-9223372036854775809", , 0) test 32[LeeDoYuJae]	OK
[LeeDoYuJae]strtol("0x112233445566778899z", , 16) test 33[LeeDoYuJae]	OK
[LeeDoYuJae]strtol("0xFFFFFFFFFFFF00FF", , 0) test 34[LeeDoYuJae]	OK
[LeeDoYuJae]strtol("111111111111111111111111111111111111111111111111111111111111111", , 2) test 35[LeeDoYuJae]	OK
[LeeDoYuJae]strtol("1000000000000000000000000000000000000000000000000000000000000000", , 2) test 36[LeeDoYuJae]	OK
[LeeDoYuJae]strtol("2021110011022210012102010021220101220221", , 3) test 37[LeeDoYuJae]	OK
[LeeDoYuJae]strtol("2021110011022210012102010021220101220222", , 3) test 38[LeeDoYuJae]	OK
[LeeDoYuJae]strtol("13333333333333333333333333333333", , 4) test 39[LeeDoYuJae]	OK
[LeeDoYuJae]strtol("20000000000000000000000000000000", , 4) test 40[LeeDoYuJae]	OK
[LeeDoYuJae]strtol("1104332401304422434310311212", , 5) test 41[LeeDoYuJae]	OK
[LeeDoYuJae]strtol("1104332401304422434310311213", , 5) test 42[LeeDoYuJae]	OK
[LeeDoYuJae]strtol("1540241003031030222122211", , 6) test 43[LeeDoYuJae]	OK
[LeeDoYuJae]strtol("1540241003031030222122212", , 6) test 44[LeeDoYuJae]	OK
[LeeDoYuJae]strtol("22341010611245052052300", , 7) test 45[LeeDoYuJae]	OK
[LeeDoYuJae]strtol("22341010611245052052301", , 7) test 46[LeeDoYuJae]	OK
[LeeDoYuJae]strtol("777777777777777777777", , 8) test 47[LeeDoYuJae]	OK
[LeeDoYuJae]strtol("1000000000000000000000", , 8) test 48[LeeDoYuJae]	OK
[LeeDoYuJae]strtol("67404283172107811827", , 9) test 49[LeeDoYuJae]	OK
[LeeDoYuJae]strtol("67404283172107811828", , 9) test 50[LeeDoYuJae]	OK
[LeeDoYuJae]strtol("9223372036854775807", , 10) test 51[LeeDoYuJae]	OK
[LeeDoYuJae]strtol("9223372036854775808", , 10) test 52[LeeDoYuJae]	OK
[LeeDoYuJae]strtol("1728002635214590697", , 11) test 53[LeeDoYuJae]	OK
[LeeDoYuJae]strtol("1728002635214590698", , 11) test 54[LeeDoYuJae]	OK
[LeeDoYuJae]strtol("41a792678515120367", , 12) test 55[LeeDoYuJae]	OK
[LeeDoYuJae]strtol("41a792678515120368", , 12) test 56[LeeDoYuJae]	OK
[LeeDoYuJae]strtol("10b269549075433c37", , 13) test 57[LeeDoYuJae]	OK
[LeeDoYuJae]strtol("10b269549075433c38", , 13) test 58[LeeDoYuJae]	OK
[LeeDoYuJae]strtol("4340724c6c71dc7a7", , 14) test 59[LeeDoYuJae]	OK
[LeeDoYuJae]strtol("4340724c6c71dc7a8", , 14) test 60[LeeDoYuJae]	OK
[LeeDoYuJae]strtol("160e2ad3246366807", , 15) test 61[LeeDoYuJae]	OK
[LeeDoYuJae]strtol("160e2ad3246366808", , 15) test 62[LeeDoYuJae]	OK
[LeeDoYuJae]strtol("7fffffffffffffff", , 16) test 63[LeeDoYuJae]	OK
[LeeDoYuJae]strtol("8000000000000000", , 16) test 64[LeeDoYuJae]	OK
[LeeDoYuJae]strtol("33d3d8307b214008", , 17) test 65[LeeDoYuJae]	OK
[LeeDoYuJae]strtol("33d3d8307b214009", , 17) test 66[LeeDoYuJae]	OK
[LeeDoYuJae]strtol("16agh595df825fa7", , 18) test 67[LeeDoYuJae]	OK
[LeeDoYuJae]strtol("16agh595df825fa8", , 18) test 68[LeeDoYuJae]	OK
[LeeDoYuJae]strtol("ba643dci0ffeehh", , 19) test 69[LeeDoYuJae]	OK
[LeeDoYuJae]strtol("ba643dci0ffeehi", , 19) test 70[LeeDoYuJae]	OK
[LeeDoYuJae]strtol("5cbfjia3fh26ja7", , 20) test 71[LeeDoYuJae]	OK
[LeeDoYuJae]strtol("5cbfjia3fh26ja8", , 20) test 72[LeeDoYuJae]	OK
[LeeDoYuJae]strtol("2heiciiie82dh97", , 21) test 73[LeeDoYuJae]	OK
[LeeDoYuJae]strtol("2heiciiie82dh98", , 21) test 74[LeeDoYuJae]	OK
[LeeDoYuJae]strtol("1adaibb21dckfa7", , 22) test 75[LeeDoYuJae]	OK
[LeeDoYuJae]strtol("1adaibb21dckfa8", , 22) test 76[LeeDoYuJae]	OK
[LeeDoYuJae]strtol("i6k448cf4192c2", , 23) test 77[LeeDoYuJae]	OK
[LeeDoYuJae]strtol("i6k448cf4192c3", , 23) test 78[LeeDoYuJae]	OK
[LeeDoYuJae]strtol("acd772jnc9l0l7", , 24) test 79[LeeDoYuJae]	OK
[LeeDoYuJae]strtol("acd772jnc9l0l8", , 24) test 80[LeeDoYuJae]	OK
[LeeDoYuJae]strtol("64ie1focnn5g77", , 25) test 81[LeeDoYuJae]	OK
[LeeDoYuJae]strtol("64ie1focnn5g78", , 25) test 82[LeeDoYuJae]	OK
[LeeDoYuJae]strtol("3igoecjbmca687", , 26) test 83[LeeDoYuJae]	OK
[LeeDoYuJae]strtol("3igoecjbmca688", , 26) test 84[LeeDoYuJae]	OK
[LeeDoYuJae]strtol("27c48l5b37oaop", , 27) test 85[LeeDoYuJae]	OK
[LeeDoYuJae]strtol("27c48l5b37oaoq", , 27) test 86[LeeDoYuJae]	OK
[LeeDoYuJae]strtol("1bk39f3ah3dmq7", , 28) test 87[LeeDoYuJae]	OK
[LeeDoYuJae]strtol("1bk39f3ah3dmq8", , 28) test 88[LeeDoYuJae]	OK
[LeeDoYuJae]strtol("q1se8f0m04isb", , 29) test 89[LeeDoYuJae]	OK
[LeeDoYuJae]strtol("q1se8f0m04isc", , 29) test 90[LeeDoYuJae]	OK
[LeeDoYuJae]strtol("hajppbc1fc207", , 30) test 91[LeeDoYuJae]	OK
[LeeDoYuJae]strtol("hajppbc1fc208", , 30) test 92[LeeDoYuJae]	OK
[LeeDoYuJae]strtol("bm03i95hia437", , 31) test 93[LeeDoYuJae]	OK
[LeeDoYuJae]strtol("bm03i95hia438", , 31) test 94[LeeDoYuJae]	OK
[LeeDoYuJae]strtol("7vvvvvvvvvvvv", , 32) test 95[LeeDoYuJae]	OK
[LeeDoYuJae]strtol("8000000000000", , 32) test 96[LeeDoYuJae]	OK
[LeeDoYuJae]strtol("5hg4ck9jd4u37", , 33) test 97[LeeDoYuJae]	OK
[LeeDoYuJae]strtol("5hg4ck9jd4u38", , 33) test 98[LeeDoYuJae]	OK
[LeeDoYuJae]strtol("3tdtk1v8j6tpp", , 34) test 99[LeeDoYuJae]	OK
[LeeDoYuJae]strtol("3tdtk1v8j6tpq", , 34) test 100[LeeDoYuJae]	OK
[LeeDoYuJae]strtol("2pijmikexrxp7", , 35) test 101[LeeDoYuJae]	OK
[LeeDoYuJae]strtol("2pijmikexrxp8", , 35) test 102[LeeDoYuJae]	OK
[LeeDoYuJae]strtol("1y2p0ij32e8e7", , 36) test 103[LeeDoYuJae]	OK
[LeeDoYuJae]strtol("1y2p0ij32e8e8", , 36) test 104[LeeDoYuJae]	OK
[LeeDoYuJae]strtol("-1000000000000000000000000000000000000000000000000000000000000000", , 2) test 105[LeeDoYuJae]	OK
[LeeDoYuJae]strtol("-1000000000000000000000000000000000000000000000000000000000000001", , 2) test 106[LeeDoYuJae]	OK
[LeeDoYuJae]strtol("-2021110011022210012102010021220101220222", , 3) test 107[LeeDoYuJae]	OK
[LeeDoYuJae]strtol("-2021110011022210012102010021220101221000", , 3) test 108[LeeDoYuJae]	OK
[LeeDoYuJae]strtol("-20000000000000000000000000000000", , 4) test 109[LeeDoYuJae]	OK
[LeeDoYuJae]strtol("-20000000000000000000000000000001", , 4) test 110[LeeDoYuJae]	OK
[LeeDoYuJae]strtol("-1104332401304422434310311213", , 5) test 111[LeeDoYuJae]	OK
[LeeDoYuJae]strtol("-1104332401304422434310311214", , 5) test 112[LeeDoYuJae]	OK
[LeeDoYuJae]strtol("-1540241003031030222122212", , 6) test 113[LeeDoYuJae]	OK
[LeeDoYuJae]strtol("-1540241003031030222122213", , 6) test 114[LeeDoYuJae]	OK
[LeeDoYuJae]strtol("-22341010611245052052301", , 7) test 115[LeeDoYuJae]	OK
[LeeDoYuJae]strtol("-22341010611245052052302", , 7) test 116[LeeDoYuJae]	OK
[LeeDoYuJae]strtol("-1000000000000000000000", , 8) test 117[LeeDoYuJae]	OK
[LeeDoYuJae]strtol("-1000000000000000000001", , 8) test 118[LeeDoYuJae]	OK
[LeeDoYuJae]strtol("-67404283172107811828", , 9) test 119[LeeDoYuJae]	OK
[LeeDoYuJae]strtol("-67404283172107811830", , 9) test 120[LeeDoYuJae]	OK
[LeeDoYuJae]strtol("-9223372036854775808", , 10) test 121[LeeDoYuJae]	OK
[LeeDoYuJae]strtol("-9223372036854775809", , 10) test 122[LeeDoYuJae]	OK
[LeeDoYuJae]strtol("-1728002635214590698", , 11) test 123[LeeDoYuJae]	OK
[LeeDoYuJae]strtol("-1728002635214590699", , 11) test 124[LeeDoYuJae]	OK
[LeeDoYuJae]strtol("-41a792678515120368", , 12) test 125[LeeDoYuJae]	OK
[LeeDoYuJae]strtol("-41a792678515120369", , 12) test 126[LeeDoYuJae]	OK
[LeeDoYuJae]strtol("-10b269549075433c38", , 13) test 127[LeeDoYuJae]	OK
[LeeDoYuJae]strtol("-10b269549075433c39", , 13) test 128[LeeDoYuJae]	OK
[LeeDoYuJae]strtol("-4340724c6c71dc7a8", , 14) test 129[LeeDoYuJae]	OK
[LeeDoYuJae]strtol("-4340724c6c71dc7a9", , 14) test 130[LeeDoYuJae]	OK
[LeeDoYuJae]strtol("-160e2ad3246366808", , 15) test 131[LeeDoYuJae]	OK
[LeeDoYuJae]strtol("-160e2ad3246366809", , 15) test 132[LeeDoYuJae]	OK
[LeeDoYuJae]strtol("-8000000000000000", , 16) test 133[LeeDoYuJae]	OK
[LeeDoYuJae]strtol("-8000000000000001", , 16) test 134[LeeDoYuJae]	OK
[LeeDoYuJae]strtol("-33d3d8307b214009", , 17) test 135[LeeDoYuJae]	OK
[LeeDoYuJae]strtol("-33d3d8307b21400a", , 17) test 136[LeeDoYuJae]	OK
[LeeDoYuJae]strtol("-16agh595df825fa8", , 18) test 137[LeeDoYuJae]	OK
[LeeDoYuJae]strtol("-16agh595df825fa9", , 18) test 138[LeeDoYuJae]	OK
[LeeDoYuJae]strtol("-ba643dci0ffeehi", , 19) test 139[LeeDoYuJae]	OK
[LeeDoYuJae]strtol("-ba643dci0ffeei0", , 19) test 140[LeeDoYuJae]	OK
[LeeDoYuJae]strtol("-5cbfjia3fh26ja8", , 20) test 141[LeeDoYuJae]	OK
[LeeDoYuJae]strtol("-5cbfjia3fh26ja9", , 20) test 142[LeeDoYuJae]	OK
[LeeDoYuJae]strtol("-2heiciiie82dh98", , 21) test 143[LeeDoYuJae]	OK
[LeeDoYuJae]strtol("-2heiciiie82dh99", , 21) test 144[LeeDoYuJae]	OK
[LeeDoYuJae]strtol("-1adaibb21dckfa8", , 22) test 145[LeeDoYuJae]	OK
[LeeDoYuJae]strtol("-1adaibb21dckfa9", , 22) test 146[LeeDoYuJae]	OK
[LeeDoYuJae]strtol("-i6k448cf4192c3", , 23) test 147[LeeDoYuJae]	OK
[LeeDoYuJae]strtol("-i6k448cf4192c4", , 23) test 148[LeeDoYuJae]	OK
[LeeDoYuJae]strtol("-acd772jnc9l0l8", , 24) test 149[LeeDoYuJae]	OK
[LeeDoYuJae]strtol("-acd772jnc9l0l9", , 24) test 150[LeeDoYuJae]	OK
[LeeDoYuJae]strtol("-64ie1focnn5g78", , 25) test 151[LeeDoYuJae]	OK
[LeeDoYuJae]strtol("-64ie1focnn5g79", , 25) test 152[LeeDoYuJae]	OK
[LeeDoYuJae]strtol("-3igoecjbmca688", , 26) test 153[LeeDoYuJae]	OK
[LeeDoYuJae]strtol("-3igoecjbmca689", , 26) test 154[LeeDoYuJae]	OK
[LeeDoYuJae]strtol("-27c48l5b37oaoq", , 27) test 155[LeeDoYuJae]	OK
[LeeDoYuJae]strtol("-27c48l5b37oap0", , 27) test 156[LeeDoYuJae]	OK
[LeeDoYuJae]strtol("-1bk39f3ah3dmq8", , 28) test 157[LeeDoYuJae]	OK
[LeeDoYuJae]strtol("-1bk39f3ah3dmq9", , 28) test 158[LeeDoYuJae]	OK
[LeeDoYuJae]strtol("-q1se8f0m04isc", , 29) test 159[LeeDoYuJae]	OK
[LeeDoYuJae]strtol("-q1se8f0m04isd", , 29) test 160[LeeDoYuJae]	OK
[LeeDoYuJae]strtol("-hajppbc1fc208", , 30) test 161[LeeDoYuJae]	OK
[LeeDoYuJae]strtol("-hajppbc1fc209", , 30) test 162[LeeDoYuJae]	OK
[LeeDoYuJae]strtol("-bm03i95hia438", , 31) test 163[LeeDoYuJae]	OK
[LeeDoYuJae]strtol("-bm03i95hia439", , 31) test 164[LeeDoYuJae]	OK
[LeeDoYuJae]strtol("-8000000000000", , 32) test 165[LeeDoYuJae]	OK
[LeeDoYuJae]strtol("-8000000000001", , 32) test 166[LeeDoYuJae]	OK
[LeeDoYuJae]strtol("-5hg4ck9jd4u38", , 33) test 167[LeeDoYuJae]	OK
[LeeDoYuJae]strtol("-5hg4ck9jd4u39", , 33) test 168[LeeDoYuJae]	OK
[LeeDoYuJae]strtol("-3tdtk1v8j6tpq", , 34) test 169[LeeDoYuJae]	OK
[LeeDoYuJae]strtol("-3tdtk1v8j6tpr", , 34) test 170[LeeDoYuJae]	OK
[LeeDoYuJae]strtol("-2pijmikexrxp8", , 35) test 171[LeeDoYuJae]	OK
[LeeDoYuJae]strtol("-2pijmikexrxp9", , 35) test 172[LeeDoYuJae]	OK
[LeeDoYuJae]strtol("-1y2p0ij32e8e8", , 36) test 173[LeeDoYuJae]	OK
[LeeDoYuJae]strtol("-1y2p0ij32e8e9", , 36) test 174[LeeDoYuJae]	OK
[LeeDoYuJae]strtoul("  0", , 0) test 176[LeeDoYuJae]	OK
[LeeDoYuJae]strtoul("0xffffffffg", , 0) test 177[LeeDoYuJae]	OK
[LeeDoYuJae]strtoul("0xffffffffffffffffg", , 0) test 178[LeeDoYuJae]	OK
[LeeDoYuJae]strtoul("-0xfedcba987654321", , 0) test 179[LeeDoYuJae]	OK
[LeeDoYuJae]strtoul("0xf1f2f3f4f5f6f7f8f9", , 0) test 180[LeeDoYuJae]	OK
[LeeDoYuJae]strtoul("-0x123456789abcdef01", , 0) test 181[LeeDoYuJae]	OK
[LeeDoYuJae]strtoul("1111111111111111111111111111111111111111111111111111111111111111", , 2) test 182[LeeDoYuJae]	OK
[LeeDoYuJae]strtoul("10000000000000000000000000000000000000000000000000000000000000000", , 2) test 183[LeeDoYuJae]	OK
[LeeDoYuJae]strtoul("11112220022122120101211020120210210211220", , 3) test 184[LeeDoYuJae]	OK
[LeeDoYuJae]strtoul("11112220022122120101211020120210210211221", , 3) test 185[LeeDoYuJae]	OK
[LeeDoYuJae]strtoul("33333333333333333333333333333333", , 4) test 186[LeeDoYuJae]	OK
[LeeDoYuJae]strtoul("100000000000000000000000000000000", , 4) test 187[LeeDoYuJae]	OK
[LeeDoYuJae]strtoul("2214220303114400424121122430", , 5) test 188[LeeDoYuJae]	OK
[LeeDoYuJae]strtoul("2214220303114400424121122431", , 5) test 189[LeeDoYuJae]	OK
[LeeDoYuJae]strtoul("3520522010102100444244423", , 6) test 190[LeeDoYuJae]	OK
[LeeDoYuJae]strtoul("3520522010102100444244424", , 6) test 191[LeeDoYuJae]	OK
[LeeDoYuJae]strtoul("45012021522523134134601", , 7) test 192[LeeDoYuJae]	OK
[LeeDoYuJae]strtoul("45012021522523134134602", , 7) test 193[LeeDoYuJae]	OK
[LeeDoYuJae]strtoul("1777777777777777777777", , 8) test 194[LeeDoYuJae]	OK
[LeeDoYuJae]strtoul("2000000000000000000000", , 8) test 195[LeeDoYuJae]	OK
[LeeDoYuJae]strtoul("145808576354216723756", , 9) test 196[LeeDoYuJae]	OK
[LeeDoYuJae]strtoul("145808576354216723757", , 9) test 197[LeeDoYuJae]	OK
[LeeDoYuJae]strtoul("18446744073709551615", , 10) test 198[LeeDoYuJae]	OK
[LeeDoYuJae]strtoul("18446744073709551616", , 10) test 199[LeeDoYuJae]	OK
[LeeDoYuJae]strtoul("335500516a429071284", , 11) test 200[LeeDoYuJae]	OK
[LeeDoYuJae]strtoul("335500516a429071285", , 11) test 201[LeeDoYuJae]	OK
[LeeDoYuJae]strtoul("839365134a2a240713", , 12) test 202[LeeDoYuJae]	OK
[LeeDoYuJae]strtoul("839365134a2a240714", , 12) test 203[LeeDoYuJae]	OK
[LeeDoYuJae]strtoul("219505a9511a867b72", , 13) test 204[LeeDoYuJae]	OK
[LeeDoYuJae]strtoul("219505a9511a867b73", , 13) test 205[LeeDoYuJae]	OK
[LeeDoYuJae]strtoul("8681049adb03db171", , 14) test 206[LeeDoYuJae]	OK
[LeeDoYuJae]strtoul("8681049adb03db172", , 14) test 207[LeeDoYuJae]	OK
[LeeDoYuJae]strtoul("2c1d56b648c6cd110", , 15) test 208[LeeDoYuJae]	OK
[LeeDoYuJae]strtoul("2c1d56b648c6cd111", , 15) test 209[LeeDoYuJae]	OK
[LeeDoYuJae]strtoul("ffffffffffffffff", , 16) test 210[LeeDoYuJae]	OK
[LeeDoYuJae]strtoul("10000000000000000", , 16) test 211[LeeDoYuJae]	OK
[LeeDoYuJae]strtoul("67979g60f5428010", , 17) test 212[LeeDoYuJae]	OK
[LeeDoYuJae]strtoul("67979g60f5428011", , 17) test 213[LeeDoYuJae]	OK
[LeeDoYuJae]strtoul("2d3fgb0b9cg4bd2f", , 18) test 214[LeeDoYuJae]	OK
[LeeDoYuJae]strtoul("2d3fgb0b9cg4bd2g", , 18) test 215[LeeDoYuJae]	OK
[LeeDoYuJae]strtoul("141c8786h1ccaagg", , 19) test 216[LeeDoYuJae]	OK
[LeeDoYuJae]strtoul("141c8786h1ccaagh", , 19) test 217[LeeDoYuJae]	OK
[LeeDoYuJae]strtoul("b53bjh07be4dj0f", , 20) test 218[LeeDoYuJae]	OK
[LeeDoYuJae]strtoul("b53bjh07be4dj0g", , 20) test 219[LeeDoYuJae]	OK
[LeeDoYuJae]strtoul("5e8g4ggg7g56dif", , 21) test 220[LeeDoYuJae]	OK
[LeeDoYuJae]strtoul("5e8g4ggg7g56dig", , 21) test 221[LeeDoYuJae]	OK
[LeeDoYuJae]strtoul("2l4lf104353j8kf", , 22) test 222[LeeDoYuJae]	OK
[LeeDoYuJae]strtoul("2l4lf104353j8kg", , 22) test 223[LeeDoYuJae]	OK
[LeeDoYuJae]strtoul("1ddh88h2782i515", , 23) test 224[LeeDoYuJae]	OK
[LeeDoYuJae]strtoul("1ddh88h2782i516", , 23) test 225[LeeDoYuJae]	OK
[LeeDoYuJae]strtoul("l12ee5fn0ji1if", , 24) test 226[LeeDoYuJae]	OK
[LeeDoYuJae]strtoul("l12ee5fn0ji1ig", , 24) test 227[LeeDoYuJae]	OK
[LeeDoYuJae]strtoul("c9c336o0mlb7ef", , 25) test 228[LeeDoYuJae]	OK
[LeeDoYuJae]strtoul("c9c336o0mlb7eg", , 25) test 229[LeeDoYuJae]	OK
[LeeDoYuJae]strtoul("7b7n2pcniokcgf", , 26) test 230[LeeDoYuJae]	OK
[LeeDoYuJae]strtoul("7b7n2pcniokcgg", , 26) test 231[LeeDoYuJae]	OK
[LeeDoYuJae]strtoul("4eo8hfam6fllmo", , 27) test 232[LeeDoYuJae]	OK
[LeeDoYuJae]strtoul("4eo8hfam6fllmp", , 27) test 233[LeeDoYuJae]	OK
[LeeDoYuJae]strtoul("2nc6j26l66rhof", , 28) test 234[LeeDoYuJae]	OK
[LeeDoYuJae]strtoul("2nc6j26l66rhog", , 28) test 235[LeeDoYuJae]	OK
[LeeDoYuJae]strtoul("1n3rsh11f098rn", , 29) test 236[LeeDoYuJae]	OK
[LeeDoYuJae]strtoul("1n3rsh11f098ro", , 29) test 237[LeeDoYuJae]	OK
[LeeDoYuJae]strtoul("14l9lkmo30o40f", , 30) test 238[LeeDoYuJae]	OK
[LeeDoYuJae]strtoul("14l9lkmo30o40g", , 30) test 239[LeeDoYuJae]	OK
[LeeDoYuJae]strtoul("nd075ib45k86f", , 31) test 240[LeeDoYuJae]	OK
[LeeDoYuJae]strtoul("nd075ib45k86g", , 31) test 241[LeeDoYuJae]	OK
[LeeDoYuJae]strtoul("fvvvvvvvvvvvv", , 32) test 242[LeeDoYuJae]	OK
[LeeDoYuJae]strtoul("g000000000000", , 32) test 243[LeeDoYuJae]	OK
[LeeDoYuJae]strtoul("b1w8p7j5q9r6f", , 33) test 244[LeeDoYuJae]	OK
[LeeDoYuJae]strtoul("b1w8p7j5q9r6g", , 33) test 245[LeeDoYuJae]	OK
[LeeDoYuJae]strtoul("7orp63sh4dphh", , 34) test 246[LeeDoYuJae]	OK
[LeeDoYuJae]strtoul("7orp63sh4dphi", , 34) test 247[LeeDoYuJae]	OK
[LeeDoYuJae]strtoul("5g24a25twkwff", , 35) test 248[LeeDoYuJae]	OK
[LeeDoYuJae]strtoul("5g24a25twkwfg", , 35) test 249[LeeDoYuJae]	OK
[LeeDoYuJae]strtoul("3w5e11264sgsf", , 36) test 250[LeeDoYuJae]	OK
[LeeDoYuJae]strtoul("3w5e11264sgsg", , 36) test 251[LeeDoYuJae]	OK
