[LeeDoYuJae]PASS: C: strtof ("NAN(A)")
[LeeDoYuJae]PASS: C: strtod ("NAN(A)")
[LeeDoYuJae]PASS: C: strtold ("NAN(A)")
[LeeDoYuJae]PASS: C: strtof128 ("NAN(A)")
[LeeDoYuJae]PASS: C: strtof ("NAN(a)")
[LeeDoYuJae]PASS: C: strtod ("NAN(a)")
[LeeDoYuJae]PASS: C: strtold ("NAN(a)")
[LeeDoYuJae]PASS: C: strtof128 ("NAN(a)")
[LeeDoYuJae]PASS: C: strtof ("NAN(B)")
[LeeDoYuJae]PASS: C: strtod ("NAN(B)")
[LeeDoYuJae]PASS: C: strtold ("NAN(B)")
[LeeDoYuJae]PASS: C: strtof128 ("NAN(B)")
[LeeDoYuJae]PASS: C: strtof ("NAN(b)")
[LeeDoYuJae]PASS: C: strtod ("NAN(b)")
[LeeDoYuJae]PASS: C: strtold ("NAN(b)")
[LeeDoYuJae]PASS: C: strtof128 ("NAN(b)")
[LeeDoYuJae]PASS: C: strtof ("NAN(C)")
[LeeDoYuJae]PASS: C: strtod ("NAN(C)")
[LeeDoYuJae]PASS: C: strtold ("NAN(C)")
[LeeDoYuJae]PASS: C: strtof128 ("NAN(C)")
[LeeDoYuJae]PASS: C: strtof ("NAN(c)")
[LeeDoYuJae]PASS: C: strtod ("NAN(c)")
[LeeDoYuJae]PASS: C: strtold ("NAN(c)")
[LeeDoYuJae]PASS: C: strtof128 ("NAN(c)")
[LeeDoYuJae]PASS: C: strtof ("NAN(D)")
[LeeDoYuJae]PASS: C: strtod ("NAN(D)")
[LeeDoYuJae]PASS: C: strtold ("NAN(D)")
[LeeDoYuJae]PASS: C: strtof128 ("NAN(D)")
[LeeDoYuJae]PASS: C: strtof ("NAN(d)")
[LeeDoYuJae]PASS: C: strtod ("NAN(d)")
[LeeDoYuJae]PASS: C: strtold ("NAN(d)")
[LeeDoYuJae]PASS: C: strtof128 ("NAN(d)")
[LeeDoYuJae]PASS: C: strtof ("NAN(E)")
[LeeDoYuJae]PASS: C: strtod ("NAN(E)")
[LeeDoYuJae]PASS: C: strtold ("NAN(E)")
[LeeDoYuJae]PASS: C: strtof128 ("NAN(E)")
[LeeDoYuJae]PASS: C: strtof ("NAN(e)")
[LeeDoYuJae]PASS: C: strtod ("NAN(e)")
[LeeDoYuJae]PASS: C: strtold ("NAN(e)")
[LeeDoYuJae]PASS: C: strtof128 ("NAN(e)")
[LeeDoYuJae]PASS: C: strtof ("NAN(F)")
[LeeDoYuJae]PASS: C: strtod ("NAN(F)")
[LeeDoYuJae]PASS: C: strtold ("NAN(F)")
[LeeDoYuJae]PASS: C: strtof128 ("NAN(F)")
[LeeDoYuJae]PASS: C: strtof ("NAN(f)")
[LeeDoYuJae]PASS: C: strtod ("NAN(f)")
[LeeDoYuJae]PASS: C: strtold ("NAN(f)")
[LeeDoYuJae]PASS: C: strtof128 ("NAN(f)")
[LeeDoYuJae]PASS: C: strtof ("NAN(G)")
[LeeDoYuJae]PASS: C: strtod ("NAN(G)")
[LeeDoYuJae]PASS: C: strtold ("NAN(G)")
[LeeDoYuJae]PASS: C: strtof128 ("NAN(G)")
[LeeDoYuJae]PASS: C: strtof ("NAN(g)")
[LeeDoYuJae]PASS: C: strtod ("NAN(g)")
[LeeDoYuJae]PASS: C: strtold ("NAN(g)")
[LeeDoYuJae]PASS: C: strtof128 ("NAN(g)")
[LeeDoYuJae]PASS: C: strtof ("NAN(H)")
[LeeDoYuJae]PASS: C: strtod ("NAN(H)")
[LeeDoYuJae]PASS: C: strtold ("NAN(H)")
[LeeDoYuJae]PASS: C: strtof128 ("NAN(H)")
[LeeDoYuJae]PASS: C: strtof ("NAN(h)")
[LeeDoYuJae]PASS: C: strtod ("NAN(h)")
[LeeDoYuJae]PASS: C: strtold ("NAN(h)")
[LeeDoYuJae]PASS: C: strtof128 ("NAN(h)")
[LeeDoYuJae]PASS: C: strtof ("NAN(I)")
[LeeDoYuJae]PASS: C: strtod ("NAN(I)")
[LeeDoYuJae]PASS: C: strtold ("NAN(I)")
[LeeDoYuJae]PASS: C: strtof128 ("NAN(I)")
[LeeDoYuJae]PASS: C: strtof ("NAN(i)")
[LeeDoYuJae]PASS: C: strtod ("NAN(i)")
[LeeDoYuJae]PASS: C: strtold ("NAN(i)")
[LeeDoYuJae]PASS: C: strtof128 ("NAN(i)")
[LeeDoYuJae]PASS: C: strtof ("NAN(J)")
[LeeDoYuJae]PASS: C: strtod ("NAN(J)")
[LeeDoYuJae]PASS: C: strtold ("NAN(J)")
[LeeDoYuJae]PASS: C: strtof128 ("NAN(J)")
[LeeDoYuJae]PASS: C: strtof ("NAN(j)")
[LeeDoYuJae]PASS: C: strtod ("NAN(j)")
[LeeDoYuJae]PASS: C: strtold ("NAN(j)")
[LeeDoYuJae]PASS: C: strtof128 ("NAN(j)")
[LeeDoYuJae]PASS: C: strtof ("NAN(K)")
[LeeDoYuJae]PASS: C: strtod ("NAN(K)")
[LeeDoYuJae]PASS: C: strtold ("NAN(K)")
[LeeDoYuJae]PASS: C: strtof128 ("NAN(K)")
[LeeDoYuJae]PASS: C: strtof ("NAN(k)")
[LeeDoYuJae]PASS: C: strtod ("NAN(k)")
[LeeDoYuJae]PASS: C: strtold ("NAN(k)")
[LeeDoYuJae]PASS: C: strtof128 ("NAN(k)")
[LeeDoYuJae]PASS: C: strtof ("NAN(L)")
[LeeDoYuJae]PASS: C: strtod ("NAN(L)")
[LeeDoYuJae]PASS: C: strtold ("NAN(L)")
[LeeDoYuJae]PASS: C: strtof128 ("NAN(L)")
[LeeDoYuJae]PASS: C: strtof ("NAN(l)")
[LeeDoYuJae]PASS: C: strtod ("NAN(l)")
[LeeDoYuJae]PASS: C: strtold ("NAN(l)")
[LeeDoYuJae]PASS: C: strtof128 ("NAN(l)")
[LeeDoYuJae]PASS: C: strtof ("NAN(M)")
[LeeDoYuJae]PASS: C: strtod ("NAN(M)")
[LeeDoYuJae]PASS: C: strtold ("NAN(M)")
[LeeDoYuJae]PASS: C: strtof128 ("NAN(M)")
[LeeDoYuJae]PASS: C: strtof ("NAN(m)")
[LeeDoYuJae]PASS: C: strtod ("NAN(m)")
[LeeDoYuJae]PASS: C: strtold ("NAN(m)")
[LeeDoYuJae]PASS: C: strtof128 ("NAN(m)")
[LeeDoYuJae]PASS: C: strtof ("NAN(N)")
[LeeDoYuJae]PASS: C: strtod ("NAN(N)")
[LeeDoYuJae]PASS: C: strtold ("NAN(N)")
[LeeDoYuJae]PASS: C: strtof128 ("NAN(N)")
[LeeDoYuJae]PASS: C: strtof ("NAN(n)")
[LeeDoYuJae]PASS: C: strtod ("NAN(n)")
[LeeDoYuJae]PASS: C: strtold ("NAN(n)")
[LeeDoYuJae]PASS: C: strtof128 ("NAN(n)")
[LeeDoYuJae]PASS: C: strtof ("NAN(O)")
[LeeDoYuJae]PASS: C: strtod ("NAN(O)")
[LeeDoYuJae]PASS: C: strtold ("NAN(O)")
[LeeDoYuJae]PASS: C: strtof128 ("NAN(O)")
[LeeDoYuJae]PASS: C: strtof ("NAN(o)")
[LeeDoYuJae]PASS: C: strtod ("NAN(o)")
[LeeDoYuJae]PASS: C: strtold ("NAN(o)")
[LeeDoYuJae]PASS: C: strtof128 ("NAN(o)")
[LeeDoYuJae]PASS: C: strtof ("NAN(P)")
[LeeDoYuJae]PASS: C: strtod ("NAN(P)")
[LeeDoYuJae]PASS: C: strtold ("NAN(P)")
[LeeDoYuJae]PASS: C: strtof128 ("NAN(P)")
[LeeDoYuJae]PASS: C: strtof ("NAN(p)")
[LeeDoYuJae]PASS: C: strtod ("NAN(p)")
[LeeDoYuJae]PASS: C: strtold ("NAN(p)")
[LeeDoYuJae]PASS: C: strtof128 ("NAN(p)")
[LeeDoYuJae]PASS: C: strtof ("NAN(Q)")
[LeeDoYuJae]PASS: C: strtod ("NAN(Q)")
[LeeDoYuJae]PASS: C: strtold ("NAN(Q)")
[LeeDoYuJae]PASS: C: strtof128 ("NAN(Q)")
[LeeDoYuJae]PASS: C: strtof ("NAN(q)")
[LeeDoYuJae]PASS: C: strtod ("NAN(q)")
[LeeDoYuJae]PASS: C: strtold ("NAN(q)")
[LeeDoYuJae]PASS: C: strtof128 ("NAN(q)")
[LeeDoYuJae]PASS: C: strtof ("NAN(R)")
[LeeDoYuJae]PASS: C: strtod ("NAN(R)")
[LeeDoYuJae]PASS: C: strtold ("NAN(R)")
[LeeDoYuJae]PASS: C: strtof128 ("NAN(R)")
[LeeDoYuJae]PASS: C: strtof ("NAN(r)")
[LeeDoYuJae]PASS: C: strtod ("NAN(r)")
[LeeDoYuJae]PASS: C: strtold ("NAN(r)")
[LeeDoYuJae]PASS: C: strtof128 ("NAN(r)")
[LeeDoYuJae]PASS: C: strtof ("NAN(S)")
[LeeDoYuJae]PASS: C: strtod ("NAN(S)")
[LeeDoYuJae]PASS: C: strtold ("NAN(S)")
[LeeDoYuJae]PASS: C: strtof128 ("NAN(S)")
[LeeDoYuJae]PASS: C: strtof ("NAN(s)")
[LeeDoYuJae]PASS: C: strtod ("NAN(s)")
[LeeDoYuJae]PASS: C: strtold ("NAN(s)")
[LeeDoYuJae]PASS: C: strtof128 ("NAN(s)")
[LeeDoYuJae]PASS: C: strtof ("NAN(T)")
[LeeDoYuJae]PASS: C: strtod ("NAN(T)")
[LeeDoYuJae]PASS: C: strtold ("NAN(T)")
[LeeDoYuJae]PASS: C: strtof128 ("NAN(T)")
[LeeDoYuJae]PASS: C: strtof ("NAN(t)")
[LeeDoYuJae]PASS: C: strtod ("NAN(t)")
[LeeDoYuJae]PASS: C: strtold ("NAN(t)")
[LeeDoYuJae]PASS: C: strtof128 ("NAN(t)")
[LeeDoYuJae]PASS: C: strtof ("NAN(U)")
[LeeDoYuJae]PASS: C: strtod ("NAN(U)")
[LeeDoYuJae]PASS: C: strtold ("NAN(U)")
[LeeDoYuJae]PASS: C: strtof128 ("NAN(U)")
[LeeDoYuJae]PASS: C: strtof ("NAN(u)")
[LeeDoYuJae]PASS: C: strtod ("NAN(u)")
[LeeDoYuJae]PASS: C: strtold ("NAN(u)")
[LeeDoYuJae]PASS: C: strtof128 ("NAN(u)")
[LeeDoYuJae]PASS: C: strtof ("NAN(V)")
[LeeDoYuJae]PASS: C: strtod ("NAN(V)")
[LeeDoYuJae]PASS: C: strtold ("NAN(V)")
[LeeDoYuJae]PASS: C: strtof128 ("NAN(V)")
[LeeDoYuJae]PASS: C: strtof ("NAN(v)")
[LeeDoYuJae]PASS: C: strtod ("NAN(v)")
[LeeDoYuJae]PASS: C: strtold ("NAN(v)")
[LeeDoYuJae]PASS: C: strtof128 ("NAN(v)")
[LeeDoYuJae]PASS: C: strtof ("NAN(W)")
[LeeDoYuJae]PASS: C: strtod ("NAN(W)")
[LeeDoYuJae]PASS: C: strtold ("NAN(W)")
[LeeDoYuJae]PASS: C: strtof128 ("NAN(W)")
[LeeDoYuJae]PASS: C: strtof ("NAN(w)")
[LeeDoYuJae]PASS: C: strtod ("NAN(w)")
[LeeDoYuJae]PASS: C: strtold ("NAN(w)")
[LeeDoYuJae]PASS: C: strtof128 ("NAN(w)")
[LeeDoYuJae]PASS: C: strtof ("NAN(X)")
[LeeDoYuJae]PASS: C: strtod ("NAN(X)")
[LeeDoYuJae]PASS: C: strtold ("NAN(X)")
[LeeDoYuJae]PASS: C: strtof128 ("NAN(X)")
[LeeDoYuJae]PASS: C: strtof ("NAN(x)")
[LeeDoYuJae]PASS: C: strtod ("NAN(x)")
[LeeDoYuJae]PASS: C: strtold ("NAN(x)")
[LeeDoYuJae]PASS: C: strtof128 ("NAN(x)")
[LeeDoYuJae]PASS: C: strtof ("NAN(Y)")
[LeeDoYuJae]PASS: C: strtod ("NAN(Y)")
[LeeDoYuJae]PASS: C: strtold ("NAN(Y)")
[LeeDoYuJae]PASS: C: strtof128 ("NAN(Y)")
[LeeDoYuJae]PASS: C: strtof ("NAN(y)")
[LeeDoYuJae]PASS: C: strtod ("NAN(y)")
[LeeDoYuJae]PASS: C: strtold ("NAN(y)")
[LeeDoYuJae]PASS: C: strtof128 ("NAN(y)")
[LeeDoYuJae]PASS: C: strtof ("NAN(Z)")
[LeeDoYuJae]PASS: C: strtod ("NAN(Z)")
[LeeDoYuJae]PASS: C: strtold ("NAN(Z)")
[LeeDoYuJae]PASS: C: strtof128 ("NAN(Z)")
[LeeDoYuJae]PASS: C: strtof ("NAN(z)")
[LeeDoYuJae]PASS: C: strtod ("NAN(z)")
[LeeDoYuJae]PASS: C: strtold ("NAN(z)")
[LeeDoYuJae]PASS: C: strtof128 ("NAN(z)")
[LeeDoYuJae]PASS: tr_TR.UTF-8: strtof ("NAN(A)")
[LeeDoYuJae]PASS: tr_TR.UTF-8: strtod ("NAN(A)")
[LeeDoYuJae]PASS: tr_TR.UTF-8: strtold ("NAN(A)")
[LeeDoYuJae]PASS: tr_TR.UTF-8: strtof128 ("NAN(A)")
[LeeDoYuJae]PASS: tr_TR.UTF-8: strtof ("NAN(a)")
[LeeDoYuJae]PASS: tr_TR.UTF-8: strtod ("NAN(a)")
[LeeDoYuJae]PASS: tr_TR.UTF-8: strtold ("NAN(a)")
[LeeDoYuJae]PASS: tr_TR.UTF-8: strtof128 ("NAN(a)")
[LeeDoYuJae]PASS: tr_TR.UTF-8: strtof ("NAN(B)")
[LeeDoYuJae]PASS: tr_TR.UTF-8: strtod ("NAN(B)")
[LeeDoYuJae]PASS: tr_TR.UTF-8: strtold ("NAN(B)")
[LeeDoYuJae]PASS: tr_TR.UTF-8: strtof128 ("NAN(B)")
[LeeDoYuJae]PASS: tr_TR.UTF-8: strtof ("NAN(b)")
[LeeDoYuJae]PASS: tr_TR.UTF-8: strtod ("NAN(b)")
[LeeDoYuJae]PASS: tr_TR.UTF-8: strtold ("NAN(b)")
[LeeDoYuJae]PASS: tr_TR.UTF-8: strtof128 ("NAN(b)")
[LeeDoYuJae]PASS: tr_TR.UTF-8: strtof ("NAN(C)")
[LeeDoYuJae]PASS: tr_TR.UTF-8: strtod ("NAN(C)")
[LeeDoYuJae]PASS: tr_TR.UTF-8: strtold ("NAN(C)")
[LeeDoYuJae]PASS: tr_TR.UTF-8: strtof128 ("NAN(C)")
[LeeDoYuJae]PASS: tr_TR.UTF-8: strtof ("NAN(c)")
[LeeDoYuJae]PASS: tr_TR.UTF-8: strtod ("NAN(c)")
[LeeDoYuJae]PASS: tr_TR.UTF-8: strtold ("NAN(c)")
[LeeDoYuJae]PASS: tr_TR.UTF-8: strtof128 ("NAN(c)")
[LeeDoYuJae]PASS: tr_TR.UTF-8: strtof ("NAN(D)")
[LeeDoYuJae]PASS: tr_TR.UTF-8: strtod ("NAN(D)")
[LeeDoYuJae]PASS: tr_TR.UTF-8: strtold ("NAN(D)")
[LeeDoYuJae]PASS: tr_TR.UTF-8: strtof128 ("NAN(D)")
[LeeDoYuJae]PASS: tr_TR.UTF-8: strtof ("NAN(d)")
[LeeDoYuJae]PASS: tr_TR.UTF-8: strtod ("NAN(d)")
[LeeDoYuJae]PASS: tr_TR.UTF-8: strtold ("NAN(d)")
[LeeDoYuJae]PASS: tr_TR.UTF-8: strtof128 ("NAN(d)")
[LeeDoYuJae]PASS: tr_TR.UTF-8: strtof ("NAN(E)")
[LeeDoYuJae]PASS: tr_TR.UTF-8: strtod ("NAN(E)")
[LeeDoYuJae]PASS: tr_TR.UTF-8: strtold ("NAN(E)")
[LeeDoYuJae]PASS: tr_TR.UTF-8: strtof128 ("NAN(E)")
[LeeDoYuJae]PASS: tr_TR.UTF-8: strtof ("NAN(e)")
[LeeDoYuJae]PASS: tr_TR.UTF-8: strtod ("NAN(e)")
[LeeDoYuJae]PASS: tr_TR.UTF-8: strtold ("NAN(e)")
[LeeDoYuJae]PASS: tr_TR.UTF-8: strtof128 ("NAN(e)")
[LeeDoYuJae]PASS: tr_TR.UTF-8: strtof ("NAN(F)")
[LeeDoYuJae]PASS: tr_TR.UTF-8: strtod ("NAN(F)")
[LeeDoYuJae]PASS: tr_TR.UTF-8: strtold ("NAN(F)")
[LeeDoYuJae]PASS: tr_TR.UTF-8: strtof128 ("NAN(F)")
[LeeDoYuJae]PASS: tr_TR.UTF-8: strtof ("NAN(f)")
[LeeDoYuJae]PASS: tr_TR.UTF-8: strtod ("NAN(f)")
[LeeDoYuJae]PASS: tr_TR.UTF-8: strtold ("NAN(f)")
[LeeDoYuJae]PASS: tr_TR.UTF-8: strtof128 ("NAN(f)")
[LeeDoYuJae]PASS: tr_TR.UTF-8: strtof ("NAN(G)")
[LeeDoYuJae]PASS: tr_TR.UTF-8: strtod ("NAN(G)")
[LeeDoYuJae]PASS: tr_TR.UTF-8: strtold ("NAN(G)")
[LeeDoYuJae]PASS: tr_TR.UTF-8: strtof128 ("NAN(G)")
[LeeDoYuJae]PASS: tr_TR.UTF-8: strtof ("NAN(g)")
[LeeDoYuJae]PASS: tr_TR.UTF-8: strtod ("NAN(g)")
[LeeDoYuJae]PASS: tr_TR.UTF-8: strtold ("NAN(g)")
[LeeDoYuJae]PASS: tr_TR.UTF-8: strtof128 ("NAN(g)")
[LeeDoYuJae]PASS: tr_TR.UTF-8: strtof ("NAN(H)")
[LeeDoYuJae]PASS: tr_TR.UTF-8: strtod ("NAN(H)")
[LeeDoYuJae]PASS: tr_TR.UTF-8: strtold ("NAN(H)")
[LeeDoYuJae]PASS: tr_TR.UTF-8: strtof128 ("NAN(H)")
[LeeDoYuJae]PASS: tr_TR.UTF-8: strtof ("NAN(h)")
[LeeDoYuJae]PASS: tr_TR.UTF-8: strtod ("NAN(h)")
[LeeDoYuJae]PASS: tr_TR.UTF-8: strtold ("NAN(h)")
[LeeDoYuJae]PASS: tr_TR.UTF-8: strtof128 ("NAN(h)")
[LeeDoYuJae]PASS: tr_TR.UTF-8: strtof ("NAN(I)")
[LeeDoYuJae]PASS: tr_TR.UTF-8: strtod ("NAN(I)")
[LeeDoYuJae]PASS: tr_TR.UTF-8: strtold ("NAN(I)")
[LeeDoYuJae]PASS: tr_TR.UTF-8: strtof128 ("NAN(I)")
[LeeDoYuJae]PASS: tr_TR.UTF-8: strtof ("NAN(i)")
[LeeDoYuJae]PASS: tr_TR.UTF-8: strtod ("NAN(i)")
[LeeDoYuJae]PASS: tr_TR.UTF-8: strtold ("NAN(i)")
[LeeDoYuJae]PASS: tr_TR.UTF-8: strtof128 ("NAN(i)")
[LeeDoYuJae]PASS: tr_TR.UTF-8: strtof ("NAN(J)")
[LeeDoYuJae]PASS: tr_TR.UTF-8: strtod ("NAN(J)")
[LeeDoYuJae]PASS: tr_TR.UTF-8: strtold ("NAN(J)")
[LeeDoYuJae]PASS: tr_TR.UTF-8: strtof128 ("NAN(J)")
[LeeDoYuJae]PASS: tr_TR.UTF-8: strtof ("NAN(j)")
[LeeDoYuJae]PASS: tr_TR.UTF-8: strtod ("NAN(j)")
[LeeDoYuJae]PASS: tr_TR.UTF-8: strtold ("NAN(j)")
[LeeDoYuJae]PASS: tr_TR.UTF-8: strtof128 ("NAN(j)")
[LeeDoYuJae]PASS: tr_TR.UTF-8: strtof ("NAN(K)")
[LeeDoYuJae]PASS: tr_TR.UTF-8: strtod ("NAN(K)")
[LeeDoYuJae]PASS: tr_TR.UTF-8: strtold ("NAN(K)")
[LeeDoYuJae]PASS: tr_TR.UTF-8: strtof128 ("NAN(K)")
[LeeDoYuJae]PASS: tr_TR.UTF-8: strtof ("NAN(k)")
[LeeDoYuJae]PASS: tr_TR.UTF-8: strtod ("NAN(k)")
[LeeDoYuJae]PASS: tr_TR.UTF-8: strtold ("NAN(k)")
[LeeDoYuJae]PASS: tr_TR.UTF-8: strtof128 ("NAN(k)")
[LeeDoYuJae]PASS: tr_TR.UTF-8: strtof ("NAN(L)")
[LeeDoYuJae]PASS: tr_TR.UTF-8: strtod ("NAN(L)")
[LeeDoYuJae]PASS: tr_TR.UTF-8: strtold ("NAN(L)")
[LeeDoYuJae]PASS: tr_TR.UTF-8: strtof128 ("NAN(L)")
[LeeDoYuJae]PASS: tr_TR.UTF-8: strtof ("NAN(l)")
[LeeDoYuJae]PASS: tr_TR.UTF-8: strtod ("NAN(l)")
[LeeDoYuJae]PASS: tr_TR.UTF-8: strtold ("NAN(l)")
[LeeDoYuJae]PASS: tr_TR.UTF-8: strtof128 ("NAN(l)")
[LeeDoYuJae]PASS: tr_TR.UTF-8: strtof ("NAN(M)")
[LeeDoYuJae]PASS: tr_TR.UTF-8: strtod ("NAN(M)")
[LeeDoYuJae]PASS: tr_TR.UTF-8: strtold ("NAN(M)")
[LeeDoYuJae]PASS: tr_TR.UTF-8: strtof128 ("NAN(M)")
[LeeDoYuJae]PASS: tr_TR.UTF-8: strtof ("NAN(m)")
[LeeDoYuJae]PASS: tr_TR.UTF-8: strtod ("NAN(m)")
[LeeDoYuJae]PASS: tr_TR.UTF-8: strtold ("NAN(m)")
[LeeDoYuJae]PASS: tr_TR.UTF-8: strtof128 ("NAN(m)")
[LeeDoYuJae]PASS: tr_TR.UTF-8: strtof ("NAN(N)")
[LeeDoYuJae]PASS: tr_TR.UTF-8: strtod ("NAN(N)")
[LeeDoYuJae]PASS: tr_TR.UTF-8: strtold ("NAN(N)")
[LeeDoYuJae]PASS: tr_TR.UTF-8: strtof128 ("NAN(N)")
[LeeDoYuJae]PASS: tr_TR.UTF-8: strtof ("NAN(n)")
[LeeDoYuJae]PASS: tr_TR.UTF-8: strtod ("NAN(n)")
[LeeDoYuJae]PASS: tr_TR.UTF-8: strtold ("NAN(n)")
[LeeDoYuJae]PASS: tr_TR.UTF-8: strtof128 ("NAN(n)")
[LeeDoYuJae]PASS: tr_TR.UTF-8: strtof ("NAN(O)")
[LeeDoYuJae]PASS: tr_TR.UTF-8: strtod ("NAN(O)")
[LeeDoYuJae]PASS: tr_TR.UTF-8: strtold ("NAN(O)")
[LeeDoYuJae]PASS: tr_TR.UTF-8: strtof128 ("NAN(O)")
[LeeDoYuJae]PASS: tr_TR.UTF-8: strtof ("NAN(o)")
[LeeDoYuJae]PASS: tr_TR.UTF-8: strtod ("NAN(o)")
[LeeDoYuJae]PASS: tr_TR.UTF-8: strtold ("NAN(o)")
[LeeDoYuJae]PASS: tr_TR.UTF-8: strtof128 ("NAN(o)")
[LeeDoYuJae]PASS: tr_TR.UTF-8: strtof ("NAN(P)")
[LeeDoYuJae]PASS: tr_TR.UTF-8: strtod ("NAN(P)")
[LeeDoYuJae]PASS: tr_TR.UTF-8: strtold ("NAN(P)")
[LeeDoYuJae]PASS: tr_TR.UTF-8: strtof128 ("NAN(P)")
[LeeDoYuJae]PASS: tr_TR.UTF-8: strtof ("NAN(p)")
[LeeDoYuJae]PASS: tr_TR.UTF-8: strtod ("NAN(p)")
[LeeDoYuJae]PASS: tr_TR.UTF-8: strtold ("NAN(p)")
[LeeDoYuJae]PASS: tr_TR.UTF-8: strtof128 ("NAN(p)")
[LeeDoYuJae]PASS: tr_TR.UTF-8: strtof ("NAN(Q)")
[LeeDoYuJae]PASS: tr_TR.UTF-8: strtod ("NAN(Q)")
[LeeDoYuJae]PASS: tr_TR.UTF-8: strtold ("NAN(Q)")
[LeeDoYuJae]PASS: tr_TR.UTF-8: strtof128 ("NAN(Q)")
[LeeDoYuJae]PASS: tr_TR.UTF-8: strtof ("NAN(q)")
[LeeDoYuJae]PASS: tr_TR.UTF-8: strtod ("NAN(q)")
[LeeDoYuJae]PASS: tr_TR.UTF-8: strtold ("NAN(q)")
[LeeDoYuJae]PASS: tr_TR.UTF-8: strtof128 ("NAN(q)")
[LeeDoYuJae]PASS: tr_TR.UTF-8: strtof ("NAN(R)")
[LeeDoYuJae]PASS: tr_TR.UTF-8: strtod ("NAN(R)")
[LeeDoYuJae]PASS: tr_TR.UTF-8: strtold ("NAN(R)")
[LeeDoYuJae]PASS: tr_TR.UTF-8: strtof128 ("NAN(R)")
[LeeDoYuJae]PASS: tr_TR.UTF-8: strtof ("NAN(r)")
[LeeDoYuJae]PASS: tr_TR.UTF-8: strtod ("NAN(r)")
[LeeDoYuJae]PASS: tr_TR.UTF-8: strtold ("NAN(r)")
[LeeDoYuJae]PASS: tr_TR.UTF-8: strtof128 ("NAN(r)")
[LeeDoYuJae]PASS: tr_TR.UTF-8: strtof ("NAN(S)")
[LeeDoYuJae]PASS: tr_TR.UTF-8: strtod ("NAN(S)")
[LeeDoYuJae]PASS: tr_TR.UTF-8: strtold ("NAN(S)")
[LeeDoYuJae]PASS: tr_TR.UTF-8: strtof128 ("NAN(S)")
[LeeDoYuJae]PASS: tr_TR.UTF-8: strtof ("NAN(s)")
[LeeDoYuJae]PASS: tr_TR.UTF-8: strtod ("NAN(s)")
[LeeDoYuJae]PASS: tr_TR.UTF-8: strtold ("NAN(s)")
[LeeDoYuJae]PASS: tr_TR.UTF-8: strtof128 ("NAN(s)")
[LeeDoYuJae]PASS: tr_TR.UTF-8: strtof ("NAN(T)")
[LeeDoYuJae]PASS: tr_TR.UTF-8: strtod ("NAN(T)")
[LeeDoYuJae]PASS: tr_TR.UTF-8: strtold ("NAN(T)")
[LeeDoYuJae]PASS: tr_TR.UTF-8: strtof128 ("NAN(T)")
[LeeDoYuJae]PASS: tr_TR.UTF-8: strtof ("NAN(t)")
[LeeDoYuJae]PASS: tr_TR.UTF-8: strtod ("NAN(t)")
[LeeDoYuJae]PASS: tr_TR.UTF-8: strtold ("NAN(t)")
[LeeDoYuJae]PASS: tr_TR.UTF-8: strtof128 ("NAN(t)")
[LeeDoYuJae]PASS: tr_TR.UTF-8: strtof ("NAN(U)")
[LeeDoYuJae]PASS: tr_TR.UTF-8: strtod ("NAN(U)")
[LeeDoYuJae]PASS: tr_TR.UTF-8: strtold ("NAN(U)")
[LeeDoYuJae]PASS: tr_TR.UTF-8: strtof128 ("NAN(U)")
[LeeDoYuJae]PASS: tr_TR.UTF-8: strtof ("NAN(u)")
[LeeDoYuJae]PASS: tr_TR.UTF-8: strtod ("NAN(u)")
[LeeDoYuJae]PASS: tr_TR.UTF-8: strtold ("NAN(u)")
[LeeDoYuJae]PASS: tr_TR.UTF-8: strtof128 ("NAN(u)")
[LeeDoYuJae]PASS: tr_TR.UTF-8: strtof ("NAN(V)")
[LeeDoYuJae]PASS: tr_TR.UTF-8: strtod ("NAN(V)")
[LeeDoYuJae]PASS: tr_TR.UTF-8: strtold ("NAN(V)")
[LeeDoYuJae]PASS: tr_TR.UTF-8: strtof128 ("NAN(V)")
[LeeDoYuJae]PASS: tr_TR.UTF-8: strtof ("NAN(v)")
[LeeDoYuJae]PASS: tr_TR.UTF-8: strtod ("NAN(v)")
[LeeDoYuJae]PASS: tr_TR.UTF-8: strtold ("NAN(v)")
[LeeDoYuJae]PASS: tr_TR.UTF-8: strtof128 ("NAN(v)")
[LeeDoYuJae]PASS: tr_TR.UTF-8: strtof ("NAN(W)")
[LeeDoYuJae]PASS: tr_TR.UTF-8: strtod ("NAN(W)")
[LeeDoYuJae]PASS: tr_TR.UTF-8: strtold ("NAN(W)")
[LeeDoYuJae]PASS: tr_TR.UTF-8: strtof128 ("NAN(W)")
[LeeDoYuJae]PASS: tr_TR.UTF-8: strtof ("NAN(w)")
[LeeDoYuJae]PASS: tr_TR.UTF-8: strtod ("NAN(w)")
[LeeDoYuJae]PASS: tr_TR.UTF-8: strtold ("NAN(w)")
[LeeDoYuJae]PASS: tr_TR.UTF-8: strtof128 ("NAN(w)")
[LeeDoYuJae]PASS: tr_TR.UTF-8: strtof ("NAN(X)")
[LeeDoYuJae]PASS: tr_TR.UTF-8: strtod ("NAN(X)")
[LeeDoYuJae]PASS: tr_TR.UTF-8: strtold ("NAN(X)")
[LeeDoYuJae]PASS: tr_TR.UTF-8: strtof128 ("NAN(X)")
[LeeDoYuJae]PASS: tr_TR.UTF-8: strtof ("NAN(x)")
[LeeDoYuJae]PASS: tr_TR.UTF-8: strtod ("NAN(x)")
[LeeDoYuJae]PASS: tr_TR.UTF-8: strtold ("NAN(x)")
[LeeDoYuJae]PASS: tr_TR.UTF-8: strtof128 ("NAN(x)")
[LeeDoYuJae]PASS: tr_TR.UTF-8: strtof ("NAN(Y)")
[LeeDoYuJae]PASS: tr_TR.UTF-8: strtod ("NAN(Y)")
[LeeDoYuJae]PASS: tr_TR.UTF-8: strtold ("NAN(Y)")
[LeeDoYuJae]PASS: tr_TR.UTF-8: strtof128 ("NAN(Y)")
[LeeDoYuJae]PASS: tr_TR.UTF-8: strtof ("NAN(y)")
[LeeDoYuJae]PASS: tr_TR.UTF-8: strtod ("NAN(y)")
[LeeDoYuJae]PASS: tr_TR.UTF-8: strtold ("NAN(y)")
[LeeDoYuJae]PASS: tr_TR.UTF-8: strtof128 ("NAN(y)")
[LeeDoYuJae]PASS: tr_TR.UTF-8: strtof ("NAN(Z)")
[LeeDoYuJae]PASS: tr_TR.UTF-8: strtod ("NAN(Z)")
[LeeDoYuJae]PASS: tr_TR.UTF-8: strtold ("NAN(Z)")
[LeeDoYuJae]PASS: tr_TR.UTF-8: strtof128 ("NAN(Z)")
[LeeDoYuJae]PASS: tr_TR.UTF-8: strtof ("NAN(z)")
[LeeDoYuJae]PASS: tr_TR.UTF-8: strtod ("NAN(z)")
[LeeDoYuJae]PASS: tr_TR.UTF-8: strtold ("NAN(z)")
[LeeDoYuJae]PASS: tr_TR.UTF-8: strtof128 ("NAN(z)")
[LeeDoYuJae]PASS: tr_TR.ISO-8859-9: strtof ("NAN(A)")
[LeeDoYuJae]PASS: tr_TR.ISO-8859-9: strtod ("NAN(A)")
[LeeDoYuJae]PASS: tr_TR.ISO-8859-9: strtold ("NAN(A)")
[LeeDoYuJae]PASS: tr_TR.ISO-8859-9: strtof128 ("NAN(A)")
[LeeDoYuJae]PASS: tr_TR.ISO-8859-9: strtof ("NAN(a)")
[LeeDoYuJae]PASS: tr_TR.ISO-8859-9: strtod ("NAN(a)")
[LeeDoYuJae]PASS: tr_TR.ISO-8859-9: strtold ("NAN(a)")
[LeeDoYuJae]PASS: tr_TR.ISO-8859-9: strtof128 ("NAN(a)")
[LeeDoYuJae]PASS: tr_TR.ISO-8859-9: strtof ("NAN(B)")
[LeeDoYuJae]PASS: tr_TR.ISO-8859-9: strtod ("NAN(B)")
[LeeDoYuJae]PASS: tr_TR.ISO-8859-9: strtold ("NAN(B)")
[LeeDoYuJae]PASS: tr_TR.ISO-8859-9: strtof128 ("NAN(B)")
[LeeDoYuJae]PASS: tr_TR.ISO-8859-9: strtof ("NAN(b)")
[LeeDoYuJae]PASS: tr_TR.ISO-8859-9: strtod ("NAN(b)")
[LeeDoYuJae]PASS: tr_TR.ISO-8859-9: strtold ("NAN(b)")
[LeeDoYuJae]PASS: tr_TR.ISO-8859-9: strtof128 ("NAN(b)")
[LeeDoYuJae]PASS: tr_TR.ISO-8859-9: strtof ("NAN(C)")
[LeeDoYuJae]PASS: tr_TR.ISO-8859-9: strtod ("NAN(C)")
[LeeDoYuJae]PASS: tr_TR.ISO-8859-9: strtold ("NAN(C)")
[LeeDoYuJae]PASS: tr_TR.ISO-8859-9: strtof128 ("NAN(C)")
[LeeDoYuJae]PASS: tr_TR.ISO-8859-9: strtof ("NAN(c)")
[LeeDoYuJae]PASS: tr_TR.ISO-8859-9: strtod ("NAN(c)")
[LeeDoYuJae]PASS: tr_TR.ISO-8859-9: strtold ("NAN(c)")
[LeeDoYuJae]PASS: tr_TR.ISO-8859-9: strtof128 ("NAN(c)")
[LeeDoYuJae]PASS: tr_TR.ISO-8859-9: strtof ("NAN(D)")
[LeeDoYuJae]PASS: tr_TR.ISO-8859-9: strtod ("NAN(D)")
[LeeDoYuJae]PASS: tr_TR.ISO-8859-9: strtold ("NAN(D)")
[LeeDoYuJae]PASS: tr_TR.ISO-8859-9: strtof128 ("NAN(D)")
[LeeDoYuJae]PASS: tr_TR.ISO-8859-9: strtof ("NAN(d)")
[LeeDoYuJae]PASS: tr_TR.ISO-8859-9: strtod ("NAN(d)")
[LeeDoYuJae]PASS: tr_TR.ISO-8859-9: strtold ("NAN(d)")
[LeeDoYuJae]PASS: tr_TR.ISO-8859-9: strtof128 ("NAN(d)")
[LeeDoYuJae]PASS: tr_TR.ISO-8859-9: strtof ("NAN(E)")
[LeeDoYuJae]PASS: tr_TR.ISO-8859-9: strtod ("NAN(E)")
[LeeDoYuJae]PASS: tr_TR.ISO-8859-9: strtold ("NAN(E)")
[LeeDoYuJae]PASS: tr_TR.ISO-8859-9: strtof128 ("NAN(E)")
[LeeDoYuJae]PASS: tr_TR.ISO-8859-9: strtof ("NAN(e)")
[LeeDoYuJae]PASS: tr_TR.ISO-8859-9: strtod ("NAN(e)")
[LeeDoYuJae]PASS: tr_TR.ISO-8859-9: strtold ("NAN(e)")
[LeeDoYuJae]PASS: tr_TR.ISO-8859-9: strtof128 ("NAN(e)")
[LeeDoYuJae]PASS: tr_TR.ISO-8859-9: strtof ("NAN(F)")
[LeeDoYuJae]PASS: tr_TR.ISO-8859-9: strtod ("NAN(F)")
[LeeDoYuJae]PASS: tr_TR.ISO-8859-9: strtold ("NAN(F)")
[LeeDoYuJae]PASS: tr_TR.ISO-8859-9: strtof128 ("NAN(F)")
[LeeDoYuJae]PASS: tr_TR.ISO-8859-9: strtof ("NAN(f)")
[LeeDoYuJae]PASS: tr_TR.ISO-8859-9: strtod ("NAN(f)")
[LeeDoYuJae]PASS: tr_TR.ISO-8859-9: strtold ("NAN(f)")
[LeeDoYuJae]PASS: tr_TR.ISO-8859-9: strtof128 ("NAN(f)")
[LeeDoYuJae]PASS: tr_TR.ISO-8859-9: strtof ("NAN(G)")
[LeeDoYuJae]PASS: tr_TR.ISO-8859-9: strtod ("NAN(G)")
[LeeDoYuJae]PASS: tr_TR.ISO-8859-9: strtold ("NAN(G)")
[LeeDoYuJae]PASS: tr_TR.ISO-8859-9: strtof128 ("NAN(G)")
[LeeDoYuJae]PASS: tr_TR.ISO-8859-9: strtof ("NAN(g)")
[LeeDoYuJae]PASS: tr_TR.ISO-8859-9: strtod ("NAN(g)")
[LeeDoYuJae]PASS: tr_TR.ISO-8859-9: strtold ("NAN(g)")
[LeeDoYuJae]PASS: tr_TR.ISO-8859-9: strtof128 ("NAN(g)")
[LeeDoYuJae]PASS: tr_TR.ISO-8859-9: strtof ("NAN(H)")
[LeeDoYuJae]PASS: tr_TR.ISO-8859-9: strtod ("NAN(H)")
[LeeDoYuJae]PASS: tr_TR.ISO-8859-9: strtold ("NAN(H)")
[LeeDoYuJae]PASS: tr_TR.ISO-8859-9: strtof128 ("NAN(H)")
[LeeDoYuJae]PASS: tr_TR.ISO-8859-9: strtof ("NAN(h)")
[LeeDoYuJae]PASS: tr_TR.ISO-8859-9: strtod ("NAN(h)")
[LeeDoYuJae]PASS: tr_TR.ISO-8859-9: strtold ("NAN(h)")
[LeeDoYuJae]PASS: tr_TR.ISO-8859-9: strtof128 ("NAN(h)")
[LeeDoYuJae]PASS: tr_TR.ISO-8859-9: strtof ("NAN(I)")
[LeeDoYuJae]PASS: tr_TR.ISO-8859-9: strtod ("NAN(I)")
[LeeDoYuJae]PASS: tr_TR.ISO-8859-9: strtold ("NAN(I)")
[LeeDoYuJae]PASS: tr_TR.ISO-8859-9: strtof128 ("NAN(I)")
[LeeDoYuJae]PASS: tr_TR.ISO-8859-9: strtof ("NAN(i)")
[LeeDoYuJae]PASS: tr_TR.ISO-8859-9: strtod ("NAN(i)")
[LeeDoYuJae]PASS: tr_TR.ISO-8859-9: strtold ("NAN(i)")
[LeeDoYuJae]PASS: tr_TR.ISO-8859-9: strtof128 ("NAN(i)")
[LeeDoYuJae]PASS: tr_TR.ISO-8859-9: strtof ("NAN(J)")
[LeeDoYuJae]PASS: tr_TR.ISO-8859-9: strtod ("NAN(J)")
[LeeDoYuJae]PASS: tr_TR.ISO-8859-9: strtold ("NAN(J)")
[LeeDoYuJae]PASS: tr_TR.ISO-8859-9: strtof128 ("NAN(J)")
[LeeDoYuJae]PASS: tr_TR.ISO-8859-9: strtof ("NAN(j)")
[LeeDoYuJae]PASS: tr_TR.ISO-8859-9: strtod ("NAN(j)")
[LeeDoYuJae]PASS: tr_TR.ISO-8859-9: strtold ("NAN(j)")
[LeeDoYuJae]PASS: tr_TR.ISO-8859-9: strtof128 ("NAN(j)")
[LeeDoYuJae]PASS: tr_TR.ISO-8859-9: strtof ("NAN(K)")
[LeeDoYuJae]PASS: tr_TR.ISO-8859-9: strtod ("NAN(K)")
[LeeDoYuJae]PASS: tr_TR.ISO-8859-9: strtold ("NAN(K)")
[LeeDoYuJae]PASS: tr_TR.ISO-8859-9: strtof128 ("NAN(K)")
[LeeDoYuJae]PASS: tr_TR.ISO-8859-9: strtof ("NAN(k)")
[LeeDoYuJae]PASS: tr_TR.ISO-8859-9: strtod ("NAN(k)")
[LeeDoYuJae]PASS: tr_TR.ISO-8859-9: strtold ("NAN(k)")
[LeeDoYuJae]PASS: tr_TR.ISO-8859-9: strtof128 ("NAN(k)")
[LeeDoYuJae]PASS: tr_TR.ISO-8859-9: strtof ("NAN(L)")
[LeeDoYuJae]PASS: tr_TR.ISO-8859-9: strtod ("NAN(L)")
[LeeDoYuJae]PASS: tr_TR.ISO-8859-9: strtold ("NAN(L)")
[LeeDoYuJae]PASS: tr_TR.ISO-8859-9: strtof128 ("NAN(L)")
[LeeDoYuJae]PASS: tr_TR.ISO-8859-9: strtof ("NAN(l)")
[LeeDoYuJae]PASS: tr_TR.ISO-8859-9: strtod ("NAN(l)")
[LeeDoYuJae]PASS: tr_TR.ISO-8859-9: strtold ("NAN(l)")
[LeeDoYuJae]PASS: tr_TR.ISO-8859-9: strtof128 ("NAN(l)")
[LeeDoYuJae]PASS: tr_TR.ISO-8859-9: strtof ("NAN(M)")
[LeeDoYuJae]PASS: tr_TR.ISO-8859-9: strtod ("NAN(M)")
[LeeDoYuJae]PASS: tr_TR.ISO-8859-9: strtold ("NAN(M)")
[LeeDoYuJae]PASS: tr_TR.ISO-8859-9: strtof128 ("NAN(M)")
[LeeDoYuJae]PASS: tr_TR.ISO-8859-9: strtof ("NAN(m)")
[LeeDoYuJae]PASS: tr_TR.ISO-8859-9: strtod ("NAN(m)")
[LeeDoYuJae]PASS: tr_TR.ISO-8859-9: strtold ("NAN(m)")
[LeeDoYuJae]PASS: tr_TR.ISO-8859-9: strtof128 ("NAN(m)")
[LeeDoYuJae]PASS: tr_TR.ISO-8859-9: strtof ("NAN(N)")
[LeeDoYuJae]PASS: tr_TR.ISO-8859-9: strtod ("NAN(N)")
[LeeDoYuJae]PASS: tr_TR.ISO-8859-9: strtold ("NAN(N)")
[LeeDoYuJae]PASS: tr_TR.ISO-8859-9: strtof128 ("NAN(N)")
[LeeDoYuJae]PASS: tr_TR.ISO-8859-9: strtof ("NAN(n)")
[LeeDoYuJae]PASS: tr_TR.ISO-8859-9: strtod ("NAN(n)")
[LeeDoYuJae]PASS: tr_TR.ISO-8859-9: strtold ("NAN(n)")
[LeeDoYuJae]PASS: tr_TR.ISO-8859-9: strtof128 ("NAN(n)")
[LeeDoYuJae]PASS: tr_TR.ISO-8859-9: strtof ("NAN(O)")
[LeeDoYuJae]PASS: tr_TR.ISO-8859-9: strtod ("NAN(O)")
[LeeDoYuJae]PASS: tr_TR.ISO-8859-9: strtold ("NAN(O)")
[LeeDoYuJae]PASS: tr_TR.ISO-8859-9: strtof128 ("NAN(O)")
[LeeDoYuJae]PASS: tr_TR.ISO-8859-9: strtof ("NAN(o)")
[LeeDoYuJae]PASS: tr_TR.ISO-8859-9: strtod ("NAN(o)")
[LeeDoYuJae]PASS: tr_TR.ISO-8859-9: strtold ("NAN(o)")
[LeeDoYuJae]PASS: tr_TR.ISO-8859-9: strtof128 ("NAN(o)")
[LeeDoYuJae]PASS: tr_TR.ISO-8859-9: strtof ("NAN(P)")
[LeeDoYuJae]PASS: tr_TR.ISO-8859-9: strtod ("NAN(P)")
[LeeDoYuJae]PASS: tr_TR.ISO-8859-9: strtold ("NAN(P)")
[LeeDoYuJae]PASS: tr_TR.ISO-8859-9: strtof128 ("NAN(P)")
[LeeDoYuJae]PASS: tr_TR.ISO-8859-9: strtof ("NAN(p)")
[LeeDoYuJae]PASS: tr_TR.ISO-8859-9: strtod ("NAN(p)")
[LeeDoYuJae]PASS: tr_TR.ISO-8859-9: strtold ("NAN(p)")
[LeeDoYuJae]PASS: tr_TR.ISO-8859-9: strtof128 ("NAN(p)")
[LeeDoYuJae]PASS: tr_TR.ISO-8859-9: strtof ("NAN(Q)")
[LeeDoYuJae]PASS: tr_TR.ISO-8859-9: strtod ("NAN(Q)")
[LeeDoYuJae]PASS: tr_TR.ISO-8859-9: strtold ("NAN(Q)")
[LeeDoYuJae]PASS: tr_TR.ISO-8859-9: strtof128 ("NAN(Q)")
[LeeDoYuJae]PASS: tr_TR.ISO-8859-9: strtof ("NAN(q)")
[LeeDoYuJae]PASS: tr_TR.ISO-8859-9: strtod ("NAN(q)")
[LeeDoYuJae]PASS: tr_TR.ISO-8859-9: strtold ("NAN(q)")
[LeeDoYuJae]PASS: tr_TR.ISO-8859-9: strtof128 ("NAN(q)")
[LeeDoYuJae]PASS: tr_TR.ISO-8859-9: strtof ("NAN(R)")
[LeeDoYuJae]PASS: tr_TR.ISO-8859-9: strtod ("NAN(R)")
[LeeDoYuJae]PASS: tr_TR.ISO-8859-9: strtold ("NAN(R)")
[LeeDoYuJae]PASS: tr_TR.ISO-8859-9: strtof128 ("NAN(R)")
[LeeDoYuJae]PASS: tr_TR.ISO-8859-9: strtof ("NAN(r)")
[LeeDoYuJae]PASS: tr_TR.ISO-8859-9: strtod ("NAN(r)")
[LeeDoYuJae]PASS: tr_TR.ISO-8859-9: strtold ("NAN(r)")
[LeeDoYuJae]PASS: tr_TR.ISO-8859-9: strtof128 ("NAN(r)")
[LeeDoYuJae]PASS: tr_TR.ISO-8859-9: strtof ("NAN(S)")
[LeeDoYuJae]PASS: tr_TR.ISO-8859-9: strtod ("NAN(S)")
[LeeDoYuJae]PASS: tr_TR.ISO-8859-9: strtold ("NAN(S)")
[LeeDoYuJae]PASS: tr_TR.ISO-8859-9: strtof128 ("NAN(S)")
[LeeDoYuJae]PASS: tr_TR.ISO-8859-9: strtof ("NAN(s)")
[LeeDoYuJae]PASS: tr_TR.ISO-8859-9: strtod ("NAN(s)")
[LeeDoYuJae]PASS: tr_TR.ISO-8859-9: strtold ("NAN(s)")
[LeeDoYuJae]PASS: tr_TR.ISO-8859-9: strtof128 ("NAN(s)")
[LeeDoYuJae]PASS: tr_TR.ISO-8859-9: strtof ("NAN(T)")
[LeeDoYuJae]PASS: tr_TR.ISO-8859-9: strtod ("NAN(T)")
[LeeDoYuJae]PASS: tr_TR.ISO-8859-9: strtold ("NAN(T)")
[LeeDoYuJae]PASS: tr_TR.ISO-8859-9: strtof128 ("NAN(T)")
[LeeDoYuJae]PASS: tr_TR.ISO-8859-9: strtof ("NAN(t)")
[LeeDoYuJae]PASS: tr_TR.ISO-8859-9: strtod ("NAN(t)")
[LeeDoYuJae]PASS: tr_TR.ISO-8859-9: strtold ("NAN(t)")
[LeeDoYuJae]PASS: tr_TR.ISO-8859-9: strtof128 ("NAN(t)")
[LeeDoYuJae]PASS: tr_TR.ISO-8859-9: strtof ("NAN(U)")
[LeeDoYuJae]PASS: tr_TR.ISO-8859-9: strtod ("NAN(U)")
[LeeDoYuJae]PASS: tr_TR.ISO-8859-9: strtold ("NAN(U)")
[LeeDoYuJae]PASS: tr_TR.ISO-8859-9: strtof128 ("NAN(U)")
[LeeDoYuJae]PASS: tr_TR.ISO-8859-9: strtof ("NAN(u)")
[LeeDoYuJae]PASS: tr_TR.ISO-8859-9: strtod ("NAN(u)")
[LeeDoYuJae]PASS: tr_TR.ISO-8859-9: strtold ("NAN(u)")
[LeeDoYuJae]PASS: tr_TR.ISO-8859-9: strtof128 ("NAN(u)")
[LeeDoYuJae]PASS: tr_TR.ISO-8859-9: strtof ("NAN(V)")
[LeeDoYuJae]PASS: tr_TR.ISO-8859-9: strtod ("NAN(V)")
[LeeDoYuJae]PASS: tr_TR.ISO-8859-9: strtold ("NAN(V)")
[LeeDoYuJae]PASS: tr_TR.ISO-8859-9: strtof128 ("NAN(V)")
[LeeDoYuJae]PASS: tr_TR.ISO-8859-9: strtof ("NAN(v)")
[LeeDoYuJae]PASS: tr_TR.ISO-8859-9: strtod ("NAN(v)")
[LeeDoYuJae]PASS: tr_TR.ISO-8859-9: strtold ("NAN(v)")
[LeeDoYuJae]PASS: tr_TR.ISO-8859-9: strtof128 ("NAN(v)")
[LeeDoYuJae]PASS: tr_TR.ISO-8859-9: strtof ("NAN(W)")
[LeeDoYuJae]PASS: tr_TR.ISO-8859-9: strtod ("NAN(W)")
[LeeDoYuJae]PASS: tr_TR.ISO-8859-9: strtold ("NAN(W)")
[LeeDoYuJae]PASS: tr_TR.ISO-8859-9: strtof128 ("NAN(W)")
[LeeDoYuJae]PASS: tr_TR.ISO-8859-9: strtof ("NAN(w)")
[LeeDoYuJae]PASS: tr_TR.ISO-8859-9: strtod ("NAN(w)")
[LeeDoYuJae]PASS: tr_TR.ISO-8859-9: strtold ("NAN(w)")
[LeeDoYuJae]PASS: tr_TR.ISO-8859-9: strtof128 ("NAN(w)")
[LeeDoYuJae]PASS: tr_TR.ISO-8859-9: strtof ("NAN(X)")
[LeeDoYuJae]PASS: tr_TR.ISO-8859-9: strtod ("NAN(X)")
[LeeDoYuJae]PASS: tr_TR.ISO-8859-9: strtold ("NAN(X)")
[LeeDoYuJae]PASS: tr_TR.ISO-8859-9: strtof128 ("NAN(X)")
[LeeDoYuJae]PASS: tr_TR.ISO-8859-9: strtof ("NAN(x)")
[LeeDoYuJae]PASS: tr_TR.ISO-8859-9: strtod ("NAN(x)")
[LeeDoYuJae]PASS: tr_TR.ISO-8859-9: strtold ("NAN(x)")
[LeeDoYuJae]PASS: tr_TR.ISO-8859-9: strtof128 ("NAN(x)")
[LeeDoYuJae]PASS: tr_TR.ISO-8859-9: strtof ("NAN(Y)")
[LeeDoYuJae]PASS: tr_TR.ISO-8859-9: strtod ("NAN(Y)")
[LeeDoYuJae]PASS: tr_TR.ISO-8859-9: strtold ("NAN(Y)")
[LeeDoYuJae]PASS: tr_TR.ISO-8859-9: strtof128 ("NAN(Y)")
[LeeDoYuJae]PASS: tr_TR.ISO-8859-9: strtof ("NAN(y)")
[LeeDoYuJae]PASS: tr_TR.ISO-8859-9: strtod ("NAN(y)")
[LeeDoYuJae]PASS: tr_TR.ISO-8859-9: strtold ("NAN(y)")
[LeeDoYuJae]PASS: tr_TR.ISO-8859-9: strtof128 ("NAN(y)")
[LeeDoYuJae]PASS: tr_TR.ISO-8859-9: strtof ("NAN(Z)")
[LeeDoYuJae]PASS: tr_TR.ISO-8859-9: strtod ("NAN(Z)")
[LeeDoYuJae]PASS: tr_TR.ISO-8859-9: strtold ("NAN(Z)")
[LeeDoYuJae]PASS: tr_TR.ISO-8859-9: strtof128 ("NAN(Z)")
[LeeDoYuJae]PASS: tr_TR.ISO-8859-9: strtof ("NAN(z)")
[LeeDoYuJae]PASS: tr_TR.ISO-8859-9: strtod ("NAN(z)")
[LeeDoYuJae]PASS: tr_TR.ISO-8859-9: strtold ("NAN(z)")
[LeeDoYuJae]PASS: tr_TR.ISO-8859-9: strtof128 ("NAN(z)")
