[LeeDoYuJae]width of int8_t OK
[LeeDoYuJae]width of int16_t OK
[LeeDoYuJae]width of int32_t OK
[LeeDoYuJae]width of int64_t OK
[LeeDoYuJae]width of uint8_t OK
[LeeDoYuJae]width of uint16_t OK
[LeeDoYuJae]width of uint32_t OK
[LeeDoYuJae]width of uint64_t OK
[LeeDoYuJae]width of int_least8_t OK
[LeeDoYuJae]width of int_least16_t OK
[LeeDoYuJae]width of int_least32_t OK
[LeeDoYuJae]width of int_least64_t OK
[LeeDoYuJae]width of uint_least8_t OK
[LeeDoYuJae]width of uint_least16_t OK
[LeeDoYuJae]width of uint_least32_t OK
[LeeDoYuJae]width of uint_least64_t OK
[LeeDoYuJae]width of int_fast8_t OK
[LeeDoYuJae]width of int_fast16_t OK
[LeeDoYuJae]width of int_fast32_t OK
[LeeDoYuJae]width of int_fast64_t OK
[LeeDoYuJae]width of uint_fast8_t OK
[LeeDoYuJae]width of uint_fast16_t OK
[LeeDoYuJae]width of uint_fast32_t OK
[LeeDoYuJae]width of uint_fast64_t OK
[LeeDoYuJae]width of intptr_t OK
[LeeDoYuJae]width of uintptr_t OK
[LeeDoYuJae]width of intmax_t OK
[LeeDoYuJae]width of uintmax_t OK
[LeeDoYuJae]width of ptrdiff_t OK
[LeeDoYuJae]width of sig_atomic_t OK
[LeeDoYuJae]width of size_t OK
[LeeDoYuJae]width of wchar_t OK
[LeeDoYuJae]width of wint_t OK
